Determining if the pthread_create exist failed with the following output:
Change Dir: /home/ubuntu/ROS/nautonomous_ws4/build/nautonomous_navigation_gps/CMakeFiles/CMakeTmp

Run Build Command:"/usr/bin/make" "cmTC_2ff71/fast"
/usr/bin/make -f CMakeFiles/cmTC_2ff71.dir/build.make CMakeFiles/cmTC_2ff71.dir/build
make[1]: Entering directory '/home/ubuntu/ROS/nautonomous_ws4/build/nautonomous_navigation_gps/CMakeFiles/CMakeTmp'
Building C object CMakeFiles/cmTC_2ff71.dir/CheckSymbolExists.c.o
/usr/bin/cc     -o CMakeFiles/cmTC_2ff71.dir/CheckSymbolExists.c.o   -c /home/ubuntu/ROS/nautonomous_ws4/build/nautonomous_navigation_gps/CMakeFiles/CMakeTmp/CheckSymbolExists.c
Linking C executable cmTC_2ff71
/usr/bin/cmake -E cmake_link_script CMakeFiles/cmTC_2ff71.dir/link.txt --verbose=1
/usr/bin/cc       CMakeFiles/cmTC_2ff71.dir/CheckSymbolExists.c.o  -o cmTC_2ff71 -rdynamic 
CMakeFiles/cmTC_2ff71.dir/CheckSymbolExists.c.o: In function `main':
CheckSymbolExists.c:(.text+0x14): undefined reference to `pthread_create'
CheckSymbolExists.c:(.text+0x18): undefined reference to `pthread_create'
collect2: error: ld returned 1 exit status
CMakeFiles/cmTC_2ff71.dir/build.make:97: recipe for target 'cmTC_2ff71' failed
make[1]: *** [cmTC_2ff71] Error 1
make[1]: Leaving directory '/home/ubuntu/ROS/nautonomous_ws4/build/nautonomous_navigation_gps/CMakeFiles/CMakeTmp'
Makefile:126: recipe for target 'cmTC_2ff71/fast' failed
make: *** [cmTC_2ff71/fast] Error 2

File /home/ubuntu/ROS/nautonomous_ws4/build/nautonomous_navigation_gps/CMakeFiles/CMakeTmp/CheckSymbolExists.c:
/* */
#include <pthread.h>

int main(int argc, char** argv)
{
  (void)argv;
#ifndef pthread_create
  return ((int*)(&pthread_create))[argc];
#else
  (void)argc;
  return 0;
#endif
}

Determining if the function pthread_create exists in the pthreads failed with the following output:
Change Dir: /home/ubuntu/ROS/nautonomous_ws4/build/nautonomous_navigation_gps/CMakeFiles/CMakeTmp

Run Build Command:"/usr/bin/make" "cmTC_daf3d/fast"
/usr/bin/make -f CMakeFiles/cmTC_daf3d.dir/build.make CMakeFiles/cmTC_daf3d.dir/build
make[1]: Entering directory '/home/ubuntu/ROS/nautonomous_ws4/build/nautonomous_navigation_gps/CMakeFiles/CMakeTmp'
Building C object CMakeFiles/cmTC_daf3d.dir/CheckFunctionExists.c.o
/usr/bin/cc    -DCHECK_FUNCTION_EXISTS=pthread_create   -o CMakeFiles/cmTC_daf3d.dir/CheckFunctionExists.c.o   -c /usr/share/cmake-3.5/Modules/CheckFunctionExists.c
Linking C executable cmTC_daf3d
/usr/bin/cmake -E cmake_link_script CMakeFiles/cmTC_daf3d.dir/link.txt --verbose=1
/usr/bin/cc   -DCHECK_FUNCTION_EXISTS=pthread_create    CMakeFiles/cmTC_daf3d.dir/CheckFunctionExists.c.o  -o cmTC_daf3d -rdynamic -lpthreads 
/usr/bin/ld: cannot find -lpthreads
collect2: error: ld returned 1 exit status
CMakeFiles/cmTC_daf3d.dir/build.make:97: recipe for target 'cmTC_daf3d' failed
make[1]: *** [cmTC_daf3d] Error 1
make[1]: Leaving directory '/home/ubuntu/ROS/nautonomous_ws4/build/nautonomous_navigation_gps/CMakeFiles/CMakeTmp'
Makefile:126: recipe for target 'cmTC_daf3d/fast' failed
make: *** [cmTC_daf3d/fast] Error 2


