Symlinking /home/ubuntu/ROS/nautonomous_ws5/WaternetNautonomous/devel/include/nautonomous_logging_msgs/LogGPS.h
Symlinking /home/ubuntu/ROS/nautonomous_ws5/WaternetNautonomous/devel/lib/python2.7/dist-packages/nautonomous_logging_msgs/__init__.py
Symlinking /home/ubuntu/ROS/nautonomous_ws5/WaternetNautonomous/devel/lib/python2.7/dist-packages/nautonomous_logging_msgs/msg/_LogGPS.py
Symlinking /home/ubuntu/ROS/nautonomous_ws5/WaternetNautonomous/devel/lib/python2.7/dist-packages/nautonomous_logging_msgs/msg/__init__.py
Symlinking /home/ubuntu/ROS/nautonomous_ws5/WaternetNautonomous/devel/lib/pkgconfig/nautonomous_logging_msgs.pc
Symlinking /home/ubuntu/ROS/nautonomous_ws5/WaternetNautonomous/devel/share/common-lisp/ros/nautonomous_logging_msgs/msg/_package.lisp
Symlinking /home/ubuntu/ROS/nautonomous_ws5/WaternetNautonomous/devel/share/common-lisp/ros/nautonomous_logging_msgs/msg/LogGPS.lisp
Symlinking /home/ubuntu/ROS/nautonomous_ws5/WaternetNautonomous/devel/share/common-lisp/ros/nautonomous_logging_msgs/msg/_package_LogGPS.lisp
Symlinking /home/ubuntu/ROS/nautonomous_ws5/WaternetNautonomous/devel/share/common-lisp/ros/nautonomous_logging_msgs/msg/nautonomous_logging_msgs-msg.asd
Symlinking /home/ubuntu/ROS/nautonomous_ws5/WaternetNautonomous/devel/share/nautonomous_logging_msgs/cmake/nautonomous_logging_msgs-msg-paths.cmake
Symlinking /home/ubuntu/ROS/nautonomous_ws5/WaternetNautonomous/devel/share/nautonomous_logging_msgs/cmake/nautonomous_logging_msgs-msg-extras.cmake
Symlinking /home/ubuntu/ROS/nautonomous_ws5/WaternetNautonomous/devel/share/nautonomous_logging_msgs/cmake/nautonomous_logging_msgsConfig.cmake
Symlinking /home/ubuntu/ROS/nautonomous_ws5/WaternetNautonomous/devel/share/nautonomous_logging_msgs/cmake/nautonomous_logging_msgsConfig-version.cmake
Symlinking /home/ubuntu/ROS/nautonomous_ws5/WaternetNautonomous/devel/share/gennodejs/ros/nautonomous_logging_msgs/base_serialize.js
Symlinking /home/ubuntu/ROS/nautonomous_ws5/WaternetNautonomous/devel/share/gennodejs/ros/nautonomous_logging_msgs/base_deserialize.js
Symlinking /home/ubuntu/ROS/nautonomous_ws5/WaternetNautonomous/devel/share/gennodejs/ros/nautonomous_logging_msgs/find.js
Symlinking /home/ubuntu/ROS/nautonomous_ws5/WaternetNautonomous/devel/share/gennodejs/ros/nautonomous_logging_msgs/_index.js
Symlinking /home/ubuntu/ROS/nautonomous_ws5/WaternetNautonomous/devel/share/gennodejs/ros/nautonomous_logging_msgs/msg/LogGPS.js
Symlinking /home/ubuntu/ROS/nautonomous_ws5/WaternetNautonomous/devel/share/gennodejs/ros/nautonomous_logging_msgs/msg/_index.js
Symlinking /home/ubuntu/ROS/nautonomous_ws5/WaternetNautonomous/devel/share/roseus/ros/nautonomous_logging_msgs/manifest.l
Symlinking /home/ubuntu/ROS/nautonomous_ws5/WaternetNautonomous/devel/share/roseus/ros/nautonomous_logging_msgs/msg/LogGPS.l
