Linked: (/home/ubuntu/ROS/nautonomous_ws5/WaternetNautonomous/devel/.private/nautonomous_logging_msgs/include/nautonomous_logging_msgs/LogGPS.h, /home/ubuntu/ROS/nautonomous_ws5/WaternetNautonomous/devel/include/nautonomous_logging_msgs/LogGPS.h)
Linked: (/home/ubuntu/ROS/nautonomous_ws5/WaternetNautonomous/devel/.private/nautonomous_logging_msgs/lib/python2.7/dist-packages/nautonomous_logging_msgs/__init__.py, /home/ubuntu/ROS/nautonomous_ws5/WaternetNautonomous/devel/lib/python2.7/dist-packages/nautonomous_logging_msgs/__init__.py)
Linked: (/home/ubuntu/ROS/nautonomous_ws5/WaternetNautonomous/devel/.private/nautonomous_logging_msgs/lib/python2.7/dist-packages/nautonomous_logging_msgs/msg/_LogGPS.py, /home/ubuntu/ROS/nautonomous_ws5/WaternetNautonomous/devel/lib/python2.7/dist-packages/nautonomous_logging_msgs/msg/_LogGPS.py)
Linked: (/home/ubuntu/ROS/nautonomous_ws5/WaternetNautonomous/devel/.private/nautonomous_logging_msgs/lib/python2.7/dist-packages/nautonomous_logging_msgs/msg/__init__.py, /home/ubuntu/ROS/nautonomous_ws5/WaternetNautonomous/devel/lib/python2.7/dist-packages/nautonomous_logging_msgs/msg/__init__.py)
Linked: (/home/ubuntu/ROS/nautonomous_ws5/WaternetNautonomous/devel/.private/nautonomous_logging_msgs/lib/pkgconfig/nautonomous_logging_msgs.pc, /home/ubuntu/ROS/nautonomous_ws5/WaternetNautonomous/devel/lib/pkgconfig/nautonomous_logging_msgs.pc)
Linked: (/home/ubuntu/ROS/nautonomous_ws5/WaternetNautonomous/devel/.private/nautonomous_logging_msgs/share/common-lisp/ros/nautonomous_logging_msgs/msg/_package.lisp, /home/ubuntu/ROS/nautonomous_ws5/WaternetNautonomous/devel/share/common-lisp/ros/nautonomous_logging_msgs/msg/_package.lisp)
Linked: (/home/ubuntu/ROS/nautonomous_ws5/WaternetNautonomous/devel/.private/nautonomous_logging_msgs/share/common-lisp/ros/nautonomous_logging_msgs/msg/LogGPS.lisp, /home/ubuntu/ROS/nautonomous_ws5/WaternetNautonomous/devel/share/common-lisp/ros/nautonomous_logging_msgs/msg/LogGPS.lisp)
Linked: (/home/ubuntu/ROS/nautonomous_ws5/WaternetNautonomous/devel/.private/nautonomous_logging_msgs/share/common-lisp/ros/nautonomous_logging_msgs/msg/_package_LogGPS.lisp, /home/ubuntu/ROS/nautonomous_ws5/WaternetNautonomous/devel/share/common-lisp/ros/nautonomous_logging_msgs/msg/_package_LogGPS.lisp)
Linked: (/home/ubuntu/ROS/nautonomous_ws5/WaternetNautonomous/devel/.private/nautonomous_logging_msgs/share/common-lisp/ros/nautonomous_logging_msgs/msg/nautonomous_logging_msgs-msg.asd, /home/ubuntu/ROS/nautonomous_ws5/WaternetNautonomous/devel/share/common-lisp/ros/nautonomous_logging_msgs/msg/nautonomous_logging_msgs-msg.asd)
Linked: (/home/ubuntu/ROS/nautonomous_ws5/WaternetNautonomous/devel/.private/nautonomous_logging_msgs/share/nautonomous_logging_msgs/cmake/nautonomous_logging_msgs-msg-paths.cmake, /home/ubuntu/ROS/nautonomous_ws5/WaternetNautonomous/devel/share/nautonomous_logging_msgs/cmake/nautonomous_logging_msgs-msg-paths.cmake)
Linked: (/home/ubuntu/ROS/nautonomous_ws5/WaternetNautonomous/devel/.private/nautonomous_logging_msgs/share/nautonomous_logging_msgs/cmake/nautonomous_logging_msgs-msg-extras.cmake, /home/ubuntu/ROS/nautonomous_ws5/WaternetNautonomous/devel/share/nautonomous_logging_msgs/cmake/nautonomous_logging_msgs-msg-extras.cmake)
Linked: (/home/ubuntu/ROS/nautonomous_ws5/WaternetNautonomous/devel/.private/nautonomous_logging_msgs/share/nautonomous_logging_msgs/cmake/nautonomous_logging_msgsConfig.cmake, /home/ubuntu/ROS/nautonomous_ws5/WaternetNautonomous/devel/share/nautonomous_logging_msgs/cmake/nautonomous_logging_msgsConfig.cmake)
Linked: (/home/ubuntu/ROS/nautonomous_ws5/WaternetNautonomous/devel/.private/nautonomous_logging_msgs/share/nautonomous_logging_msgs/cmake/nautonomous_logging_msgsConfig-version.cmake, /home/ubuntu/ROS/nautonomous_ws5/WaternetNautonomous/devel/share/nautonomous_logging_msgs/cmake/nautonomous_logging_msgsConfig-version.cmake)
Linked: (/home/ubuntu/ROS/nautonomous_ws5/WaternetNautonomous/devel/.private/nautonomous_logging_msgs/share/gennodejs/ros/nautonomous_logging_msgs/base_serialize.js, /home/ubuntu/ROS/nautonomous_ws5/WaternetNautonomous/devel/share/gennodejs/ros/nautonomous_logging_msgs/base_serialize.js)
Linked: (/home/ubuntu/ROS/nautonomous_ws5/WaternetNautonomous/devel/.private/nautonomous_logging_msgs/share/gennodejs/ros/nautonomous_logging_msgs/base_deserialize.js, /home/ubuntu/ROS/nautonomous_ws5/WaternetNautonomous/devel/share/gennodejs/ros/nautonomous_logging_msgs/base_deserialize.js)
Linked: (/home/ubuntu/ROS/nautonomous_ws5/WaternetNautonomous/devel/.private/nautonomous_logging_msgs/share/gennodejs/ros/nautonomous_logging_msgs/find.js, /home/ubuntu/ROS/nautonomous_ws5/WaternetNautonomous/devel/share/gennodejs/ros/nautonomous_logging_msgs/find.js)
Linked: (/home/ubuntu/ROS/nautonomous_ws5/WaternetNautonomous/devel/.private/nautonomous_logging_msgs/share/gennodejs/ros/nautonomous_logging_msgs/_index.js, /home/ubuntu/ROS/nautonomous_ws5/WaternetNautonomous/devel/share/gennodejs/ros/nautonomous_logging_msgs/_index.js)
Linked: (/home/ubuntu/ROS/nautonomous_ws5/WaternetNautonomous/devel/.private/nautonomous_logging_msgs/share/gennodejs/ros/nautonomous_logging_msgs/msg/LogGPS.js, /home/ubuntu/ROS/nautonomous_ws5/WaternetNautonomous/devel/share/gennodejs/ros/nautonomous_logging_msgs/msg/LogGPS.js)
Linked: (/home/ubuntu/ROS/nautonomous_ws5/WaternetNautonomous/devel/.private/nautonomous_logging_msgs/share/gennodejs/ros/nautonomous_logging_msgs/msg/_index.js, /home/ubuntu/ROS/nautonomous_ws5/WaternetNautonomous/devel/share/gennodejs/ros/nautonomous_logging_msgs/msg/_index.js)
Linked: (/home/ubuntu/ROS/nautonomous_ws5/WaternetNautonomous/devel/.private/nautonomous_logging_msgs/share/roseus/ros/nautonomous_logging_msgs/manifest.l, /home/ubuntu/ROS/nautonomous_ws5/WaternetNautonomous/devel/share/roseus/ros/nautonomous_logging_msgs/manifest.l)
Linked: (/home/ubuntu/ROS/nautonomous_ws5/WaternetNautonomous/devel/.private/nautonomous_logging_msgs/share/roseus/ros/nautonomous_logging_msgs/msg/LogGPS.l, /home/ubuntu/ROS/nautonomous_ws5/WaternetNautonomous/devel/share/roseus/ros/nautonomous_logging_msgs/msg/LogGPS.l)
