Determining if the pthread_create exist failed with the following output:
Change Dir: /home/ubuntu/ROS/nautonomous_ws4/build/ublox_msgs/CMakeFiles/CMakeTmp

Run Build Command:"/usr/bin/make" "cmTC_70afc/fast"
/usr/bin/make -f CMakeFiles/cmTC_70afc.dir/build.make CMakeFiles/cmTC_70afc.dir/build
make[1]: Entering directory '/home/ubuntu/ROS/nautonomous_ws4/build/ublox_msgs/CMakeFiles/CMakeTmp'
Building C object CMakeFiles/cmTC_70afc.dir/CheckSymbolExists.c.o
/usr/bin/cc     -o CMakeFiles/cmTC_70afc.dir/CheckSymbolExists.c.o   -c /home/ubuntu/ROS/nautonomous_ws4/build/ublox_msgs/CMakeFiles/CMakeTmp/CheckSymbolExists.c
Linking C executable cmTC_70afc
/usr/bin/cmake -E cmake_link_script CMakeFiles/cmTC_70afc.dir/link.txt --verbose=1
/usr/bin/cc       CMakeFiles/cmTC_70afc.dir/CheckSymbolExists.c.o  -o cmTC_70afc -rdynamic 
CMakeFiles/cmTC_70afc.dir/CheckSymbolExists.c.o: In function `main':
CheckSymbolExists.c:(.text+0x14): undefined reference to `pthread_create'
CheckSymbolExists.c:(.text+0x18): undefined reference to `pthread_create'
collect2: error: ld returned 1 exit status
CMakeFiles/cmTC_70afc.dir/build.make:97: recipe for target 'cmTC_70afc' failed
make[1]: *** [cmTC_70afc] Error 1
make[1]: Leaving directory '/home/ubuntu/ROS/nautonomous_ws4/build/ublox_msgs/CMakeFiles/CMakeTmp'
Makefile:126: recipe for target 'cmTC_70afc/fast' failed
make: *** [cmTC_70afc/fast] Error 2

File /home/ubuntu/ROS/nautonomous_ws4/build/ublox_msgs/CMakeFiles/CMakeTmp/CheckSymbolExists.c:
/* */
#include <pthread.h>

int main(int argc, char** argv)
{
  (void)argv;
#ifndef pthread_create
  return ((int*)(&pthread_create))[argc];
#else
  (void)argc;
  return 0;
#endif
}

Determining if the function pthread_create exists in the pthreads failed with the following output:
Change Dir: /home/ubuntu/ROS/nautonomous_ws4/build/ublox_msgs/CMakeFiles/CMakeTmp

Run Build Command:"/usr/bin/make" "cmTC_986a0/fast"
/usr/bin/make -f CMakeFiles/cmTC_986a0.dir/build.make CMakeFiles/cmTC_986a0.dir/build
make[1]: Entering directory '/home/ubuntu/ROS/nautonomous_ws4/build/ublox_msgs/CMakeFiles/CMakeTmp'
Building C object CMakeFiles/cmTC_986a0.dir/CheckFunctionExists.c.o
/usr/bin/cc    -DCHECK_FUNCTION_EXISTS=pthread_create   -o CMakeFiles/cmTC_986a0.dir/CheckFunctionExists.c.o   -c /usr/share/cmake-3.5/Modules/CheckFunctionExists.c
Linking C executable cmTC_986a0
/usr/bin/cmake -E cmake_link_script CMakeFiles/cmTC_986a0.dir/link.txt --verbose=1
/usr/bin/cc   -DCHECK_FUNCTION_EXISTS=pthread_create    CMakeFiles/cmTC_986a0.dir/CheckFunctionExists.c.o  -o cmTC_986a0 -rdynamic -lpthreads 
/usr/bin/ld: cannot find -lpthreads
collect2: error: ld returned 1 exit status
CMakeFiles/cmTC_986a0.dir/build.make:97: recipe for target 'cmTC_986a0' failed
make[1]: *** [cmTC_986a0] Error 1
make[1]: Leaving directory '/home/ubuntu/ROS/nautonomous_ws4/build/ublox_msgs/CMakeFiles/CMakeTmp'
Makefile:126: recipe for target 'cmTC_986a0/fast' failed
make: *** [cmTC_986a0/fast] Error 2


