Determining if the pthread_create exist failed with the following output:
Change Dir: /home/ubuntu/ROS/nautonomous_ws5/WaternetNautonomous/build/nautonomous_actuation_simulator/CMakeFiles/CMakeTmp

Run Build Command:"/usr/bin/make" "cmTC_5b376/fast"
/usr/bin/make -f CMakeFiles/cmTC_5b376.dir/build.make CMakeFiles/cmTC_5b376.dir/build
make[1]: Entering directory '/home/ubuntu/ROS/nautonomous_ws5/WaternetNautonomous/build/nautonomous_actuation_simulator/CMakeFiles/CMakeTmp'
Building C object CMakeFiles/cmTC_5b376.dir/CheckSymbolExists.c.o
/usr/bin/cc     -o CMakeFiles/cmTC_5b376.dir/CheckSymbolExists.c.o   -c /home/ubuntu/ROS/nautonomous_ws5/WaternetNautonomous/build/nautonomous_actuation_simulator/CMakeFiles/CMakeTmp/CheckSymbolExists.c
Linking C executable cmTC_5b376
/usr/bin/cmake -E cmake_link_script CMakeFiles/cmTC_5b376.dir/link.txt --verbose=1
/usr/bin/cc       CMakeFiles/cmTC_5b376.dir/CheckSymbolExists.c.o  -o cmTC_5b376 -rdynamic 
CMakeFiles/cmTC_5b376.dir/CheckSymbolExists.c.o: In function `main':
CheckSymbolExists.c:(.text+0x14): undefined reference to `pthread_create'
CheckSymbolExists.c:(.text+0x18): undefined reference to `pthread_create'
collect2: error: ld returned 1 exit status
CMakeFiles/cmTC_5b376.dir/build.make:97: recipe for target 'cmTC_5b376' failed
make[1]: *** [cmTC_5b376] Error 1
make[1]: Leaving directory '/home/ubuntu/ROS/nautonomous_ws5/WaternetNautonomous/build/nautonomous_actuation_simulator/CMakeFiles/CMakeTmp'
Makefile:126: recipe for target 'cmTC_5b376/fast' failed
make: *** [cmTC_5b376/fast] Error 2

File /home/ubuntu/ROS/nautonomous_ws5/WaternetNautonomous/build/nautonomous_actuation_simulator/CMakeFiles/CMakeTmp/CheckSymbolExists.c:
/* */
#include <pthread.h>

int main(int argc, char** argv)
{
  (void)argv;
#ifndef pthread_create
  return ((int*)(&pthread_create))[argc];
#else
  (void)argc;
  return 0;
#endif
}

Determining if the function pthread_create exists in the pthreads failed with the following output:
Change Dir: /home/ubuntu/ROS/nautonomous_ws5/WaternetNautonomous/build/nautonomous_actuation_simulator/CMakeFiles/CMakeTmp

Run Build Command:"/usr/bin/make" "cmTC_0266f/fast"
/usr/bin/make -f CMakeFiles/cmTC_0266f.dir/build.make CMakeFiles/cmTC_0266f.dir/build
make[1]: Entering directory '/home/ubuntu/ROS/nautonomous_ws5/WaternetNautonomous/build/nautonomous_actuation_simulator/CMakeFiles/CMakeTmp'
Building C object CMakeFiles/cmTC_0266f.dir/CheckFunctionExists.c.o
/usr/bin/cc    -DCHECK_FUNCTION_EXISTS=pthread_create   -o CMakeFiles/cmTC_0266f.dir/CheckFunctionExists.c.o   -c /usr/share/cmake-3.5/Modules/CheckFunctionExists.c
Linking C executable cmTC_0266f
/usr/bin/cmake -E cmake_link_script CMakeFiles/cmTC_0266f.dir/link.txt --verbose=1
/usr/bin/cc   -DCHECK_FUNCTION_EXISTS=pthread_create    CMakeFiles/cmTC_0266f.dir/CheckFunctionExists.c.o  -o cmTC_0266f -rdynamic -lpthreads 
/usr/bin/ld: cannot find -lpthreads
collect2: error: ld returned 1 exit status
CMakeFiles/cmTC_0266f.dir/build.make:97: recipe for target 'cmTC_0266f' failed
make[1]: *** [cmTC_0266f] Error 1
make[1]: Leaving directory '/home/ubuntu/ROS/nautonomous_ws5/WaternetNautonomous/build/nautonomous_actuation_simulator/CMakeFiles/CMakeTmp'
Makefile:126: recipe for target 'cmTC_0266f/fast' failed
make: *** [cmTC_0266f/fast] Error 2


