[  0%] Built target _nautonomous_operation_action_client_generate_messages_check_deps_MissionResult
[  0%] Built target _nautonomous_operation_action_client_generate_messages_check_deps_MissionActionGoal
[  0%] Built target _nautonomous_operation_action_client_generate_messages_check_deps_Operation
[  0%] Built target _nautonomous_operation_action_client_generate_messages_check_deps_MissionActionResult
[  0%] Built target std_msgs_generate_messages_eus
[  0%] Built target _nautonomous_operation_action_client_generate_messages_check_deps_MissionActionFeedback
[  0%] Built target _nautonomous_operation_action_client_generate_messages_check_deps_Status
[  0%] Built target _nautonomous_operation_action_client_generate_messages_check_deps_MissionAction
[  0%] Built target geometry_msgs_generate_messages_eus
[  0%] Built target _nautonomous_operation_action_client_generate_messages_check_deps_MissionGoal
[  0%] Built target geometry_msgs_generate_messages_py
[  0%] Built target actionlib_msgs_generate_messages_eus
[  0%] Built target std_msgs_generate_messages_py
[  0%] Built target actionlib_msgs_generate_messages_py
[  0%] Built target _nautonomous_operation_action_client_generate_messages_check_deps_MissionFeedback
[  0%] Built target geometry_msgs_generate_messages_cpp
[  0%] Built target std_msgs_generate_messages_cpp
[  0%] Built target std_msgs_generate_messages_nodejs
[  0%] Built target actionlib_msgs_generate_messages_nodejs
[  0%] Built target actionlib_msgs_generate_messages_cpp
[  0%] Built target geometry_msgs_generate_messages_nodejs
[  0%] Built target geometry_msgs_generate_messages_lisp
[  0%] Built target std_msgs_generate_messages_lisp
[  0%] Built target actionlib_msgs_generate_messages_lisp
[  3%] Built target move_base_action_client
[  3%] Built target sensor_msgs_generate_messages_py
[  3%] Built target tf2_msgs_generate_messages_nodejs
[  3%] Built target tf2_msgs_generate_messages_eus
[  3%] Built target tf2_msgs_generate_messages_lisp
[  3%] Built target actionlib_generate_messages_eus
[  3%] Built target roscpp_generate_messages_lisp
[  3%] Built target tf2_msgs_generate_messages_py
[  3%] Built target rosgraph_msgs_generate_messages_lisp
[  3%] Built target roscpp_generate_messages_nodejs
[  3%] Built target rosgraph_msgs_generate_messages_nodejs
[  3%] Built target tf_generate_messages_eus
[  3%] Built target rosgraph_msgs_generate_messages_cpp
[  3%] Built target tf2_msgs_generate_messages_cpp
[  3%] Built target tf_generate_messages_cpp
[  3%] Built target roscpp_generate_messages_eus
[  3%] Built target roscpp_generate_messages_cpp
[  3%] Built target rosgraph_msgs_generate_messages_eus
[  3%] Built target actionlib_generate_messages_lisp
[  3%] Built target actionlib_generate_messages_py
[  3%] Built target sensor_msgs_generate_messages_nodejs
[  3%] Built target rosgraph_msgs_generate_messages_py
[  3%] Built target tf_generate_messages_lisp
[  3%] Built target roscpp_generate_messages_py
[  3%] Built target tf_generate_messages_nodejs
[  3%] Built target tf_generate_messages_py
[  3%] Built target sensor_msgs_generate_messages_cpp
[  3%] Built target actionlib_generate_messages_nodejs
[  3%] Built target sensor_msgs_generate_messages_eus
[  3%] Built target sensor_msgs_generate_messages_lisp
[  3%] Built target actionlib_generate_messages_cpp
[ 22%] Built target nautonomous_operation_action_client_generate_messages_py
[ 41%] Built target nautonomous_operation_action_client_generate_messages_eus
[ 58%] Built target nautonomous_operation_action_client_generate_messages_cpp
[ 75%] Built target nautonomous_operation_action_client_generate_messages_nodejs
[ 92%] Built target nautonomous_operation_action_client_generate_messages_lisp
[ 96%] Built target mission_server
[ 96%] Built target nautonomous_operation_action_client_generate_messages
[35m[1mScanning dependencies of target operation_manager[0m
[ 98%] [32mBuilding CXX object CMakeFiles/operation_manager.dir/src/OperationManager.cpp.o[0m
[01m[K/home/ubuntu/ROS/nautonomous_ws4/src/WaternetNautonomous/WaternetNautonomousOperation/nautonomous_operation_action/src/OperationManager.cpp:[m[K In function ‘[01m[Kint main(int, char**)[m[K’:
[01m[K/home/ubuntu/ROS/nautonomous_ws4/src/WaternetNautonomous/WaternetNautonomousOperation/nautonomous_operation_action/src/OperationManager.cpp:31:3:[m[K [01;31m[Kerror: [m[K‘[01m[Kserver[m[K’ was not declared in this scope
   server.getNextGoal();
[01;32m[K   ^[m[K
CMakeFiles/operation_manager.dir/build.make:62: recipe for target 'CMakeFiles/operation_manager.dir/src/OperationManager.cpp.o' failed
CMakeFiles/Makefile2:1770: recipe for target 'CMakeFiles/operation_manager.dir/all' failed
Makefile:138: recipe for target 'all' failed
make[2]: *** [CMakeFiles/operation_manager.dir/src/OperationManager.cpp.o] Error 1
make[1]: *** [CMakeFiles/operation_manager.dir/all] Error 2
make: *** [all] Error 2
