Linked: (/home/ubuntu/ROS/nautonomous_ws4/devel/.private/nautonomous_operation_action_client/include/nautonomous_operation_action_client/MissionAction.h, /home/ubuntu/ROS/nautonomous_ws4/devel/include/nautonomous_operation_action_client/MissionAction.h)
Linked: (/home/ubuntu/ROS/nautonomous_ws4/devel/.private/nautonomous_operation_action_client/include/nautonomous_operation_action_client/MissionActionGoal.h, /home/ubuntu/ROS/nautonomous_ws4/devel/include/nautonomous_operation_action_client/MissionActionGoal.h)
Linked: (/home/ubuntu/ROS/nautonomous_ws4/devel/.private/nautonomous_operation_action_client/include/nautonomous_operation_action_client/Operation.h, /home/ubuntu/ROS/nautonomous_ws4/devel/include/nautonomous_operation_action_client/Operation.h)
Linked: (/home/ubuntu/ROS/nautonomous_ws4/devel/.private/nautonomous_operation_action_client/include/nautonomous_operation_action_client/MissionActionResult.h, /home/ubuntu/ROS/nautonomous_ws4/devel/include/nautonomous_operation_action_client/MissionActionResult.h)
Linked: (/home/ubuntu/ROS/nautonomous_ws4/devel/.private/nautonomous_operation_action_client/include/nautonomous_operation_action_client/MissionActionFeedback.h, /home/ubuntu/ROS/nautonomous_ws4/devel/include/nautonomous_operation_action_client/MissionActionFeedback.h)
Linked: (/home/ubuntu/ROS/nautonomous_ws4/devel/.private/nautonomous_operation_action_client/include/nautonomous_operation_action_client/Status.h, /home/ubuntu/ROS/nautonomous_ws4/devel/include/nautonomous_operation_action_client/Status.h)
Linked: (/home/ubuntu/ROS/nautonomous_ws4/devel/.private/nautonomous_operation_action_client/include/nautonomous_operation_action_client/MissionFeedback.h, /home/ubuntu/ROS/nautonomous_ws4/devel/include/nautonomous_operation_action_client/MissionFeedback.h)
Linked: (/home/ubuntu/ROS/nautonomous_ws4/devel/.private/nautonomous_operation_action_client/include/nautonomous_operation_action_client/MissionGoal.h, /home/ubuntu/ROS/nautonomous_ws4/devel/include/nautonomous_operation_action_client/MissionGoal.h)
Linked: (/home/ubuntu/ROS/nautonomous_ws4/devel/.private/nautonomous_operation_action_client/include/nautonomous_operation_action_client/MissionResult.h, /home/ubuntu/ROS/nautonomous_ws4/devel/include/nautonomous_operation_action_client/MissionResult.h)
Linked: (/home/ubuntu/ROS/nautonomous_ws4/devel/.private/nautonomous_operation_action_client/lib/libmove_base_action_client.so, /home/ubuntu/ROS/nautonomous_ws4/devel/lib/libmove_base_action_client.so)
Linked: (/home/ubuntu/ROS/nautonomous_ws4/devel/.private/nautonomous_operation_action_client/lib/libmission_server.so, /home/ubuntu/ROS/nautonomous_ws4/devel/lib/libmission_server.so)
Linked: (/home/ubuntu/ROS/nautonomous_ws4/devel/.private/nautonomous_operation_action_client/lib/python2.7/dist-packages/nautonomous_operation_action_client/__init__.py, /home/ubuntu/ROS/nautonomous_ws4/devel/lib/python2.7/dist-packages/nautonomous_operation_action_client/__init__.py)
Linked: (/home/ubuntu/ROS/nautonomous_ws4/devel/.private/nautonomous_operation_action_client/lib/python2.7/dist-packages/nautonomous_operation_action_client/msg/_MissionActionGoal.py, /home/ubuntu/ROS/nautonomous_ws4/devel/lib/python2.7/dist-packages/nautonomous_operation_action_client/msg/_MissionActionGoal.py)
Linked: (/home/ubuntu/ROS/nautonomous_ws4/devel/.private/nautonomous_operation_action_client/lib/python2.7/dist-packages/nautonomous_operation_action_client/msg/_MissionActionFeedback.py, /home/ubuntu/ROS/nautonomous_ws4/devel/lib/python2.7/dist-packages/nautonomous_operation_action_client/msg/_MissionActionFeedback.py)
Linked: (/home/ubuntu/ROS/nautonomous_ws4/devel/.private/nautonomous_operation_action_client/lib/python2.7/dist-packages/nautonomous_operation_action_client/msg/_Status.py, /home/ubuntu/ROS/nautonomous_ws4/devel/lib/python2.7/dist-packages/nautonomous_operation_action_client/msg/_Status.py)
Linked: (/home/ubuntu/ROS/nautonomous_ws4/devel/.private/nautonomous_operation_action_client/lib/python2.7/dist-packages/nautonomous_operation_action_client/msg/_MissionAction.py, /home/ubuntu/ROS/nautonomous_ws4/devel/lib/python2.7/dist-packages/nautonomous_operation_action_client/msg/_MissionAction.py)
Linked: (/home/ubuntu/ROS/nautonomous_ws4/devel/.private/nautonomous_operation_action_client/lib/python2.7/dist-packages/nautonomous_operation_action_client/msg/_MissionActionResult.py, /home/ubuntu/ROS/nautonomous_ws4/devel/lib/python2.7/dist-packages/nautonomous_operation_action_client/msg/_MissionActionResult.py)
Linked: (/home/ubuntu/ROS/nautonomous_ws4/devel/.private/nautonomous_operation_action_client/lib/python2.7/dist-packages/nautonomous_operation_action_client/msg/_Operation.py, /home/ubuntu/ROS/nautonomous_ws4/devel/lib/python2.7/dist-packages/nautonomous_operation_action_client/msg/_Operation.py)
Linked: (/home/ubuntu/ROS/nautonomous_ws4/devel/.private/nautonomous_operation_action_client/lib/python2.7/dist-packages/nautonomous_operation_action_client/msg/_MissionResult.py, /home/ubuntu/ROS/nautonomous_ws4/devel/lib/python2.7/dist-packages/nautonomous_operation_action_client/msg/_MissionResult.py)
Linked: (/home/ubuntu/ROS/nautonomous_ws4/devel/.private/nautonomous_operation_action_client/lib/python2.7/dist-packages/nautonomous_operation_action_client/msg/__init__.py, /home/ubuntu/ROS/nautonomous_ws4/devel/lib/python2.7/dist-packages/nautonomous_operation_action_client/msg/__init__.py)
Linked: (/home/ubuntu/ROS/nautonomous_ws4/devel/.private/nautonomous_operation_action_client/lib/python2.7/dist-packages/nautonomous_operation_action_client/msg/_MissionFeedback.py, /home/ubuntu/ROS/nautonomous_ws4/devel/lib/python2.7/dist-packages/nautonomous_operation_action_client/msg/_MissionFeedback.py)
Linked: (/home/ubuntu/ROS/nautonomous_ws4/devel/.private/nautonomous_operation_action_client/lib/python2.7/dist-packages/nautonomous_operation_action_client/msg/_MissionGoal.py, /home/ubuntu/ROS/nautonomous_ws4/devel/lib/python2.7/dist-packages/nautonomous_operation_action_client/msg/_MissionGoal.py)
Linked: (/home/ubuntu/ROS/nautonomous_ws4/devel/.private/nautonomous_operation_action_client/lib/nautonomous_operation_action_client/operation_manager, /home/ubuntu/ROS/nautonomous_ws4/devel/lib/nautonomous_operation_action_client/operation_manager)
Linked: (/home/ubuntu/ROS/nautonomous_ws4/devel/.private/nautonomous_operation_action_client/lib/pkgconfig/nautonomous_operation_action_client.pc, /home/ubuntu/ROS/nautonomous_ws4/devel/lib/pkgconfig/nautonomous_operation_action_client.pc)
Linked: (/home/ubuntu/ROS/nautonomous_ws4/devel/.private/nautonomous_operation_action_client/share/common-lisp/ros/nautonomous_operation_action_client/msg/MissionActionFeedback.lisp, /home/ubuntu/ROS/nautonomous_ws4/devel/share/common-lisp/ros/nautonomous_operation_action_client/msg/MissionActionFeedback.lisp)
Linked: (/home/ubuntu/ROS/nautonomous_ws4/devel/.private/nautonomous_operation_action_client/share/common-lisp/ros/nautonomous_operation_action_client/msg/_package_MissionFeedback.lisp, /home/ubuntu/ROS/nautonomous_ws4/devel/share/common-lisp/ros/nautonomous_operation_action_client/msg/_package_MissionFeedback.lisp)
Linked: (/home/ubuntu/ROS/nautonomous_ws4/devel/.private/nautonomous_operation_action_client/share/common-lisp/ros/nautonomous_operation_action_client/msg/_package_MissionActionFeedback.lisp, /home/ubuntu/ROS/nautonomous_ws4/devel/share/common-lisp/ros/nautonomous_operation_action_client/msg/_package_MissionActionFeedback.lisp)
Linked: (/home/ubuntu/ROS/nautonomous_ws4/devel/.private/nautonomous_operation_action_client/share/common-lisp/ros/nautonomous_operation_action_client/msg/_package.lisp, /home/ubuntu/ROS/nautonomous_ws4/devel/share/common-lisp/ros/nautonomous_operation_action_client/msg/_package.lisp)
Linked: (/home/ubuntu/ROS/nautonomous_ws4/devel/.private/nautonomous_operation_action_client/share/common-lisp/ros/nautonomous_operation_action_client/msg/MissionActionResult.lisp, /home/ubuntu/ROS/nautonomous_ws4/devel/share/common-lisp/ros/nautonomous_operation_action_client/msg/MissionActionResult.lisp)
Linked: (/home/ubuntu/ROS/nautonomous_ws4/devel/.private/nautonomous_operation_action_client/share/common-lisp/ros/nautonomous_operation_action_client/msg/Status.lisp, /home/ubuntu/ROS/nautonomous_ws4/devel/share/common-lisp/ros/nautonomous_operation_action_client/msg/Status.lisp)
Linked: (/home/ubuntu/ROS/nautonomous_ws4/devel/.private/nautonomous_operation_action_client/share/common-lisp/ros/nautonomous_operation_action_client/msg/_package_MissionAction.lisp, /home/ubuntu/ROS/nautonomous_ws4/devel/share/common-lisp/ros/nautonomous_operation_action_client/msg/_package_MissionAction.lisp)
Linked: (/home/ubuntu/ROS/nautonomous_ws4/devel/.private/nautonomous_operation_action_client/share/common-lisp/ros/nautonomous_operation_action_client/msg/MissionResult.lisp, /home/ubuntu/ROS/nautonomous_ws4/devel/share/common-lisp/ros/nautonomous_operation_action_client/msg/MissionResult.lisp)
Linked: (/home/ubuntu/ROS/nautonomous_ws4/devel/.private/nautonomous_operation_action_client/share/common-lisp/ros/nautonomous_operation_action_client/msg/MissionAction.lisp, /home/ubuntu/ROS/nautonomous_ws4/devel/share/common-lisp/ros/nautonomous_operation_action_client/msg/MissionAction.lisp)
Linked: (/home/ubuntu/ROS/nautonomous_ws4/devel/.private/nautonomous_operation_action_client/share/common-lisp/ros/nautonomous_operation_action_client/msg/_package_MissionGoal.lisp, /home/ubuntu/ROS/nautonomous_ws4/devel/share/common-lisp/ros/nautonomous_operation_action_client/msg/_package_MissionGoal.lisp)
Linked: (/home/ubuntu/ROS/nautonomous_ws4/devel/.private/nautonomous_operation_action_client/share/common-lisp/ros/nautonomous_operation_action_client/msg/_package_Status.lisp, /home/ubuntu/ROS/nautonomous_ws4/devel/share/common-lisp/ros/nautonomous_operation_action_client/msg/_package_Status.lisp)
Linked: (/home/ubuntu/ROS/nautonomous_ws4/devel/.private/nautonomous_operation_action_client/share/common-lisp/ros/nautonomous_operation_action_client/msg/_package_MissionResult.lisp, /home/ubuntu/ROS/nautonomous_ws4/devel/share/common-lisp/ros/nautonomous_operation_action_client/msg/_package_MissionResult.lisp)
Linked: (/home/ubuntu/ROS/nautonomous_ws4/devel/.private/nautonomous_operation_action_client/share/common-lisp/ros/nautonomous_operation_action_client/msg/MissionFeedback.lisp, /home/ubuntu/ROS/nautonomous_ws4/devel/share/common-lisp/ros/nautonomous_operation_action_client/msg/MissionFeedback.lisp)
Linked: (/home/ubuntu/ROS/nautonomous_ws4/devel/.private/nautonomous_operation_action_client/share/common-lisp/ros/nautonomous_operation_action_client/msg/nautonomous_operation_action_client-msg.asd, /home/ubuntu/ROS/nautonomous_ws4/devel/share/common-lisp/ros/nautonomous_operation_action_client/msg/nautonomous_operation_action_client-msg.asd)
Linked: (/home/ubuntu/ROS/nautonomous_ws4/devel/.private/nautonomous_operation_action_client/share/common-lisp/ros/nautonomous_operation_action_client/msg/_package_MissionActionResult.lisp, /home/ubuntu/ROS/nautonomous_ws4/devel/share/common-lisp/ros/nautonomous_operation_action_client/msg/_package_MissionActionResult.lisp)
Linked: (/home/ubuntu/ROS/nautonomous_ws4/devel/.private/nautonomous_operation_action_client/share/common-lisp/ros/nautonomous_operation_action_client/msg/Operation.lisp, /home/ubuntu/ROS/nautonomous_ws4/devel/share/common-lisp/ros/nautonomous_operation_action_client/msg/Operation.lisp)
Linked: (/home/ubuntu/ROS/nautonomous_ws4/devel/.private/nautonomous_operation_action_client/share/common-lisp/ros/nautonomous_operation_action_client/msg/_package_MissionActionGoal.lisp, /home/ubuntu/ROS/nautonomous_ws4/devel/share/common-lisp/ros/nautonomous_operation_action_client/msg/_package_MissionActionGoal.lisp)
Linked: (/home/ubuntu/ROS/nautonomous_ws4/devel/.private/nautonomous_operation_action_client/share/common-lisp/ros/nautonomous_operation_action_client/msg/MissionGoal.lisp, /home/ubuntu/ROS/nautonomous_ws4/devel/share/common-lisp/ros/nautonomous_operation_action_client/msg/MissionGoal.lisp)
Linked: (/home/ubuntu/ROS/nautonomous_ws4/devel/.private/nautonomous_operation_action_client/share/common-lisp/ros/nautonomous_operation_action_client/msg/_package_Operation.lisp, /home/ubuntu/ROS/nautonomous_ws4/devel/share/common-lisp/ros/nautonomous_operation_action_client/msg/_package_Operation.lisp)
Linked: (/home/ubuntu/ROS/nautonomous_ws4/devel/.private/nautonomous_operation_action_client/share/common-lisp/ros/nautonomous_operation_action_client/msg/MissionActionGoal.lisp, /home/ubuntu/ROS/nautonomous_ws4/devel/share/common-lisp/ros/nautonomous_operation_action_client/msg/MissionActionGoal.lisp)
Linked: (/home/ubuntu/ROS/nautonomous_ws4/devel/.private/nautonomous_operation_action_client/share/nautonomous_operation_action_client/cmake/nautonomous_operation_action_client-msg-paths.cmake, /home/ubuntu/ROS/nautonomous_ws4/devel/share/nautonomous_operation_action_client/cmake/nautonomous_operation_action_client-msg-paths.cmake)
Linked: (/home/ubuntu/ROS/nautonomous_ws4/devel/.private/nautonomous_operation_action_client/share/nautonomous_operation_action_client/cmake/nautonomous_operation_action_clientConfig-version.cmake, /home/ubuntu/ROS/nautonomous_ws4/devel/share/nautonomous_operation_action_client/cmake/nautonomous_operation_action_clientConfig-version.cmake)
Linked: (/home/ubuntu/ROS/nautonomous_ws4/devel/.private/nautonomous_operation_action_client/share/nautonomous_operation_action_client/cmake/nautonomous_operation_action_client-msg-extras.cmake, /home/ubuntu/ROS/nautonomous_ws4/devel/share/nautonomous_operation_action_client/cmake/nautonomous_operation_action_client-msg-extras.cmake)
Linked: (/home/ubuntu/ROS/nautonomous_ws4/devel/.private/nautonomous_operation_action_client/share/nautonomous_operation_action_client/cmake/nautonomous_operation_action_clientConfig.cmake, /home/ubuntu/ROS/nautonomous_ws4/devel/share/nautonomous_operation_action_client/cmake/nautonomous_operation_action_clientConfig.cmake)
Linked: (/home/ubuntu/ROS/nautonomous_ws4/devel/.private/nautonomous_operation_action_client/share/nautonomous_operation_action_client/msg/MissionGoal.msg, /home/ubuntu/ROS/nautonomous_ws4/devel/share/nautonomous_operation_action_client/msg/MissionGoal.msg)
Linked: (/home/ubuntu/ROS/nautonomous_ws4/devel/.private/nautonomous_operation_action_client/share/nautonomous_operation_action_client/msg/MissionResult.msg, /home/ubuntu/ROS/nautonomous_ws4/devel/share/nautonomous_operation_action_client/msg/MissionResult.msg)
Linked: (/home/ubuntu/ROS/nautonomous_ws4/devel/.private/nautonomous_operation_action_client/share/nautonomous_operation_action_client/msg/MissionFeedback.msg, /home/ubuntu/ROS/nautonomous_ws4/devel/share/nautonomous_operation_action_client/msg/MissionFeedback.msg)
Linked: (/home/ubuntu/ROS/nautonomous_ws4/devel/.private/nautonomous_operation_action_client/share/nautonomous_operation_action_client/msg/MissionActionFeedback.msg, /home/ubuntu/ROS/nautonomous_ws4/devel/share/nautonomous_operation_action_client/msg/MissionActionFeedback.msg)
Linked: (/home/ubuntu/ROS/nautonomous_ws4/devel/.private/nautonomous_operation_action_client/share/nautonomous_operation_action_client/msg/MissionAction.msg, /home/ubuntu/ROS/nautonomous_ws4/devel/share/nautonomous_operation_action_client/msg/MissionAction.msg)
Linked: (/home/ubuntu/ROS/nautonomous_ws4/devel/.private/nautonomous_operation_action_client/share/nautonomous_operation_action_client/msg/MissionActionGoal.msg, /home/ubuntu/ROS/nautonomous_ws4/devel/share/nautonomous_operation_action_client/msg/MissionActionGoal.msg)
Linked: (/home/ubuntu/ROS/nautonomous_ws4/devel/.private/nautonomous_operation_action_client/share/nautonomous_operation_action_client/msg/MissionActionResult.msg, /home/ubuntu/ROS/nautonomous_ws4/devel/share/nautonomous_operation_action_client/msg/MissionActionResult.msg)
Linked: (/home/ubuntu/ROS/nautonomous_ws4/devel/.private/nautonomous_operation_action_client/share/gennodejs/ros/nautonomous_operation_action_client/base_serialize.js, /home/ubuntu/ROS/nautonomous_ws4/devel/share/gennodejs/ros/nautonomous_operation_action_client/base_serialize.js)
Linked: (/home/ubuntu/ROS/nautonomous_ws4/devel/.private/nautonomous_operation_action_client/share/gennodejs/ros/nautonomous_operation_action_client/base_deserialize.js, /home/ubuntu/ROS/nautonomous_ws4/devel/share/gennodejs/ros/nautonomous_operation_action_client/base_deserialize.js)
Linked: (/home/ubuntu/ROS/nautonomous_ws4/devel/.private/nautonomous_operation_action_client/share/gennodejs/ros/nautonomous_operation_action_client/find.js, /home/ubuntu/ROS/nautonomous_ws4/devel/share/gennodejs/ros/nautonomous_operation_action_client/find.js)
Linked: (/home/ubuntu/ROS/nautonomous_ws4/devel/.private/nautonomous_operation_action_client/share/gennodejs/ros/nautonomous_operation_action_client/_index.js, /home/ubuntu/ROS/nautonomous_ws4/devel/share/gennodejs/ros/nautonomous_operation_action_client/_index.js)
Linked: (/home/ubuntu/ROS/nautonomous_ws4/devel/.private/nautonomous_operation_action_client/share/gennodejs/ros/nautonomous_operation_action_client/msg/Operation.js, /home/ubuntu/ROS/nautonomous_ws4/devel/share/gennodejs/ros/nautonomous_operation_action_client/msg/Operation.js)
Linked: (/home/ubuntu/ROS/nautonomous_ws4/devel/.private/nautonomous_operation_action_client/share/gennodejs/ros/nautonomous_operation_action_client/msg/MissionGoal.js, /home/ubuntu/ROS/nautonomous_ws4/devel/share/gennodejs/ros/nautonomous_operation_action_client/msg/MissionGoal.js)
Linked: (/home/ubuntu/ROS/nautonomous_ws4/devel/.private/nautonomous_operation_action_client/share/gennodejs/ros/nautonomous_operation_action_client/msg/MissionResult.js, /home/ubuntu/ROS/nautonomous_ws4/devel/share/gennodejs/ros/nautonomous_operation_action_client/msg/MissionResult.js)
Linked: (/home/ubuntu/ROS/nautonomous_ws4/devel/.private/nautonomous_operation_action_client/share/gennodejs/ros/nautonomous_operation_action_client/msg/MissionActionResult.js, /home/ubuntu/ROS/nautonomous_ws4/devel/share/gennodejs/ros/nautonomous_operation_action_client/msg/MissionActionResult.js)
Linked: (/home/ubuntu/ROS/nautonomous_ws4/devel/.private/nautonomous_operation_action_client/share/gennodejs/ros/nautonomous_operation_action_client/msg/Status.js, /home/ubuntu/ROS/nautonomous_ws4/devel/share/gennodejs/ros/nautonomous_operation_action_client/msg/Status.js)
Linked: (/home/ubuntu/ROS/nautonomous_ws4/devel/.private/nautonomous_operation_action_client/share/gennodejs/ros/nautonomous_operation_action_client/msg/MissionActionFeedback.js, /home/ubuntu/ROS/nautonomous_ws4/devel/share/gennodejs/ros/nautonomous_operation_action_client/msg/MissionActionFeedback.js)
Linked: (/home/ubuntu/ROS/nautonomous_ws4/devel/.private/nautonomous_operation_action_client/share/gennodejs/ros/nautonomous_operation_action_client/msg/_index.js, /home/ubuntu/ROS/nautonomous_ws4/devel/share/gennodejs/ros/nautonomous_operation_action_client/msg/_index.js)
Linked: (/home/ubuntu/ROS/nautonomous_ws4/devel/.private/nautonomous_operation_action_client/share/gennodejs/ros/nautonomous_operation_action_client/msg/MissionAction.js, /home/ubuntu/ROS/nautonomous_ws4/devel/share/gennodejs/ros/nautonomous_operation_action_client/msg/MissionAction.js)
Linked: (/home/ubuntu/ROS/nautonomous_ws4/devel/.private/nautonomous_operation_action_client/share/gennodejs/ros/nautonomous_operation_action_client/msg/MissionActionGoal.js, /home/ubuntu/ROS/nautonomous_ws4/devel/share/gennodejs/ros/nautonomous_operation_action_client/msg/MissionActionGoal.js)
Linked: (/home/ubuntu/ROS/nautonomous_ws4/devel/.private/nautonomous_operation_action_client/share/gennodejs/ros/nautonomous_operation_action_client/msg/MissionFeedback.js, /home/ubuntu/ROS/nautonomous_ws4/devel/share/gennodejs/ros/nautonomous_operation_action_client/msg/MissionFeedback.js)
Linked: (/home/ubuntu/ROS/nautonomous_ws4/devel/.private/nautonomous_operation_action_client/share/roseus/ros/nautonomous_operation_action_client/manifest.l, /home/ubuntu/ROS/nautonomous_ws4/devel/share/roseus/ros/nautonomous_operation_action_client/manifest.l)
Linked: (/home/ubuntu/ROS/nautonomous_ws4/devel/.private/nautonomous_operation_action_client/share/roseus/ros/nautonomous_operation_action_client/msg/MissionGoal.l, /home/ubuntu/ROS/nautonomous_ws4/devel/share/roseus/ros/nautonomous_operation_action_client/msg/MissionGoal.l)
Linked: (/home/ubuntu/ROS/nautonomous_ws4/devel/.private/nautonomous_operation_action_client/share/roseus/ros/nautonomous_operation_action_client/msg/Operation.l, /home/ubuntu/ROS/nautonomous_ws4/devel/share/roseus/ros/nautonomous_operation_action_client/msg/Operation.l)
Linked: (/home/ubuntu/ROS/nautonomous_ws4/devel/.private/nautonomous_operation_action_client/share/roseus/ros/nautonomous_operation_action_client/msg/MissionActionResult.l, /home/ubuntu/ROS/nautonomous_ws4/devel/share/roseus/ros/nautonomous_operation_action_client/msg/MissionActionResult.l)
Linked: (/home/ubuntu/ROS/nautonomous_ws4/devel/.private/nautonomous_operation_action_client/share/roseus/ros/nautonomous_operation_action_client/msg/MissionResult.l, /home/ubuntu/ROS/nautonomous_ws4/devel/share/roseus/ros/nautonomous_operation_action_client/msg/MissionResult.l)
Linked: (/home/ubuntu/ROS/nautonomous_ws4/devel/.private/nautonomous_operation_action_client/share/roseus/ros/nautonomous_operation_action_client/msg/MissionFeedback.l, /home/ubuntu/ROS/nautonomous_ws4/devel/share/roseus/ros/nautonomous_operation_action_client/msg/MissionFeedback.l)
Linked: (/home/ubuntu/ROS/nautonomous_ws4/devel/.private/nautonomous_operation_action_client/share/roseus/ros/nautonomous_operation_action_client/msg/MissionActionFeedback.l, /home/ubuntu/ROS/nautonomous_ws4/devel/share/roseus/ros/nautonomous_operation_action_client/msg/MissionActionFeedback.l)
Linked: (/home/ubuntu/ROS/nautonomous_ws4/devel/.private/nautonomous_operation_action_client/share/roseus/ros/nautonomous_operation_action_client/msg/Status.l, /home/ubuntu/ROS/nautonomous_ws4/devel/share/roseus/ros/nautonomous_operation_action_client/msg/Status.l)
Linked: (/home/ubuntu/ROS/nautonomous_ws4/devel/.private/nautonomous_operation_action_client/share/roseus/ros/nautonomous_operation_action_client/msg/MissionAction.l, /home/ubuntu/ROS/nautonomous_ws4/devel/share/roseus/ros/nautonomous_operation_action_client/msg/MissionAction.l)
Linked: (/home/ubuntu/ROS/nautonomous_ws4/devel/.private/nautonomous_operation_action_client/share/roseus/ros/nautonomous_operation_action_client/msg/MissionActionGoal.l, /home/ubuntu/ROS/nautonomous_ws4/devel/share/roseus/ros/nautonomous_operation_action_client/msg/MissionActionGoal.l)
