[  0%] Built target _nautonomous_operation_action_client_generate_messages_check_deps_MissionActionGoal
[  0%] Built target _nautonomous_operation_action_client_generate_messages_check_deps_MissionActionResult
[  0%] Built target _nautonomous_operation_action_client_generate_messages_check_deps_Operation
[  0%] Built target _nautonomous_operation_action_client_generate_messages_check_deps_MissionResult
[  0%] Built target std_msgs_generate_messages_eus
[  0%] Built target _nautonomous_operation_action_client_generate_messages_check_deps_MissionActionFeedback
[  0%] Built target _nautonomous_operation_action_client_generate_messages_check_deps_Status
[  0%] Built target _nautonomous_operation_action_client_generate_messages_check_deps_MissionGoal
[  0%] Built target geometry_msgs_generate_messages_eus
[  0%] Built target _nautonomous_operation_action_client_generate_messages_check_deps_MissionAction
[  0%] Built target actionlib_msgs_generate_messages_eus
[  0%] Built target geometry_msgs_generate_messages_py
[  0%] Built target std_msgs_generate_messages_py
[  0%] Built target actionlib_msgs_generate_messages_py
[  0%] Built target std_msgs_generate_messages_cpp
[  0%] Built target geometry_msgs_generate_messages_cpp
[  0%] Built target actionlib_msgs_generate_messages_cpp
[  0%] Built target _nautonomous_operation_action_client_generate_messages_check_deps_MissionFeedback
[  0%] Built target std_msgs_generate_messages_nodejs
[  0%] Built target std_msgs_generate_messages_lisp
[  0%] Built target geometry_msgs_generate_messages_nodejs
[  0%] Built target actionlib_msgs_generate_messages_nodejs
[  0%] Built target geometry_msgs_generate_messages_lisp
[  0%] Built target actionlib_msgs_generate_messages_lisp
[  0%] Built target sensor_msgs_generate_messages_py
[  0%] Built target tf2_msgs_generate_messages_nodejs
[  3%] Built target move_base_action_client
[  3%] Built target tf2_msgs_generate_messages_lisp
[  3%] Built target tf2_msgs_generate_messages_eus
[  3%] Built target actionlib_generate_messages_eus
[  3%] Built target roscpp_generate_messages_lisp
[  3%] Built target tf2_msgs_generate_messages_py
[  3%] Built target rosgraph_msgs_generate_messages_lisp
[  3%] Built target roscpp_generate_messages_nodejs
[  3%] Built target tf_generate_messages_eus
[  3%] Built target rosgraph_msgs_generate_messages_nodejs
[  3%] Built target rosgraph_msgs_generate_messages_cpp
[  3%] Built target tf2_msgs_generate_messages_cpp
[  3%] Built target tf_generate_messages_cpp
[  3%] Built target roscpp_generate_messages_eus
[  3%] Built target roscpp_generate_messages_cpp
[  3%] Built target rosgraph_msgs_generate_messages_eus
[  3%] Built target actionlib_generate_messages_lisp
[  3%] Built target actionlib_generate_messages_py
[  3%] Built target sensor_msgs_generate_messages_nodejs
[  3%] Built target rosgraph_msgs_generate_messages_py
[  3%] Built target roscpp_generate_messages_py
[  3%] Built target tf_generate_messages_lisp
[  3%] Built target tf_generate_messages_nodejs
[  3%] Built target tf_generate_messages_py
[  3%] Built target sensor_msgs_generate_messages_cpp
[  3%] Built target actionlib_generate_messages_nodejs
[  3%] Built target sensor_msgs_generate_messages_lisp
[  3%] Built target sensor_msgs_generate_messages_eus
[  3%] Built target actionlib_generate_messages_cpp
[ 22%] Built target nautonomous_operation_action_client_generate_messages_eus
[ 52%] Built target nautonomous_operation_action_client_generate_messages_cpp
[ 58%] Built target nautonomous_operation_action_client_generate_messages_py
[ 75%] Built target nautonomous_operation_action_client_generate_messages_nodejs
[ 92%] Built target nautonomous_operation_action_client_generate_messages_lisp
[ 96%] Built target mission_server
[ 96%] Built target nautonomous_operation_action_client_generate_messages
[35m[1mScanning dependencies of target operation_manager[0m
[ 98%] [32mBuilding CXX object CMakeFiles/operation_manager.dir/src/OperationManager.cpp.o[0m
[100%] [32m[1mLinking CXX executable /home/ubuntu/ROS/nautonomous_ws4/devel/.private/nautonomous_operation_action_client/lib/nautonomous_operation_action_client/operation_manager[0m
[100%] Built target operation_manager
