[35m[1mScanning dependencies of target sensor_msgs_generate_messages_py[0m
[  0%] Built target sensor_msgs_generate_messages_py
[35m[1mScanning dependencies of target _nautonomous_operation_action_generate_messages_check_deps_MissionGoal[0m
[  0%] Built target _nautonomous_operation_action_generate_messages_check_deps_MissionGoal
[35m[1mScanning dependencies of target _nautonomous_operation_action_generate_messages_check_deps_MissionFeedback[0m
[  0%] Built target _nautonomous_operation_action_generate_messages_check_deps_MissionFeedback
[35m[1mScanning dependencies of target _nautonomous_operation_action_generate_messages_check_deps_Operation[0m
[  0%] Built target _nautonomous_operation_action_generate_messages_check_deps_Operation
[35m[1mScanning dependencies of target _nautonomous_operation_action_generate_messages_check_deps_MissionAction[0m
[  0%] Built target _nautonomous_operation_action_generate_messages_check_deps_MissionAction
[35m[1mScanning dependencies of target _nautonomous_operation_action_generate_messages_check_deps_MissionActionResult[0m
[  0%] Built target _nautonomous_operation_action_generate_messages_check_deps_MissionActionResult
[35m[1mScanning dependencies of target _nautonomous_operation_action_generate_messages_check_deps_Status[0m
[  0%] Built target _nautonomous_operation_action_generate_messages_check_deps_Status
[35m[1mScanning dependencies of target _nautonomous_operation_action_generate_messages_check_deps_MissionResult[0m
[  0%] Built target _nautonomous_operation_action_generate_messages_check_deps_MissionResult
[35m[1mScanning dependencies of target actionlib_msgs_generate_messages_nodejs[0m
[  0%] Built target actionlib_msgs_generate_messages_nodejs
[35m[1mScanning dependencies of target _nautonomous_operation_action_generate_messages_check_deps_MissionActionFeedback[0m
[  0%] Built target _nautonomous_operation_action_generate_messages_check_deps_MissionActionFeedback
[35m[1mScanning dependencies of target geometry_msgs_generate_messages_nodejs[0m
[  0%] Built target geometry_msgs_generate_messages_nodejs
[35m[1mScanning dependencies of target _nautonomous_operation_action_generate_messages_check_deps_MissionActionGoal[0m
[  0%] Built target _nautonomous_operation_action_generate_messages_check_deps_MissionActionGoal
[35m[1mScanning dependencies of target std_msgs_generate_messages_nodejs[0m
[  0%] Built target std_msgs_generate_messages_nodejs
[35m[1mScanning dependencies of target std_msgs_generate_messages_lisp[0m
[  0%] Built target std_msgs_generate_messages_lisp
[35m[1mScanning dependencies of target geometry_msgs_generate_messages_lisp[0m
[  0%] Built target geometry_msgs_generate_messages_lisp
[35m[1mScanning dependencies of target actionlib_msgs_generate_messages_lisp[0m
[  0%] Built target actionlib_msgs_generate_messages_lisp
[35m[1mScanning dependencies of target std_msgs_generate_messages_eus[0m
[  0%] Built target std_msgs_generate_messages_eus
[35m[1mScanning dependencies of target geometry_msgs_generate_messages_eus[0m
[  0%] Built target geometry_msgs_generate_messages_eus
[35m[1mScanning dependencies of target actionlib_msgs_generate_messages_eus[0m
[  0%] Built target actionlib_msgs_generate_messages_eus
[35m[1mScanning dependencies of target std_msgs_generate_messages_cpp[0m
[  0%] Built target std_msgs_generate_messages_cpp
[35m[1mScanning dependencies of target geometry_msgs_generate_messages_cpp[0m
[  0%] Built target geometry_msgs_generate_messages_cpp
[35m[1mScanning dependencies of target actionlib_msgs_generate_messages_cpp[0m
[  0%] Built target actionlib_msgs_generate_messages_cpp
[35m[1mScanning dependencies of target tf2_msgs_generate_messages_nodejs[0m
[  0%] Built target tf2_msgs_generate_messages_nodejs
[35m[1mScanning dependencies of target tf2_msgs_generate_messages_lisp[0m
[  0%] Built target tf2_msgs_generate_messages_lisp
[35m[1mScanning dependencies of target tf2_msgs_generate_messages_eus[0m
[  0%] Built target tf2_msgs_generate_messages_eus
[35m[1mScanning dependencies of target actionlib_generate_messages_eus[0m
[  0%] Built target actionlib_generate_messages_eus
[35m[1mScanning dependencies of target roscpp_generate_messages_lisp[0m
[  0%] Built target roscpp_generate_messages_lisp
[35m[1mScanning dependencies of target tf2_msgs_generate_messages_py[0m
[  0%] Built target tf2_msgs_generate_messages_py
[35m[1mScanning dependencies of target std_msgs_generate_messages_py[0m
[  0%] Built target std_msgs_generate_messages_py
[35m[1mScanning dependencies of target rosgraph_msgs_generate_messages_lisp[0m
[  0%] Built target rosgraph_msgs_generate_messages_lisp
[35m[1mScanning dependencies of target roscpp_generate_messages_nodejs[0m
[  0%] Built target roscpp_generate_messages_nodejs
[35m[1mScanning dependencies of target tf_generate_messages_eus[0m
[  0%] Built target tf_generate_messages_eus
[35m[1mScanning dependencies of target rosgraph_msgs_generate_messages_nodejs[0m
[  0%] Built target rosgraph_msgs_generate_messages_nodejs
[35m[1mScanning dependencies of target rosgraph_msgs_generate_messages_cpp[0m
[  0%] Built target rosgraph_msgs_generate_messages_cpp
[35m[1mScanning dependencies of target tf2_msgs_generate_messages_cpp[0m
[  0%] Built target tf2_msgs_generate_messages_cpp
[35m[1mScanning dependencies of target tf_generate_messages_cpp[0m
[  0%] Built target tf_generate_messages_cpp
[35m[1mScanning dependencies of target roscpp_generate_messages_eus[0m
[  0%] Built target roscpp_generate_messages_eus
[35m[1mScanning dependencies of target actionlib_msgs_generate_messages_py[0m
[  0%] Built target actionlib_msgs_generate_messages_py
[35m[1mScanning dependencies of target geometry_msgs_generate_messages_py[0m
[  0%] Built target geometry_msgs_generate_messages_py
[35m[1mScanning dependencies of target roscpp_generate_messages_cpp[0m
[  0%] Built target roscpp_generate_messages_cpp
[35m[1mScanning dependencies of target rosgraph_msgs_generate_messages_eus[0m
[  0%] Built target rosgraph_msgs_generate_messages_eus
[35m[1mScanning dependencies of target actionlib_generate_messages_lisp[0m
[  0%] Built target actionlib_generate_messages_lisp
[35m[1mScanning dependencies of target actionlib_generate_messages_py[0m
[  0%] Built target actionlib_generate_messages_py
[35m[1mScanning dependencies of target sensor_msgs_generate_messages_nodejs[0m
[  0%] Built target sensor_msgs_generate_messages_nodejs
[35m[1mScanning dependencies of target rosgraph_msgs_generate_messages_py[0m
[  0%] Built target rosgraph_msgs_generate_messages_py
[35m[1mScanning dependencies of target tf_generate_messages_lisp[0m
[  0%] Built target tf_generate_messages_lisp
[35m[1mScanning dependencies of target roscpp_generate_messages_py[0m
[  0%] Built target roscpp_generate_messages_py
[35m[1mScanning dependencies of target tf_generate_messages_nodejs[0m
[  0%] Built target tf_generate_messages_nodejs
[35m[1mScanning dependencies of target tf_generate_messages_py[0m
[  0%] Built target tf_generate_messages_py
[35m[1mScanning dependencies of target sensor_msgs_generate_messages_cpp[0m
[  0%] Built target sensor_msgs_generate_messages_cpp
[35m[1mScanning dependencies of target actionlib_generate_messages_nodejs[0m
[  0%] Built target actionlib_generate_messages_nodejs
[35m[1mScanning dependencies of target sensor_msgs_generate_messages_eus[0m
[  0%] Built target sensor_msgs_generate_messages_eus
[35m[1mScanning dependencies of target sensor_msgs_generate_messages_lisp[0m
[  0%] Built target sensor_msgs_generate_messages_lisp
[35m[1mScanning dependencies of target actionlib_generate_messages_cpp[0m
[  0%] Built target actionlib_generate_messages_cpp
[35m[1mScanning dependencies of target nautonomous_operation_action_generate_messages_nodejs[0m
[  1%] [34m[1mGenerating Javascript code from nautonomous_operation_action/Status.msg[0m
[  3%] [34m[1mGenerating Javascript code from nautonomous_operation_action/MissionResult.msg[0m
[  5%] [34m[1mGenerating Javascript code from nautonomous_operation_action/MissionGoal.msg[0m
[  7%] [34m[1mGenerating Javascript code from nautonomous_operation_action/MissionActionResult.msg[0m
[  9%] [34m[1mGenerating Javascript code from nautonomous_operation_action/MissionAction.msg[0m
[ 11%] [34m[1mGenerating Javascript code from nautonomous_operation_action/MissionActionGoal.msg[0m
[ 13%] [34m[1mGenerating Javascript code from nautonomous_operation_action/Operation.msg[0m
[ 15%] [34m[1mGenerating Javascript code from nautonomous_operation_action/MissionFeedback.msg[0m
[ 16%] [34m[1mGenerating Javascript code from nautonomous_operation_action/MissionActionFeedback.msg[0m
[ 16%] Built target nautonomous_operation_action_generate_messages_nodejs
[35m[1mScanning dependencies of target nautonomous_operation_action_generate_messages_lisp[0m
[ 18%] [34m[1mGenerating Lisp code from nautonomous_operation_action/Status.msg[0m
[ 20%] [34m[1mGenerating Lisp code from nautonomous_operation_action/MissionResult.msg[0m
[35m[1mScanning dependencies of target nautonomous_operation_action_generate_messages_eus[0m
[ 22%] [34m[1mGenerating EusLisp code from nautonomous_operation_action/Status.msg[0m
[ 24%] [34m[1mGenerating Lisp code from nautonomous_operation_action/MissionGoal.msg[0m
[ 26%] [34m[1mGenerating EusLisp code from nautonomous_operation_action/MissionResult.msg[0m
[ 28%] [34m[1mGenerating Lisp code from nautonomous_operation_action/MissionActionResult.msg[0m
[ 30%] [34m[1mGenerating Lisp code from nautonomous_operation_action/MissionAction.msg[0m
[ 32%] [34m[1mGenerating EusLisp code from nautonomous_operation_action/MissionGoal.msg[0m
[ 33%] [34m[1mGenerating Lisp code from nautonomous_operation_action/MissionActionGoal.msg[0m
[ 35%] [34m[1mGenerating EusLisp code from nautonomous_operation_action/MissionActionResult.msg[0m
[ 37%] [34m[1mGenerating Lisp code from nautonomous_operation_action/Operation.msg[0m
[ 39%] [34m[1mGenerating EusLisp code from nautonomous_operation_action/MissionAction.msg[0m
[ 41%] [34m[1mGenerating Lisp code from nautonomous_operation_action/MissionFeedback.msg[0m
[ 43%] [34m[1mGenerating EusLisp code from nautonomous_operation_action/MissionActionGoal.msg[0m
[ 45%] [34m[1mGenerating Lisp code from nautonomous_operation_action/MissionActionFeedback.msg[0m
[ 47%] [34m[1mGenerating EusLisp code from nautonomous_operation_action/Operation.msg[0m
[ 47%] Built target nautonomous_operation_action_generate_messages_lisp
[ 49%] [34m[1mGenerating EusLisp code from nautonomous_operation_action/MissionFeedback.msg[0m
[ 50%] [34m[1mGenerating EusLisp code from nautonomous_operation_action/MissionActionFeedback.msg[0m
[ 52%] [34m[1mGenerating EusLisp manifest code for nautonomous_operation_action[0m
[35m[1mScanning dependencies of target nautonomous_operation_action_generate_messages_cpp[0m
[ 54%] [34m[1mGenerating C++ code from nautonomous_operation_action/Status.msg[0m
[ 56%] [34m[1mGenerating C++ code from nautonomous_operation_action/MissionResult.msg[0m
[ 58%] [34m[1mGenerating C++ code from nautonomous_operation_action/MissionGoal.msg[0m
[ 60%] [34m[1mGenerating C++ code from nautonomous_operation_action/MissionActionResult.msg[0m
[ 62%] [34m[1mGenerating C++ code from nautonomous_operation_action/MissionAction.msg[0m
[ 64%] [34m[1mGenerating C++ code from nautonomous_operation_action/MissionActionGoal.msg[0m
[ 64%] Built target nautonomous_operation_action_generate_messages_eus
[35m[1mScanning dependencies of target nautonomous_operation_action_generate_messages_py[0m
[ 66%] [34m[1mGenerating C++ code from nautonomous_operation_action/Operation.msg[0m
[ 67%] [34m[1mGenerating C++ code from nautonomous_operation_action/MissionFeedback.msg[0m
[ 69%] [34m[1mGenerating Python from MSG nautonomous_operation_action/Status[0m
[ 71%] [34m[1mGenerating Python from MSG nautonomous_operation_action/MissionResult[0m
[ 73%] [34m[1mGenerating Python from MSG nautonomous_operation_action/MissionGoal[0m
[ 75%] [34m[1mGenerating C++ code from nautonomous_operation_action/MissionActionFeedback.msg[0m
[ 77%] [34m[1mGenerating Python from MSG nautonomous_operation_action/MissionActionResult[0m
[ 79%] [34m[1mGenerating Python from MSG nautonomous_operation_action/MissionAction[0m
[ 81%] [34m[1mGenerating Python from MSG nautonomous_operation_action/MissionActionGoal[0m
[ 83%] [34m[1mGenerating Python from MSG nautonomous_operation_action/Operation[0m
[ 84%] [34m[1mGenerating Python from MSG nautonomous_operation_action/MissionFeedback[0m
[ 86%] [34m[1mGenerating Python from MSG nautonomous_operation_action/MissionActionFeedback[0m
[ 86%] Built target nautonomous_operation_action_generate_messages_cpp
[ 88%] [34m[1mGenerating Python msg __init__.py for nautonomous_operation_action[0m
[ 88%] Built target nautonomous_operation_action_generate_messages_py
[35m[1mScanning dependencies of target nautonomous_operation_action_generate_messages[0m
[35m[1mScanning dependencies of target move_base_action_client[0m
[ 88%] Built target nautonomous_operation_action_generate_messages
[ 90%] [32mBuilding CXX object CMakeFiles/move_base_action_client.dir/src/move_base_action_client.cpp.o[0m
[ 92%] [32m[1mLinking CXX shared library /home/ubuntu/ROS/nautonomous_ws5/WaternetNautonomous/devel/.private/nautonomous_operation_action/lib/libmove_base_action_client.so[0m
[ 92%] Built target move_base_action_client
[35m[1mScanning dependencies of target mission_server[0m
[ 94%] [32mBuilding CXX object CMakeFiles/mission_server.dir/src/mission_server.cpp.o[0m
[ 96%] [32m[1mLinking CXX shared library /home/ubuntu/ROS/nautonomous_ws5/WaternetNautonomous/devel/.private/nautonomous_operation_action/lib/libmission_server.so[0m
[ 96%] Built target mission_server
[35m[1mScanning dependencies of target operation_manager[0m
[ 98%] [32mBuilding CXX object CMakeFiles/operation_manager.dir/src/operation_manager.cpp.o[0m
[100%] [32m[1mLinking CXX executable /home/ubuntu/ROS/nautonomous_ws5/WaternetNautonomous/devel/.private/nautonomous_operation_action/lib/nautonomous_operation_action/operation_manager[0m
[100%] Built target operation_manager
