[  0%] Built target sensor_msgs_generate_messages_py
[  0%] Built target _nautonomous_operation_action_generate_messages_check_deps_MissionGoal
[  0%] Built target _nautonomous_operation_action_generate_messages_check_deps_MissionFeedback
[  0%] Built target _nautonomous_operation_action_generate_messages_check_deps_Operation
[  0%] Built target _nautonomous_operation_action_generate_messages_check_deps_MissionActionResult
[  0%] Built target _nautonomous_operation_action_generate_messages_check_deps_MissionAction
[  0%] Built target _nautonomous_operation_action_generate_messages_check_deps_Status
[  0%] Built target actionlib_msgs_generate_messages_nodejs
[  0%] Built target geometry_msgs_generate_messages_nodejs
[  0%] Built target _nautonomous_operation_action_generate_messages_check_deps_MissionResult
[  0%] Built target std_msgs_generate_messages_nodejs
[  0%] Built target _nautonomous_operation_action_generate_messages_check_deps_MissionActionFeedback
[  0%] Built target std_msgs_generate_messages_lisp
[  0%] Built target geometry_msgs_generate_messages_lisp
[  0%] Built target actionlib_msgs_generate_messages_lisp
[  0%] Built target _nautonomous_operation_action_generate_messages_check_deps_MissionActionGoal
[  0%] Built target std_msgs_generate_messages_eus
[  0%] Built target geometry_msgs_generate_messages_eus
[  0%] Built target std_msgs_generate_messages_cpp
[  0%] Built target actionlib_msgs_generate_messages_eus
[  0%] Built target geometry_msgs_generate_messages_cpp
[  0%] Built target actionlib_msgs_generate_messages_cpp
[  0%] Built target tf2_msgs_generate_messages_nodejs
[  0%] Built target tf2_msgs_generate_messages_lisp
[  0%] Built target tf2_msgs_generate_messages_eus
[  0%] Built target actionlib_generate_messages_eus
[  0%] Built target tf2_msgs_generate_messages_py
[  0%] Built target roscpp_generate_messages_lisp
[  0%] Built target std_msgs_generate_messages_py
[  0%] Built target rosgraph_msgs_generate_messages_lisp
[  0%] Built target tf_generate_messages_eus
[  0%] Built target roscpp_generate_messages_nodejs
[  0%] Built target rosgraph_msgs_generate_messages_nodejs
[  0%] Built target rosgraph_msgs_generate_messages_cpp
[  0%] Built target tf_generate_messages_cpp
[  0%] Built target tf2_msgs_generate_messages_cpp
[  0%] Built target roscpp_generate_messages_eus
[  0%] Built target actionlib_msgs_generate_messages_py
[  0%] Built target geometry_msgs_generate_messages_py
[  0%] Built target roscpp_generate_messages_cpp
[  0%] Built target rosgraph_msgs_generate_messages_eus
[  0%] Built target actionlib_generate_messages_lisp
[  0%] Built target sensor_msgs_generate_messages_nodejs
[  0%] Built target actionlib_generate_messages_py
[  0%] Built target rosgraph_msgs_generate_messages_py
[  0%] Built target tf_generate_messages_lisp
[  0%] Built target roscpp_generate_messages_py
[  0%] Built target tf_generate_messages_nodejs
[  0%] Built target tf_generate_messages_py
[  0%] Built target sensor_msgs_generate_messages_cpp
[  0%] Built target sensor_msgs_generate_messages_eus
[  0%] Built target actionlib_generate_messages_nodejs
[  0%] Built target sensor_msgs_generate_messages_lisp
[  0%] Built target actionlib_generate_messages_cpp
[ 16%] Built target nautonomous_operation_action_generate_messages_lisp
[ 33%] Built target nautonomous_operation_action_generate_messages_nodejs
[ 52%] Built target nautonomous_operation_action_generate_messages_eus
[ 69%] Built target nautonomous_operation_action_generate_messages_cpp
[ 88%] Built target nautonomous_operation_action_generate_messages_py
[ 88%] Built target nautonomous_operation_action_generate_messages
[ 92%] Built target move_base_action_client
[35m[1mScanning dependencies of target mission_server[0m
[ 94%] [32mBuilding CXX object CMakeFiles/mission_server.dir/src/mission_server.cpp.o[0m
[ 96%] [32m[1mLinking CXX shared library /home/ubuntu/ROS/nautonomous_ws5/WaternetNautonomous/devel/.private/nautonomous_operation_action/lib/libmission_server.so[0m
[ 96%] Built target mission_server
[ 98%] [32m[1mLinking CXX executable /home/ubuntu/ROS/nautonomous_ws5/WaternetNautonomous/devel/.private/nautonomous_operation_action/lib/nautonomous_operation_action/operation_manager[0m
[100%] Built target operation_manager
