Symlinking /home/ubuntu/ROS/nautonomous_ws5/WaternetNautonomous/devel/include/nautonomous_operation_action/MissionAction.h
Symlinking /home/ubuntu/ROS/nautonomous_ws5/WaternetNautonomous/devel/include/nautonomous_operation_action/MissionActionGoal.h
Symlinking /home/ubuntu/ROS/nautonomous_ws5/WaternetNautonomous/devel/include/nautonomous_operation_action/Operation.h
Symlinking /home/ubuntu/ROS/nautonomous_ws5/WaternetNautonomous/devel/include/nautonomous_operation_action/MissionActionResult.h
Symlinking /home/ubuntu/ROS/nautonomous_ws5/WaternetNautonomous/devel/include/nautonomous_operation_action/MissionActionFeedback.h
Symlinking /home/ubuntu/ROS/nautonomous_ws5/WaternetNautonomous/devel/include/nautonomous_operation_action/Status.h
Symlinking /home/ubuntu/ROS/nautonomous_ws5/WaternetNautonomous/devel/include/nautonomous_operation_action/MissionFeedback.h
Symlinking /home/ubuntu/ROS/nautonomous_ws5/WaternetNautonomous/devel/include/nautonomous_operation_action/MissionGoal.h
Symlinking /home/ubuntu/ROS/nautonomous_ws5/WaternetNautonomous/devel/include/nautonomous_operation_action/MissionResult.h
Symlinking /home/ubuntu/ROS/nautonomous_ws5/WaternetNautonomous/devel/lib/libmove_base_action_client.so
Symlinking /home/ubuntu/ROS/nautonomous_ws5/WaternetNautonomous/devel/lib/libmission_server.so
Symlinking /home/ubuntu/ROS/nautonomous_ws5/WaternetNautonomous/devel/lib/nautonomous_operation_action/operation_manager
Symlinking /home/ubuntu/ROS/nautonomous_ws5/WaternetNautonomous/devel/lib/python2.7/dist-packages/nautonomous_operation_action/__init__.py
Symlinking /home/ubuntu/ROS/nautonomous_ws5/WaternetNautonomous/devel/lib/python2.7/dist-packages/nautonomous_operation_action/msg/_MissionActionGoal.py
Symlinking /home/ubuntu/ROS/nautonomous_ws5/WaternetNautonomous/devel/lib/python2.7/dist-packages/nautonomous_operation_action/msg/_MissionActionFeedback.py
Symlinking /home/ubuntu/ROS/nautonomous_ws5/WaternetNautonomous/devel/lib/python2.7/dist-packages/nautonomous_operation_action/msg/_Status.py
Symlinking /home/ubuntu/ROS/nautonomous_ws5/WaternetNautonomous/devel/lib/python2.7/dist-packages/nautonomous_operation_action/msg/_MissionAction.py
Symlinking /home/ubuntu/ROS/nautonomous_ws5/WaternetNautonomous/devel/lib/python2.7/dist-packages/nautonomous_operation_action/msg/_MissionActionResult.py
Symlinking /home/ubuntu/ROS/nautonomous_ws5/WaternetNautonomous/devel/lib/python2.7/dist-packages/nautonomous_operation_action/msg/_Operation.py
Symlinking /home/ubuntu/ROS/nautonomous_ws5/WaternetNautonomous/devel/lib/python2.7/dist-packages/nautonomous_operation_action/msg/_MissionResult.py
Symlinking /home/ubuntu/ROS/nautonomous_ws5/WaternetNautonomous/devel/lib/python2.7/dist-packages/nautonomous_operation_action/msg/__init__.py
Symlinking /home/ubuntu/ROS/nautonomous_ws5/WaternetNautonomous/devel/lib/python2.7/dist-packages/nautonomous_operation_action/msg/_MissionFeedback.py
Symlinking /home/ubuntu/ROS/nautonomous_ws5/WaternetNautonomous/devel/lib/python2.7/dist-packages/nautonomous_operation_action/msg/_MissionGoal.py
Symlinking /home/ubuntu/ROS/nautonomous_ws5/WaternetNautonomous/devel/lib/pkgconfig/nautonomous_operation_action.pc
Symlinking /home/ubuntu/ROS/nautonomous_ws5/WaternetNautonomous/devel/share/nautonomous_operation_action/cmake/nautonomous_operation_action-msg-paths.cmake
Symlinking /home/ubuntu/ROS/nautonomous_ws5/WaternetNautonomous/devel/share/nautonomous_operation_action/cmake/nautonomous_operation_action-msg-extras.cmake
Symlinking /home/ubuntu/ROS/nautonomous_ws5/WaternetNautonomous/devel/share/nautonomous_operation_action/cmake/nautonomous_operation_actionConfig-version.cmake
Symlinking /home/ubuntu/ROS/nautonomous_ws5/WaternetNautonomous/devel/share/nautonomous_operation_action/cmake/nautonomous_operation_actionConfig.cmake
Symlinking /home/ubuntu/ROS/nautonomous_ws5/WaternetNautonomous/devel/share/nautonomous_operation_action/msg/MissionGoal.msg
Symlinking /home/ubuntu/ROS/nautonomous_ws5/WaternetNautonomous/devel/share/nautonomous_operation_action/msg/MissionResult.msg
Symlinking /home/ubuntu/ROS/nautonomous_ws5/WaternetNautonomous/devel/share/nautonomous_operation_action/msg/MissionFeedback.msg
Symlinking /home/ubuntu/ROS/nautonomous_ws5/WaternetNautonomous/devel/share/nautonomous_operation_action/msg/MissionActionFeedback.msg
Symlinking /home/ubuntu/ROS/nautonomous_ws5/WaternetNautonomous/devel/share/nautonomous_operation_action/msg/MissionAction.msg
Symlinking /home/ubuntu/ROS/nautonomous_ws5/WaternetNautonomous/devel/share/nautonomous_operation_action/msg/MissionActionGoal.msg
Symlinking /home/ubuntu/ROS/nautonomous_ws5/WaternetNautonomous/devel/share/nautonomous_operation_action/msg/MissionActionResult.msg
Symlinking /home/ubuntu/ROS/nautonomous_ws5/WaternetNautonomous/devel/share/common-lisp/ros/nautonomous_operation_action/msg/MissionActionFeedback.lisp
Symlinking /home/ubuntu/ROS/nautonomous_ws5/WaternetNautonomous/devel/share/common-lisp/ros/nautonomous_operation_action/msg/_package_MissionFeedback.lisp
Symlinking /home/ubuntu/ROS/nautonomous_ws5/WaternetNautonomous/devel/share/common-lisp/ros/nautonomous_operation_action/msg/_package_MissionActionFeedback.lisp
Symlinking /home/ubuntu/ROS/nautonomous_ws5/WaternetNautonomous/devel/share/common-lisp/ros/nautonomous_operation_action/msg/_package.lisp
Symlinking /home/ubuntu/ROS/nautonomous_ws5/WaternetNautonomous/devel/share/common-lisp/ros/nautonomous_operation_action/msg/MissionActionResult.lisp
Symlinking /home/ubuntu/ROS/nautonomous_ws5/WaternetNautonomous/devel/share/common-lisp/ros/nautonomous_operation_action/msg/Status.lisp
Symlinking /home/ubuntu/ROS/nautonomous_ws5/WaternetNautonomous/devel/share/common-lisp/ros/nautonomous_operation_action/msg/_package_MissionAction.lisp
Symlinking /home/ubuntu/ROS/nautonomous_ws5/WaternetNautonomous/devel/share/common-lisp/ros/nautonomous_operation_action/msg/MissionResult.lisp
Symlinking /home/ubuntu/ROS/nautonomous_ws5/WaternetNautonomous/devel/share/common-lisp/ros/nautonomous_operation_action/msg/MissionAction.lisp
Symlinking /home/ubuntu/ROS/nautonomous_ws5/WaternetNautonomous/devel/share/common-lisp/ros/nautonomous_operation_action/msg/_package_MissionGoal.lisp
Symlinking /home/ubuntu/ROS/nautonomous_ws5/WaternetNautonomous/devel/share/common-lisp/ros/nautonomous_operation_action/msg/_package_Status.lisp
Symlinking /home/ubuntu/ROS/nautonomous_ws5/WaternetNautonomous/devel/share/common-lisp/ros/nautonomous_operation_action/msg/_package_MissionResult.lisp
Symlinking /home/ubuntu/ROS/nautonomous_ws5/WaternetNautonomous/devel/share/common-lisp/ros/nautonomous_operation_action/msg/MissionFeedback.lisp
Symlinking /home/ubuntu/ROS/nautonomous_ws5/WaternetNautonomous/devel/share/common-lisp/ros/nautonomous_operation_action/msg/_package_MissionActionResult.lisp
Symlinking /home/ubuntu/ROS/nautonomous_ws5/WaternetNautonomous/devel/share/common-lisp/ros/nautonomous_operation_action/msg/nautonomous_operation_action-msg.asd
Symlinking /home/ubuntu/ROS/nautonomous_ws5/WaternetNautonomous/devel/share/common-lisp/ros/nautonomous_operation_action/msg/Operation.lisp
Symlinking /home/ubuntu/ROS/nautonomous_ws5/WaternetNautonomous/devel/share/common-lisp/ros/nautonomous_operation_action/msg/_package_MissionActionGoal.lisp
Symlinking /home/ubuntu/ROS/nautonomous_ws5/WaternetNautonomous/devel/share/common-lisp/ros/nautonomous_operation_action/msg/MissionGoal.lisp
Symlinking /home/ubuntu/ROS/nautonomous_ws5/WaternetNautonomous/devel/share/common-lisp/ros/nautonomous_operation_action/msg/_package_Operation.lisp
Symlinking /home/ubuntu/ROS/nautonomous_ws5/WaternetNautonomous/devel/share/common-lisp/ros/nautonomous_operation_action/msg/MissionActionGoal.lisp
Symlinking /home/ubuntu/ROS/nautonomous_ws5/WaternetNautonomous/devel/share/gennodejs/ros/nautonomous_operation_action/base_serialize.js
Symlinking /home/ubuntu/ROS/nautonomous_ws5/WaternetNautonomous/devel/share/gennodejs/ros/nautonomous_operation_action/base_deserialize.js
Symlinking /home/ubuntu/ROS/nautonomous_ws5/WaternetNautonomous/devel/share/gennodejs/ros/nautonomous_operation_action/find.js
Symlinking /home/ubuntu/ROS/nautonomous_ws5/WaternetNautonomous/devel/share/gennodejs/ros/nautonomous_operation_action/_index.js
Symlinking /home/ubuntu/ROS/nautonomous_ws5/WaternetNautonomous/devel/share/gennodejs/ros/nautonomous_operation_action/msg/Operation.js
Symlinking /home/ubuntu/ROS/nautonomous_ws5/WaternetNautonomous/devel/share/gennodejs/ros/nautonomous_operation_action/msg/MissionGoal.js
Symlinking /home/ubuntu/ROS/nautonomous_ws5/WaternetNautonomous/devel/share/gennodejs/ros/nautonomous_operation_action/msg/MissionResult.js
Symlinking /home/ubuntu/ROS/nautonomous_ws5/WaternetNautonomous/devel/share/gennodejs/ros/nautonomous_operation_action/msg/MissionActionResult.js
Symlinking /home/ubuntu/ROS/nautonomous_ws5/WaternetNautonomous/devel/share/gennodejs/ros/nautonomous_operation_action/msg/Status.js
Symlinking /home/ubuntu/ROS/nautonomous_ws5/WaternetNautonomous/devel/share/gennodejs/ros/nautonomous_operation_action/msg/MissionActionFeedback.js
Symlinking /home/ubuntu/ROS/nautonomous_ws5/WaternetNautonomous/devel/share/gennodejs/ros/nautonomous_operation_action/msg/_index.js
Symlinking /home/ubuntu/ROS/nautonomous_ws5/WaternetNautonomous/devel/share/gennodejs/ros/nautonomous_operation_action/msg/MissionAction.js
Symlinking /home/ubuntu/ROS/nautonomous_ws5/WaternetNautonomous/devel/share/gennodejs/ros/nautonomous_operation_action/msg/MissionActionGoal.js
Symlinking /home/ubuntu/ROS/nautonomous_ws5/WaternetNautonomous/devel/share/gennodejs/ros/nautonomous_operation_action/msg/MissionFeedback.js
Symlinking /home/ubuntu/ROS/nautonomous_ws5/WaternetNautonomous/devel/share/roseus/ros/nautonomous_operation_action/manifest.l
Symlinking /home/ubuntu/ROS/nautonomous_ws5/WaternetNautonomous/devel/share/roseus/ros/nautonomous_operation_action/msg/MissionGoal.l
Symlinking /home/ubuntu/ROS/nautonomous_ws5/WaternetNautonomous/devel/share/roseus/ros/nautonomous_operation_action/msg/Operation.l
Symlinking /home/ubuntu/ROS/nautonomous_ws5/WaternetNautonomous/devel/share/roseus/ros/nautonomous_operation_action/msg/MissionActionResult.l
Symlinking /home/ubuntu/ROS/nautonomous_ws5/WaternetNautonomous/devel/share/roseus/ros/nautonomous_operation_action/msg/MissionResult.l
Symlinking /home/ubuntu/ROS/nautonomous_ws5/WaternetNautonomous/devel/share/roseus/ros/nautonomous_operation_action/msg/MissionFeedback.l
Symlinking /home/ubuntu/ROS/nautonomous_ws5/WaternetNautonomous/devel/share/roseus/ros/nautonomous_operation_action/msg/MissionActionFeedback.l
Symlinking /home/ubuntu/ROS/nautonomous_ws5/WaternetNautonomous/devel/share/roseus/ros/nautonomous_operation_action/msg/Status.l
Symlinking /home/ubuntu/ROS/nautonomous_ws5/WaternetNautonomous/devel/share/roseus/ros/nautonomous_operation_action/msg/MissionAction.l
Symlinking /home/ubuntu/ROS/nautonomous_ws5/WaternetNautonomous/devel/share/roseus/ros/nautonomous_operation_action/msg/MissionActionGoal.l
