[  0%] Built target sensor_msgs_generate_messages_py
[  0%] Built target _nautonomous_operation_action_generate_messages_check_deps_MissionGoal
[  0%] Built target _nautonomous_operation_action_generate_messages_check_deps_MissionFeedback
[  0%] Built target _nautonomous_operation_action_generate_messages_check_deps_Operation
[  0%] Built target _nautonomous_operation_action_generate_messages_check_deps_MissionAction
[  0%] Built target _nautonomous_operation_action_generate_messages_check_deps_MissionActionResult
[  0%] Built target actionlib_msgs_generate_messages_nodejs
[  0%] Built target _nautonomous_operation_action_generate_messages_check_deps_Status
[  0%] Built target _nautonomous_operation_action_generate_messages_check_deps_MissionResult
[  0%] Built target geometry_msgs_generate_messages_nodejs
[  0%] Built target _nautonomous_operation_action_generate_messages_check_deps_MissionActionFeedback
[  0%] Built target std_msgs_generate_messages_nodejs
[  0%] Built target _nautonomous_operation_action_generate_messages_check_deps_MissionActionGoal
[  0%] Built target std_msgs_generate_messages_lisp
[  0%] Built target geometry_msgs_generate_messages_lisp
[  0%] Built target actionlib_msgs_generate_messages_lisp
[  0%] Built target std_msgs_generate_messages_eus
[  0%] Built target geometry_msgs_generate_messages_eus
[  0%] Built target actionlib_msgs_generate_messages_eus
[  0%] Built target std_msgs_generate_messages_cpp
[  0%] Built target geometry_msgs_generate_messages_cpp
[  0%] Built target actionlib_msgs_generate_messages_cpp
[  0%] Built target tf2_msgs_generate_messages_nodejs
[  0%] Built target tf2_msgs_generate_messages_lisp
[  0%] Built target tf2_msgs_generate_messages_eus
[  0%] Built target actionlib_generate_messages_eus
[  0%] Built target roscpp_generate_messages_lisp
[  0%] Built target tf2_msgs_generate_messages_py
[  0%] Built target std_msgs_generate_messages_py
[  0%] Built target roscpp_generate_messages_nodejs
[  0%] Built target rosgraph_msgs_generate_messages_lisp
[  0%] Built target tf_generate_messages_eus
[  0%] Built target rosgraph_msgs_generate_messages_cpp
[  0%] Built target rosgraph_msgs_generate_messages_nodejs
[  0%] Built target tf2_msgs_generate_messages_cpp
[  0%] Built target roscpp_generate_messages_eus
[  0%] Built target tf_generate_messages_cpp
[  0%] Built target actionlib_msgs_generate_messages_py
[  0%] Built target geometry_msgs_generate_messages_py
[  0%] Built target roscpp_generate_messages_cpp
[  0%] Built target rosgraph_msgs_generate_messages_eus
[  0%] Built target actionlib_generate_messages_lisp
[  0%] Built target actionlib_generate_messages_py
[  0%] Built target sensor_msgs_generate_messages_nodejs
[  0%] Built target rosgraph_msgs_generate_messages_py
[  0%] Built target tf_generate_messages_lisp
[  0%] Built target roscpp_generate_messages_py
[  0%] Built target tf_generate_messages_py
[  0%] Built target tf_generate_messages_nodejs
[  0%] Built target sensor_msgs_generate_messages_cpp
[  0%] Built target actionlib_generate_messages_nodejs
[  0%] Built target sensor_msgs_generate_messages_eus
[  0%] Built target actionlib_generate_messages_cpp
[  0%] Built target sensor_msgs_generate_messages_lisp
[ 16%] Built target nautonomous_operation_action_generate_messages_nodejs
[ 41%] Built target nautonomous_operation_action_generate_messages_eus
[ 52%] Built target nautonomous_operation_action_generate_messages_lisp
[ 69%] Built target nautonomous_operation_action_generate_messages_cpp
[ 88%] Built target nautonomous_operation_action_generate_messages_py
[ 88%] Built target nautonomous_operation_action_generate_messages
[ 92%] Built target move_base_action_client
[ 96%] Built target mission_server
[100%] Built target operation_manager
