In file included from [01m[K/opt/ros/kinetic/include/ros/ros.h:40:0[m[K,
                 from [01m[K/home/ubuntu/ROS/nautonomous_ws5/WaternetNautonomous/src/nautonomous_actuation_synchronizer/src/../include/nautonomous_actuation_synchronizer/serial.hpp:39[m[K,
                 from [01m[K/home/ubuntu/ROS/nautonomous_ws5/WaternetNautonomous/src/nautonomous_actuation_synchronizer/src/../include/nautonomous_actuation_synchronizer/send_actuation.hpp:17[m[K,
                 from [01m[K/home/ubuntu/ROS/nautonomous_ws5/WaternetNautonomous/src/nautonomous_actuation_synchronizer/src/send_actuation.cpp:8[m[K:
[01m[K/home/ubuntu/ROS/nautonomous_ws5/WaternetNautonomous/src/nautonomous_actuation_synchronizer/src/send_actuation.cpp:[m[K In function ‘[01m[Kvoid actuation_send_propulsion_twist(const ConstPtr&)[m[K’:
[01m[K/opt/ros/kinetic/include/ros/console.h:346:176:[m[K [01;35m[Kwarning: [m[Kformat ‘[01m[K%s[m[K’ expects argument of type ‘[01m[Kchar*[m[K’, but argument 8 has type ‘[01m[Kint[m[K’ [-Wformat=]
     ::ros::console::print(filter, __rosconsole_define_location__loc.logger_, __rosconsole_define_location__loc.level_, __FILE__, __LINE__, __ROSCONSOLE_FUNCTION__, __VA_ARGS__)
[01;32m[K                                                                                                                                                                                ^[m[K
[01m[K/opt/ros/kinetic/include/ros/console.h:349:5:[m[K [01;36m[Knote: [m[Kin expansion of macro ‘[01m[KROSCONSOLE_PRINT_AT_LOCATION_WITH_FILTER[m[K’
     ROSCONSOLE_PRINT_AT_LOCATION_WITH_FILTER(0, __VA_ARGS__)
[01;32m[K     ^[m[K
[01m[K/opt/ros/kinetic/include/ros/console.h:379:7:[m[K [01;36m[Knote: [m[Kin expansion of macro ‘[01m[KROSCONSOLE_PRINT_AT_LOCATION[m[K’
       ROSCONSOLE_PRINT_AT_LOCATION(__VA_ARGS__); \
[01;32m[K       ^[m[K
[01m[K/opt/ros/kinetic/include/ros/console.h:561:35:[m[K [01;36m[Knote: [m[Kin expansion of macro ‘[01m[KROS_LOG_COND[m[K’
 #define ROS_LOG(level, name, ...) ROS_LOG_COND(true, level, name, __VA_ARGS__)
[01;32m[K                                   ^[m[K
[01m[K/opt/ros/kinetic/include/rosconsole/macros_generated.h:110:23:[m[K [01;36m[Knote: [m[Kin expansion of macro ‘[01m[KROS_LOG[m[K’
 #define ROS_INFO(...) ROS_LOG(::ros::console::levels::Info, ROSCONSOLE_DEFAULT_NAME, __VA_ARGS__)
[01;32m[K                       ^[m[K
[01m[K/home/ubuntu/ROS/nautonomous_ws5/WaternetNautonomous/src/nautonomous_actuation_synchronizer/src/send_actuation.cpp:58:3:[m[K [01;36m[Knote: [m[Kin expansion of macro ‘[01m[KROS_INFO[m[K’
   ROS_INFO("Sending sabertooth msg: %s", straightCommand[0]);
[01;32m[K   ^[m[K
