Determining if the pthread_create exist failed with the following output:
Change Dir: /home/ubuntu/ROS/nautonomous_ws4/build/nautonomous_operator_actuation/CMakeFiles/CMakeTmp

Run Build Command:"/usr/bin/make" "cmTC_44a07/fast"
/usr/bin/make -f CMakeFiles/cmTC_44a07.dir/build.make CMakeFiles/cmTC_44a07.dir/build
make[1]: Entering directory '/home/ubuntu/ROS/nautonomous_ws4/build/nautonomous_operator_actuation/CMakeFiles/CMakeTmp'
Building C object CMakeFiles/cmTC_44a07.dir/CheckSymbolExists.c.o
/usr/bin/cc     -o CMakeFiles/cmTC_44a07.dir/CheckSymbolExists.c.o   -c /home/ubuntu/ROS/nautonomous_ws4/build/nautonomous_operator_actuation/CMakeFiles/CMakeTmp/CheckSymbolExists.c
Linking C executable cmTC_44a07
/usr/bin/cmake -E cmake_link_script CMakeFiles/cmTC_44a07.dir/link.txt --verbose=1
/usr/bin/cc       CMakeFiles/cmTC_44a07.dir/CheckSymbolExists.c.o  -o cmTC_44a07 -rdynamic 
CMakeFiles/cmTC_44a07.dir/CheckSymbolExists.c.o: In function `main':
CheckSymbolExists.c:(.text+0x14): undefined reference to `pthread_create'
CheckSymbolExists.c:(.text+0x18): undefined reference to `pthread_create'
collect2: error: ld returned 1 exit status
CMakeFiles/cmTC_44a07.dir/build.make:97: recipe for target 'cmTC_44a07' failed
make[1]: *** [cmTC_44a07] Error 1
make[1]: Leaving directory '/home/ubuntu/ROS/nautonomous_ws4/build/nautonomous_operator_actuation/CMakeFiles/CMakeTmp'
Makefile:126: recipe for target 'cmTC_44a07/fast' failed
make: *** [cmTC_44a07/fast] Error 2

File /home/ubuntu/ROS/nautonomous_ws4/build/nautonomous_operator_actuation/CMakeFiles/CMakeTmp/CheckSymbolExists.c:
/* */
#include <pthread.h>

int main(int argc, char** argv)
{
  (void)argv;
#ifndef pthread_create
  return ((int*)(&pthread_create))[argc];
#else
  (void)argc;
  return 0;
#endif
}

Determining if the function pthread_create exists in the pthreads failed with the following output:
Change Dir: /home/ubuntu/ROS/nautonomous_ws4/build/nautonomous_operator_actuation/CMakeFiles/CMakeTmp

Run Build Command:"/usr/bin/make" "cmTC_ae7c9/fast"
/usr/bin/make -f CMakeFiles/cmTC_ae7c9.dir/build.make CMakeFiles/cmTC_ae7c9.dir/build
make[1]: Entering directory '/home/ubuntu/ROS/nautonomous_ws4/build/nautonomous_operator_actuation/CMakeFiles/CMakeTmp'
Building C object CMakeFiles/cmTC_ae7c9.dir/CheckFunctionExists.c.o
/usr/bin/cc    -DCHECK_FUNCTION_EXISTS=pthread_create   -o CMakeFiles/cmTC_ae7c9.dir/CheckFunctionExists.c.o   -c /usr/share/cmake-3.5/Modules/CheckFunctionExists.c
Linking C executable cmTC_ae7c9
/usr/bin/cmake -E cmake_link_script CMakeFiles/cmTC_ae7c9.dir/link.txt --verbose=1
/usr/bin/cc   -DCHECK_FUNCTION_EXISTS=pthread_create    CMakeFiles/cmTC_ae7c9.dir/CheckFunctionExists.c.o  -o cmTC_ae7c9 -rdynamic -lpthreads 
/usr/bin/ld: cannot find -lpthreads
collect2: error: ld returned 1 exit status
CMakeFiles/cmTC_ae7c9.dir/build.make:97: recipe for target 'cmTC_ae7c9' failed
make[1]: *** [cmTC_ae7c9] Error 1
make[1]: Leaving directory '/home/ubuntu/ROS/nautonomous_ws4/build/nautonomous_operator_actuation/CMakeFiles/CMakeTmp'
Makefile:126: recipe for target 'cmTC_ae7c9/fast' failed
make: *** [cmTC_ae7c9/fast] Error 2


