Determining if the pthread_create exist failed with the following output:
Change Dir: /home/ubuntu/ROS/nautonomous_ws5/WaternetNautonomous/build/ublox_gps/CMakeFiles/CMakeTmp

Run Build Command:"/usr/bin/make" "cmTC_b98de/fast"
/usr/bin/make -f CMakeFiles/cmTC_b98de.dir/build.make CMakeFiles/cmTC_b98de.dir/build
make[1]: Entering directory '/home/ubuntu/ROS/nautonomous_ws5/WaternetNautonomous/build/ublox_gps/CMakeFiles/CMakeTmp'
Building C object CMakeFiles/cmTC_b98de.dir/CheckSymbolExists.c.o
/usr/bin/cc     -o CMakeFiles/cmTC_b98de.dir/CheckSymbolExists.c.o   -c /home/ubuntu/ROS/nautonomous_ws5/WaternetNautonomous/build/ublox_gps/CMakeFiles/CMakeTmp/CheckSymbolExists.c
Linking C executable cmTC_b98de
/usr/bin/cmake -E cmake_link_script CMakeFiles/cmTC_b98de.dir/link.txt --verbose=1
/usr/bin/cc       CMakeFiles/cmTC_b98de.dir/CheckSymbolExists.c.o  -o cmTC_b98de -rdynamic 
CMakeFiles/cmTC_b98de.dir/CheckSymbolExists.c.o: In function `main':
CheckSymbolExists.c:(.text+0x14): undefined reference to `pthread_create'
CheckSymbolExists.c:(.text+0x18): undefined reference to `pthread_create'
collect2: error: ld returned 1 exit status
CMakeFiles/cmTC_b98de.dir/build.make:97: recipe for target 'cmTC_b98de' failed
make[1]: *** [cmTC_b98de] Error 1
make[1]: Leaving directory '/home/ubuntu/ROS/nautonomous_ws5/WaternetNautonomous/build/ublox_gps/CMakeFiles/CMakeTmp'
Makefile:126: recipe for target 'cmTC_b98de/fast' failed
make: *** [cmTC_b98de/fast] Error 2

File /home/ubuntu/ROS/nautonomous_ws5/WaternetNautonomous/build/ublox_gps/CMakeFiles/CMakeTmp/CheckSymbolExists.c:
/* */
#include <pthread.h>

int main(int argc, char** argv)
{
  (void)argv;
#ifndef pthread_create
  return ((int*)(&pthread_create))[argc];
#else
  (void)argc;
  return 0;
#endif
}

Determining if the function pthread_create exists in the pthreads failed with the following output:
Change Dir: /home/ubuntu/ROS/nautonomous_ws5/WaternetNautonomous/build/ublox_gps/CMakeFiles/CMakeTmp

Run Build Command:"/usr/bin/make" "cmTC_a5f51/fast"
/usr/bin/make -f CMakeFiles/cmTC_a5f51.dir/build.make CMakeFiles/cmTC_a5f51.dir/build
make[1]: Entering directory '/home/ubuntu/ROS/nautonomous_ws5/WaternetNautonomous/build/ublox_gps/CMakeFiles/CMakeTmp'
Building C object CMakeFiles/cmTC_a5f51.dir/CheckFunctionExists.c.o
/usr/bin/cc    -DCHECK_FUNCTION_EXISTS=pthread_create   -o CMakeFiles/cmTC_a5f51.dir/CheckFunctionExists.c.o   -c /usr/share/cmake-3.5/Modules/CheckFunctionExists.c
Linking C executable cmTC_a5f51
/usr/bin/cmake -E cmake_link_script CMakeFiles/cmTC_a5f51.dir/link.txt --verbose=1
/usr/bin/cc   -DCHECK_FUNCTION_EXISTS=pthread_create    CMakeFiles/cmTC_a5f51.dir/CheckFunctionExists.c.o  -o cmTC_a5f51 -rdynamic -lpthreads 
/usr/bin/ld: cannot find -lpthreads
collect2: error: ld returned 1 exit status
CMakeFiles/cmTC_a5f51.dir/build.make:97: recipe for target 'cmTC_a5f51' failed
make[1]: *** [cmTC_a5f51] Error 1
make[1]: Leaving directory '/home/ubuntu/ROS/nautonomous_ws5/WaternetNautonomous/build/ublox_gps/CMakeFiles/CMakeTmp'
Makefile:126: recipe for target 'cmTC_a5f51/fast' failed
make: *** [cmTC_a5f51/fast] Error 2


