Symlinking /home/ubuntu/ROS/nautonomous_ws5/WaternetNautonomous/devel/include/ublox_msgs/NavPOSECEF.h
Symlinking /home/ubuntu/ROS/nautonomous_ws5/WaternetNautonomous/devel/include/ublox_msgs/RxmSVSI_SV.h
Symlinking /home/ubuntu/ROS/nautonomous_ws5/WaternetNautonomous/devel/include/ublox_msgs/RxmSVSI.h
Symlinking /home/ubuntu/ROS/nautonomous_ws5/WaternetNautonomous/devel/include/ublox_msgs/AidHUI.h
Symlinking /home/ubuntu/ROS/nautonomous_ws5/WaternetNautonomous/devel/include/ublox_msgs/AidALM.h
Symlinking /home/ubuntu/ROS/nautonomous_ws5/WaternetNautonomous/devel/include/ublox_msgs/CfgCFG.h
Symlinking /home/ubuntu/ROS/nautonomous_ws5/WaternetNautonomous/devel/include/ublox_msgs/NavCLOCK.h
Symlinking /home/ubuntu/ROS/nautonomous_ws5/WaternetNautonomous/devel/include/ublox_msgs/RxmEPH.h
Symlinking /home/ubuntu/ROS/nautonomous_ws5/WaternetNautonomous/devel/include/ublox_msgs/NavSVINFO.h
Symlinking /home/ubuntu/ROS/nautonomous_ws5/WaternetNautonomous/devel/include/ublox_msgs/NavDGPS.h
Symlinking /home/ubuntu/ROS/nautonomous_ws5/WaternetNautonomous/devel/include/ublox_msgs/NavSBAS.h
Symlinking /home/ubuntu/ROS/nautonomous_ws5/WaternetNautonomous/devel/include/ublox_msgs/CfgPRT.h
Symlinking /home/ubuntu/ROS/nautonomous_ws5/WaternetNautonomous/devel/include/ublox_msgs/RxmRAW.h
Symlinking /home/ubuntu/ROS/nautonomous_ws5/WaternetNautonomous/devel/include/ublox_msgs/NavSTATUS.h
Symlinking /home/ubuntu/ROS/nautonomous_ws5/WaternetNautonomous/devel/include/ublox_msgs/NavTIMEGPS.h
Symlinking /home/ubuntu/ROS/nautonomous_ws5/WaternetNautonomous/devel/include/ublox_msgs/CfgMSG.h
Symlinking /home/ubuntu/ROS/nautonomous_ws5/WaternetNautonomous/devel/include/ublox_msgs/MonVER.h
Symlinking /home/ubuntu/ROS/nautonomous_ws5/WaternetNautonomous/devel/include/ublox_msgs/CfgANT.h
Symlinking /home/ubuntu/ROS/nautonomous_ws5/WaternetNautonomous/devel/include/ublox_msgs/CfgGNSS.h
Symlinking /home/ubuntu/ROS/nautonomous_ws5/WaternetNautonomous/devel/include/ublox_msgs/CfgNAVX5.h
Symlinking /home/ubuntu/ROS/nautonomous_ws5/WaternetNautonomous/devel/include/ublox_msgs/NavSVINFO_SV.h
Symlinking /home/ubuntu/ROS/nautonomous_ws5/WaternetNautonomous/devel/include/ublox_msgs/RxmRAW_SV.h
Symlinking /home/ubuntu/ROS/nautonomous_ws5/WaternetNautonomous/devel/include/ublox_msgs/CfgRATE.h
Symlinking /home/ubuntu/ROS/nautonomous_ws5/WaternetNautonomous/devel/include/ublox_msgs/NavSOL.h
Symlinking /home/ubuntu/ROS/nautonomous_ws5/WaternetNautonomous/devel/include/ublox_msgs/RxmSFRB.h
Symlinking /home/ubuntu/ROS/nautonomous_ws5/WaternetNautonomous/devel/include/ublox_msgs/NavVELECEF.h
Symlinking /home/ubuntu/ROS/nautonomous_ws5/WaternetNautonomous/devel/include/ublox_msgs/NavTIMEUTC.h
Symlinking /home/ubuntu/ROS/nautonomous_ws5/WaternetNautonomous/devel/include/ublox_msgs/AidEPH.h
Symlinking /home/ubuntu/ROS/nautonomous_ws5/WaternetNautonomous/devel/include/ublox_msgs/NavSBAS_SV.h
Symlinking /home/ubuntu/ROS/nautonomous_ws5/WaternetNautonomous/devel/include/ublox_msgs/NavVELNED.h
Symlinking /home/ubuntu/ROS/nautonomous_ws5/WaternetNautonomous/devel/include/ublox_msgs/CfgSBAS.h
Symlinking /home/ubuntu/ROS/nautonomous_ws5/WaternetNautonomous/devel/include/ublox_msgs/RxmALM.h
Symlinking /home/ubuntu/ROS/nautonomous_ws5/WaternetNautonomous/devel/include/ublox_msgs/NavPOSLLH.h
Symlinking /home/ubuntu/ROS/nautonomous_ws5/WaternetNautonomous/devel/include/ublox_msgs/NavDGPS_SV.h
Symlinking /home/ubuntu/ROS/nautonomous_ws5/WaternetNautonomous/devel/include/ublox_msgs/CfgNAV5.h
Symlinking /home/ubuntu/ROS/nautonomous_ws5/WaternetNautonomous/devel/include/ublox_msgs/NavDOP.h
Symlinking /home/ubuntu/ROS/nautonomous_ws5/WaternetNautonomous/devel/lib/libublox_msgs.so
Symlinking /home/ubuntu/ROS/nautonomous_ws5/WaternetNautonomous/devel/lib/python2.7/dist-packages/ublox_msgs/__init__.py
Symlinking /home/ubuntu/ROS/nautonomous_ws5/WaternetNautonomous/devel/lib/python2.7/dist-packages/ublox_msgs/msg/_NavPOSECEF.py
Symlinking /home/ubuntu/ROS/nautonomous_ws5/WaternetNautonomous/devel/lib/python2.7/dist-packages/ublox_msgs/msg/_NavVELECEF.py
Symlinking /home/ubuntu/ROS/nautonomous_ws5/WaternetNautonomous/devel/lib/python2.7/dist-packages/ublox_msgs/msg/_CfgPRT.py
Symlinking /home/ubuntu/ROS/nautonomous_ws5/WaternetNautonomous/devel/lib/python2.7/dist-packages/ublox_msgs/msg/_NavSVINFO_SV.py
Symlinking /home/ubuntu/ROS/nautonomous_ws5/WaternetNautonomous/devel/lib/python2.7/dist-packages/ublox_msgs/msg/_RxmSVSI_SV.py
Symlinking /home/ubuntu/ROS/nautonomous_ws5/WaternetNautonomous/devel/lib/python2.7/dist-packages/ublox_msgs/msg/_CfgMSG.py
Symlinking /home/ubuntu/ROS/nautonomous_ws5/WaternetNautonomous/devel/lib/python2.7/dist-packages/ublox_msgs/msg/_NavSVINFO.py
Symlinking /home/ubuntu/ROS/nautonomous_ws5/WaternetNautonomous/devel/lib/python2.7/dist-packages/ublox_msgs/msg/_CfgANT.py
Symlinking /home/ubuntu/ROS/nautonomous_ws5/WaternetNautonomous/devel/lib/python2.7/dist-packages/ublox_msgs/msg/_RxmRAW.py
Symlinking /home/ubuntu/ROS/nautonomous_ws5/WaternetNautonomous/devel/lib/python2.7/dist-packages/ublox_msgs/msg/_NavVELNED.py
Symlinking /home/ubuntu/ROS/nautonomous_ws5/WaternetNautonomous/devel/lib/python2.7/dist-packages/ublox_msgs/msg/_CfgSBAS.py
Symlinking /home/ubuntu/ROS/nautonomous_ws5/WaternetNautonomous/devel/lib/python2.7/dist-packages/ublox_msgs/msg/_NavSTATUS.py
Symlinking /home/ubuntu/ROS/nautonomous_ws5/WaternetNautonomous/devel/lib/python2.7/dist-packages/ublox_msgs/msg/_AidEPH.py
Symlinking /home/ubuntu/ROS/nautonomous_ws5/WaternetNautonomous/devel/lib/python2.7/dist-packages/ublox_msgs/msg/_NavSBAS_SV.py
Symlinking /home/ubuntu/ROS/nautonomous_ws5/WaternetNautonomous/devel/lib/python2.7/dist-packages/ublox_msgs/msg/_CfgNAV5.py
Symlinking /home/ubuntu/ROS/nautonomous_ws5/WaternetNautonomous/devel/lib/python2.7/dist-packages/ublox_msgs/msg/_NavCLOCK.py
Symlinking /home/ubuntu/ROS/nautonomous_ws5/WaternetNautonomous/devel/lib/python2.7/dist-packages/ublox_msgs/msg/_NavSBAS.py
Symlinking /home/ubuntu/ROS/nautonomous_ws5/WaternetNautonomous/devel/lib/python2.7/dist-packages/ublox_msgs/msg/_CfgGNSS.py
Symlinking /home/ubuntu/ROS/nautonomous_ws5/WaternetNautonomous/devel/lib/python2.7/dist-packages/ublox_msgs/msg/_RxmSVSI.py
Symlinking /home/ubuntu/ROS/nautonomous_ws5/WaternetNautonomous/devel/lib/python2.7/dist-packages/ublox_msgs/msg/__init__.py
Symlinking /home/ubuntu/ROS/nautonomous_ws5/WaternetNautonomous/devel/lib/python2.7/dist-packages/ublox_msgs/msg/_NavDGPS.py
Symlinking /home/ubuntu/ROS/nautonomous_ws5/WaternetNautonomous/devel/lib/python2.7/dist-packages/ublox_msgs/msg/_CfgNAVX5.py
Symlinking /home/ubuntu/ROS/nautonomous_ws5/WaternetNautonomous/devel/lib/python2.7/dist-packages/ublox_msgs/msg/_RxmRAW_SV.py
Symlinking /home/ubuntu/ROS/nautonomous_ws5/WaternetNautonomous/devel/lib/python2.7/dist-packages/ublox_msgs/msg/_RxmEPH.py
Symlinking /home/ubuntu/ROS/nautonomous_ws5/WaternetNautonomous/devel/lib/python2.7/dist-packages/ublox_msgs/msg/_RxmALM.py
Symlinking /home/ubuntu/ROS/nautonomous_ws5/WaternetNautonomous/devel/lib/python2.7/dist-packages/ublox_msgs/msg/_AidHUI.py
Symlinking /home/ubuntu/ROS/nautonomous_ws5/WaternetNautonomous/devel/lib/python2.7/dist-packages/ublox_msgs/msg/_NavTIMEGPS.py
Symlinking /home/ubuntu/ROS/nautonomous_ws5/WaternetNautonomous/devel/lib/python2.7/dist-packages/ublox_msgs/msg/_NavTIMEUTC.py
Symlinking /home/ubuntu/ROS/nautonomous_ws5/WaternetNautonomous/devel/lib/python2.7/dist-packages/ublox_msgs/msg/_AidALM.py
Symlinking /home/ubuntu/ROS/nautonomous_ws5/WaternetNautonomous/devel/lib/python2.7/dist-packages/ublox_msgs/msg/_NavPOSLLH.py
Symlinking /home/ubuntu/ROS/nautonomous_ws5/WaternetNautonomous/devel/lib/python2.7/dist-packages/ublox_msgs/msg/_NavSOL.py
Symlinking /home/ubuntu/ROS/nautonomous_ws5/WaternetNautonomous/devel/lib/python2.7/dist-packages/ublox_msgs/msg/_CfgRATE.py
Symlinking /home/ubuntu/ROS/nautonomous_ws5/WaternetNautonomous/devel/lib/python2.7/dist-packages/ublox_msgs/msg/_NavDGPS_SV.py
Symlinking /home/ubuntu/ROS/nautonomous_ws5/WaternetNautonomous/devel/lib/python2.7/dist-packages/ublox_msgs/msg/_RxmSFRB.py
Symlinking /home/ubuntu/ROS/nautonomous_ws5/WaternetNautonomous/devel/lib/python2.7/dist-packages/ublox_msgs/msg/_MonVER.py
Symlinking /home/ubuntu/ROS/nautonomous_ws5/WaternetNautonomous/devel/lib/python2.7/dist-packages/ublox_msgs/msg/_NavDOP.py
Symlinking /home/ubuntu/ROS/nautonomous_ws5/WaternetNautonomous/devel/lib/python2.7/dist-packages/ublox_msgs/msg/_CfgCFG.py
Symlinking /home/ubuntu/ROS/nautonomous_ws5/WaternetNautonomous/devel/lib/pkgconfig/ublox_msgs.pc
Symlinking /home/ubuntu/ROS/nautonomous_ws5/WaternetNautonomous/devel/share/common-lisp/ros/ublox_msgs/msg/NavDOP.lisp
Symlinking /home/ubuntu/ROS/nautonomous_ws5/WaternetNautonomous/devel/share/common-lisp/ros/ublox_msgs/msg/CfgNAVX5.lisp
Symlinking /home/ubuntu/ROS/nautonomous_ws5/WaternetNautonomous/devel/share/common-lisp/ros/ublox_msgs/msg/NavSOL.lisp
Symlinking /home/ubuntu/ROS/nautonomous_ws5/WaternetNautonomous/devel/share/common-lisp/ros/ublox_msgs/msg/CfgNAV5.lisp
Symlinking /home/ubuntu/ROS/nautonomous_ws5/WaternetNautonomous/devel/share/common-lisp/ros/ublox_msgs/msg/_package_RxmSVSI_SV.lisp
Symlinking /home/ubuntu/ROS/nautonomous_ws5/WaternetNautonomous/devel/share/common-lisp/ros/ublox_msgs/msg/NavSVINFO.lisp
Symlinking /home/ubuntu/ROS/nautonomous_ws5/WaternetNautonomous/devel/share/common-lisp/ros/ublox_msgs/msg/_package_NavDGPS_SV.lisp
Symlinking /home/ubuntu/ROS/nautonomous_ws5/WaternetNautonomous/devel/share/common-lisp/ros/ublox_msgs/msg/_package_CfgCFG.lisp
Symlinking /home/ubuntu/ROS/nautonomous_ws5/WaternetNautonomous/devel/share/common-lisp/ros/ublox_msgs/msg/_package_NavSTATUS.lisp
Symlinking /home/ubuntu/ROS/nautonomous_ws5/WaternetNautonomous/devel/share/common-lisp/ros/ublox_msgs/msg/_package_CfgANT.lisp
Symlinking /home/ubuntu/ROS/nautonomous_ws5/WaternetNautonomous/devel/share/common-lisp/ros/ublox_msgs/msg/NavSTATUS.lisp
Symlinking /home/ubuntu/ROS/nautonomous_ws5/WaternetNautonomous/devel/share/common-lisp/ros/ublox_msgs/msg/_package_AidHUI.lisp
Symlinking /home/ubuntu/ROS/nautonomous_ws5/WaternetNautonomous/devel/share/common-lisp/ros/ublox_msgs/msg/RxmSVSI_SV.lisp
Symlinking /home/ubuntu/ROS/nautonomous_ws5/WaternetNautonomous/devel/share/common-lisp/ros/ublox_msgs/msg/_package_AidALM.lisp
Symlinking /home/ubuntu/ROS/nautonomous_ws5/WaternetNautonomous/devel/share/common-lisp/ros/ublox_msgs/msg/_package_RxmSFRB.lisp
Symlinking /home/ubuntu/ROS/nautonomous_ws5/WaternetNautonomous/devel/share/common-lisp/ros/ublox_msgs/msg/NavPOSECEF.lisp
Symlinking /home/ubuntu/ROS/nautonomous_ws5/WaternetNautonomous/devel/share/common-lisp/ros/ublox_msgs/msg/_package_RxmALM.lisp
Symlinking /home/ubuntu/ROS/nautonomous_ws5/WaternetNautonomous/devel/share/common-lisp/ros/ublox_msgs/msg/CfgPRT.lisp
Symlinking /home/ubuntu/ROS/nautonomous_ws5/WaternetNautonomous/devel/share/common-lisp/ros/ublox_msgs/msg/NavCLOCK.lisp
Symlinking /home/ubuntu/ROS/nautonomous_ws5/WaternetNautonomous/devel/share/common-lisp/ros/ublox_msgs/msg/_package_RxmSVSI.lisp
Symlinking /home/ubuntu/ROS/nautonomous_ws5/WaternetNautonomous/devel/share/common-lisp/ros/ublox_msgs/msg/NavPOSLLH.lisp
Symlinking /home/ubuntu/ROS/nautonomous_ws5/WaternetNautonomous/devel/share/common-lisp/ros/ublox_msgs/msg/_package.lisp
Symlinking /home/ubuntu/ROS/nautonomous_ws5/WaternetNautonomous/devel/share/common-lisp/ros/ublox_msgs/msg/NavSBAS_SV.lisp
Symlinking /home/ubuntu/ROS/nautonomous_ws5/WaternetNautonomous/devel/share/common-lisp/ros/ublox_msgs/msg/NavTIMEGPS.lisp
Symlinking /home/ubuntu/ROS/nautonomous_ws5/WaternetNautonomous/devel/share/common-lisp/ros/ublox_msgs/msg/_package_NavVELECEF.lisp
Symlinking /home/ubuntu/ROS/nautonomous_ws5/WaternetNautonomous/devel/share/common-lisp/ros/ublox_msgs/msg/_package_CfgSBAS.lisp
Symlinking /home/ubuntu/ROS/nautonomous_ws5/WaternetNautonomous/devel/share/common-lisp/ros/ublox_msgs/msg/CfgRATE.lisp
Symlinking /home/ubuntu/ROS/nautonomous_ws5/WaternetNautonomous/devel/share/common-lisp/ros/ublox_msgs/msg/_package_NavSVINFO_SV.lisp
Symlinking /home/ubuntu/ROS/nautonomous_ws5/WaternetNautonomous/devel/share/common-lisp/ros/ublox_msgs/msg/RxmSFRB.lisp
Symlinking /home/ubuntu/ROS/nautonomous_ws5/WaternetNautonomous/devel/share/common-lisp/ros/ublox_msgs/msg/_package_AidEPH.lisp
Symlinking /home/ubuntu/ROS/nautonomous_ws5/WaternetNautonomous/devel/share/common-lisp/ros/ublox_msgs/msg/_package_CfgNAV5.lisp
Symlinking /home/ubuntu/ROS/nautonomous_ws5/WaternetNautonomous/devel/share/common-lisp/ros/ublox_msgs/msg/CfgANT.lisp
Symlinking /home/ubuntu/ROS/nautonomous_ws5/WaternetNautonomous/devel/share/common-lisp/ros/ublox_msgs/msg/_package_NavPOSLLH.lisp
Symlinking /home/ubuntu/ROS/nautonomous_ws5/WaternetNautonomous/devel/share/common-lisp/ros/ublox_msgs/msg/_package_NavSBAS_SV.lisp
Symlinking /home/ubuntu/ROS/nautonomous_ws5/WaternetNautonomous/devel/share/common-lisp/ros/ublox_msgs/msg/AidEPH.lisp
Symlinking /home/ubuntu/ROS/nautonomous_ws5/WaternetNautonomous/devel/share/common-lisp/ros/ublox_msgs/msg/_package_CfgPRT.lisp
Symlinking /home/ubuntu/ROS/nautonomous_ws5/WaternetNautonomous/devel/share/common-lisp/ros/ublox_msgs/msg/_package_CfgMSG.lisp
Symlinking /home/ubuntu/ROS/nautonomous_ws5/WaternetNautonomous/devel/share/common-lisp/ros/ublox_msgs/msg/CfgMSG.lisp
Symlinking /home/ubuntu/ROS/nautonomous_ws5/WaternetNautonomous/devel/share/common-lisp/ros/ublox_msgs/msg/_package_NavTIMEUTC.lisp
Symlinking /home/ubuntu/ROS/nautonomous_ws5/WaternetNautonomous/devel/share/common-lisp/ros/ublox_msgs/msg/NavVELNED.lisp
Symlinking /home/ubuntu/ROS/nautonomous_ws5/WaternetNautonomous/devel/share/common-lisp/ros/ublox_msgs/msg/_package_CfgNAVX5.lisp
Symlinking /home/ubuntu/ROS/nautonomous_ws5/WaternetNautonomous/devel/share/common-lisp/ros/ublox_msgs/msg/_package_RxmEPH.lisp
Symlinking /home/ubuntu/ROS/nautonomous_ws5/WaternetNautonomous/devel/share/common-lisp/ros/ublox_msgs/msg/MonVER.lisp
Symlinking /home/ubuntu/ROS/nautonomous_ws5/WaternetNautonomous/devel/share/common-lisp/ros/ublox_msgs/msg/AidALM.lisp
Symlinking /home/ubuntu/ROS/nautonomous_ws5/WaternetNautonomous/devel/share/common-lisp/ros/ublox_msgs/msg/CfgGNSS.lisp
Symlinking /home/ubuntu/ROS/nautonomous_ws5/WaternetNautonomous/devel/share/common-lisp/ros/ublox_msgs/msg/RxmRAW.lisp
Symlinking /home/ubuntu/ROS/nautonomous_ws5/WaternetNautonomous/devel/share/common-lisp/ros/ublox_msgs/msg/NavTIMEUTC.lisp
Symlinking /home/ubuntu/ROS/nautonomous_ws5/WaternetNautonomous/devel/share/common-lisp/ros/ublox_msgs/msg/NavDGPS_SV.lisp
Symlinking /home/ubuntu/ROS/nautonomous_ws5/WaternetNautonomous/devel/share/common-lisp/ros/ublox_msgs/msg/CfgSBAS.lisp
Symlinking /home/ubuntu/ROS/nautonomous_ws5/WaternetNautonomous/devel/share/common-lisp/ros/ublox_msgs/msg/CfgCFG.lisp
Symlinking /home/ubuntu/ROS/nautonomous_ws5/WaternetNautonomous/devel/share/common-lisp/ros/ublox_msgs/msg/NavVELECEF.lisp
Symlinking /home/ubuntu/ROS/nautonomous_ws5/WaternetNautonomous/devel/share/common-lisp/ros/ublox_msgs/msg/ublox_msgs-msg.asd
Symlinking /home/ubuntu/ROS/nautonomous_ws5/WaternetNautonomous/devel/share/common-lisp/ros/ublox_msgs/msg/NavSVINFO_SV.lisp
Symlinking /home/ubuntu/ROS/nautonomous_ws5/WaternetNautonomous/devel/share/common-lisp/ros/ublox_msgs/msg/_package_NavPOSECEF.lisp
Symlinking /home/ubuntu/ROS/nautonomous_ws5/WaternetNautonomous/devel/share/common-lisp/ros/ublox_msgs/msg/NavDGPS.lisp
Symlinking /home/ubuntu/ROS/nautonomous_ws5/WaternetNautonomous/devel/share/common-lisp/ros/ublox_msgs/msg/_package_NavTIMEGPS.lisp
Symlinking /home/ubuntu/ROS/nautonomous_ws5/WaternetNautonomous/devel/share/common-lisp/ros/ublox_msgs/msg/_package_NavDOP.lisp
Symlinking /home/ubuntu/ROS/nautonomous_ws5/WaternetNautonomous/devel/share/common-lisp/ros/ublox_msgs/msg/_package_NavSOL.lisp
Symlinking /home/ubuntu/ROS/nautonomous_ws5/WaternetNautonomous/devel/share/common-lisp/ros/ublox_msgs/msg/_package_NavSBAS.lisp
Symlinking /home/ubuntu/ROS/nautonomous_ws5/WaternetNautonomous/devel/share/common-lisp/ros/ublox_msgs/msg/_package_CfgRATE.lisp
Symlinking /home/ubuntu/ROS/nautonomous_ws5/WaternetNautonomous/devel/share/common-lisp/ros/ublox_msgs/msg/_package_CfgGNSS.lisp
Symlinking /home/ubuntu/ROS/nautonomous_ws5/WaternetNautonomous/devel/share/common-lisp/ros/ublox_msgs/msg/RxmEPH.lisp
Symlinking /home/ubuntu/ROS/nautonomous_ws5/WaternetNautonomous/devel/share/common-lisp/ros/ublox_msgs/msg/_package_RxmRAW_SV.lisp
Symlinking /home/ubuntu/ROS/nautonomous_ws5/WaternetNautonomous/devel/share/common-lisp/ros/ublox_msgs/msg/_package_NavVELNED.lisp
Symlinking /home/ubuntu/ROS/nautonomous_ws5/WaternetNautonomous/devel/share/common-lisp/ros/ublox_msgs/msg/_package_MonVER.lisp
Symlinking /home/ubuntu/ROS/nautonomous_ws5/WaternetNautonomous/devel/share/common-lisp/ros/ublox_msgs/msg/NavSBAS.lisp
Symlinking /home/ubuntu/ROS/nautonomous_ws5/WaternetNautonomous/devel/share/common-lisp/ros/ublox_msgs/msg/_package_NavSVINFO.lisp
Symlinking /home/ubuntu/ROS/nautonomous_ws5/WaternetNautonomous/devel/share/common-lisp/ros/ublox_msgs/msg/_package_RxmRAW.lisp
Symlinking /home/ubuntu/ROS/nautonomous_ws5/WaternetNautonomous/devel/share/common-lisp/ros/ublox_msgs/msg/AidHUI.lisp
Symlinking /home/ubuntu/ROS/nautonomous_ws5/WaternetNautonomous/devel/share/common-lisp/ros/ublox_msgs/msg/RxmRAW_SV.lisp
Symlinking /home/ubuntu/ROS/nautonomous_ws5/WaternetNautonomous/devel/share/common-lisp/ros/ublox_msgs/msg/RxmALM.lisp
Symlinking /home/ubuntu/ROS/nautonomous_ws5/WaternetNautonomous/devel/share/common-lisp/ros/ublox_msgs/msg/_package_NavCLOCK.lisp
Symlinking /home/ubuntu/ROS/nautonomous_ws5/WaternetNautonomous/devel/share/common-lisp/ros/ublox_msgs/msg/RxmSVSI.lisp
Symlinking /home/ubuntu/ROS/nautonomous_ws5/WaternetNautonomous/devel/share/common-lisp/ros/ublox_msgs/msg/_package_NavDGPS.lisp
Symlinking /home/ubuntu/ROS/nautonomous_ws5/WaternetNautonomous/devel/share/gennodejs/ros/ublox_msgs/base_serialize.js
Symlinking /home/ubuntu/ROS/nautonomous_ws5/WaternetNautonomous/devel/share/gennodejs/ros/ublox_msgs/base_deserialize.js
Symlinking /home/ubuntu/ROS/nautonomous_ws5/WaternetNautonomous/devel/share/gennodejs/ros/ublox_msgs/find.js
Symlinking /home/ubuntu/ROS/nautonomous_ws5/WaternetNautonomous/devel/share/gennodejs/ros/ublox_msgs/_index.js
Symlinking /home/ubuntu/ROS/nautonomous_ws5/WaternetNautonomous/devel/share/gennodejs/ros/ublox_msgs/msg/NavSBAS.js
Symlinking /home/ubuntu/ROS/nautonomous_ws5/WaternetNautonomous/devel/share/gennodejs/ros/ublox_msgs/msg/NavDOP.js
Symlinking /home/ubuntu/ROS/nautonomous_ws5/WaternetNautonomous/devel/share/gennodejs/ros/ublox_msgs/msg/CfgPRT.js
Symlinking /home/ubuntu/ROS/nautonomous_ws5/WaternetNautonomous/devel/share/gennodejs/ros/ublox_msgs/msg/NavVELECEF.js
Symlinking /home/ubuntu/ROS/nautonomous_ws5/WaternetNautonomous/devel/share/gennodejs/ros/ublox_msgs/msg/NavPOSECEF.js
Symlinking /home/ubuntu/ROS/nautonomous_ws5/WaternetNautonomous/devel/share/gennodejs/ros/ublox_msgs/msg/NavPOSLLH.js
Symlinking /home/ubuntu/ROS/nautonomous_ws5/WaternetNautonomous/devel/share/gennodejs/ros/ublox_msgs/msg/NavCLOCK.js
Symlinking /home/ubuntu/ROS/nautonomous_ws5/WaternetNautonomous/devel/share/gennodejs/ros/ublox_msgs/msg/CfgNAV5.js
Symlinking /home/ubuntu/ROS/nautonomous_ws5/WaternetNautonomous/devel/share/gennodejs/ros/ublox_msgs/msg/NavVELNED.js
Symlinking /home/ubuntu/ROS/nautonomous_ws5/WaternetNautonomous/devel/share/gennodejs/ros/ublox_msgs/msg/CfgSBAS.js
Symlinking /home/ubuntu/ROS/nautonomous_ws5/WaternetNautonomous/devel/share/gennodejs/ros/ublox_msgs/msg/NavSVINFO.js
Symlinking /home/ubuntu/ROS/nautonomous_ws5/WaternetNautonomous/devel/share/gennodejs/ros/ublox_msgs/msg/RxmRAW.js
Symlinking /home/ubuntu/ROS/nautonomous_ws5/WaternetNautonomous/devel/share/gennodejs/ros/ublox_msgs/msg/NavSVINFO_SV.js
Symlinking /home/ubuntu/ROS/nautonomous_ws5/WaternetNautonomous/devel/share/gennodejs/ros/ublox_msgs/msg/RxmALM.js
Symlinking /home/ubuntu/ROS/nautonomous_ws5/WaternetNautonomous/devel/share/gennodejs/ros/ublox_msgs/msg/NavTIMEGPS.js
Symlinking /home/ubuntu/ROS/nautonomous_ws5/WaternetNautonomous/devel/share/gennodejs/ros/ublox_msgs/msg/CfgCFG.js
Symlinking /home/ubuntu/ROS/nautonomous_ws5/WaternetNautonomous/devel/share/gennodejs/ros/ublox_msgs/msg/NavDGPS.js
Symlinking /home/ubuntu/ROS/nautonomous_ws5/WaternetNautonomous/devel/share/gennodejs/ros/ublox_msgs/msg/CfgANT.js
Symlinking /home/ubuntu/ROS/nautonomous_ws5/WaternetNautonomous/devel/share/gennodejs/ros/ublox_msgs/msg/RxmRAW_SV.js
Symlinking /home/ubuntu/ROS/nautonomous_ws5/WaternetNautonomous/devel/share/gennodejs/ros/ublox_msgs/msg/NavSOL.js
Symlinking /home/ubuntu/ROS/nautonomous_ws5/WaternetNautonomous/devel/share/gennodejs/ros/ublox_msgs/msg/CfgRATE.js
Symlinking /home/ubuntu/ROS/nautonomous_ws5/WaternetNautonomous/devel/share/gennodejs/ros/ublox_msgs/msg/NavTIMEUTC.js
Symlinking /home/ubuntu/ROS/nautonomous_ws5/WaternetNautonomous/devel/share/gennodejs/ros/ublox_msgs/msg/RxmSFRB.js
Symlinking /home/ubuntu/ROS/nautonomous_ws5/WaternetNautonomous/devel/share/gennodejs/ros/ublox_msgs/msg/CfgGNSS.js
Symlinking /home/ubuntu/ROS/nautonomous_ws5/WaternetNautonomous/devel/share/gennodejs/ros/ublox_msgs/msg/AidHUI.js
Symlinking /home/ubuntu/ROS/nautonomous_ws5/WaternetNautonomous/devel/share/gennodejs/ros/ublox_msgs/msg/AidALM.js
Symlinking /home/ubuntu/ROS/nautonomous_ws5/WaternetNautonomous/devel/share/gennodejs/ros/ublox_msgs/msg/RxmSVSI.js
Symlinking /home/ubuntu/ROS/nautonomous_ws5/WaternetNautonomous/devel/share/gennodejs/ros/ublox_msgs/msg/_index.js
Symlinking /home/ubuntu/ROS/nautonomous_ws5/WaternetNautonomous/devel/share/gennodejs/ros/ublox_msgs/msg/RxmSVSI_SV.js
Symlinking /home/ubuntu/ROS/nautonomous_ws5/WaternetNautonomous/devel/share/gennodejs/ros/ublox_msgs/msg/RxmEPH.js
Symlinking /home/ubuntu/ROS/nautonomous_ws5/WaternetNautonomous/devel/share/gennodejs/ros/ublox_msgs/msg/CfgMSG.js
Symlinking /home/ubuntu/ROS/nautonomous_ws5/WaternetNautonomous/devel/share/gennodejs/ros/ublox_msgs/msg/NavDGPS_SV.js
Symlinking /home/ubuntu/ROS/nautonomous_ws5/WaternetNautonomous/devel/share/gennodejs/ros/ublox_msgs/msg/NavSTATUS.js
Symlinking /home/ubuntu/ROS/nautonomous_ws5/WaternetNautonomous/devel/share/gennodejs/ros/ublox_msgs/msg/AidEPH.js
Symlinking /home/ubuntu/ROS/nautonomous_ws5/WaternetNautonomous/devel/share/gennodejs/ros/ublox_msgs/msg/NavSBAS_SV.js
Symlinking /home/ubuntu/ROS/nautonomous_ws5/WaternetNautonomous/devel/share/gennodejs/ros/ublox_msgs/msg/MonVER.js
Symlinking /home/ubuntu/ROS/nautonomous_ws5/WaternetNautonomous/devel/share/gennodejs/ros/ublox_msgs/msg/CfgNAVX5.js
Symlinking /home/ubuntu/ROS/nautonomous_ws5/WaternetNautonomous/devel/share/roseus/ros/ublox_msgs/manifest.l
Symlinking /home/ubuntu/ROS/nautonomous_ws5/WaternetNautonomous/devel/share/roseus/ros/ublox_msgs/msg/CfgANT.l
Symlinking /home/ubuntu/ROS/nautonomous_ws5/WaternetNautonomous/devel/share/roseus/ros/ublox_msgs/msg/CfgSBAS.l
Symlinking /home/ubuntu/ROS/nautonomous_ws5/WaternetNautonomous/devel/share/roseus/ros/ublox_msgs/msg/NavVELECEF.l
Symlinking /home/ubuntu/ROS/nautonomous_ws5/WaternetNautonomous/devel/share/roseus/ros/ublox_msgs/msg/NavSTATUS.l
Symlinking /home/ubuntu/ROS/nautonomous_ws5/WaternetNautonomous/devel/share/roseus/ros/ublox_msgs/msg/NavTIMEGPS.l
Symlinking /home/ubuntu/ROS/nautonomous_ws5/WaternetNautonomous/devel/share/roseus/ros/ublox_msgs/msg/RxmALM.l
Symlinking /home/ubuntu/ROS/nautonomous_ws5/WaternetNautonomous/devel/share/roseus/ros/ublox_msgs/msg/RxmSVSI.l
Symlinking /home/ubuntu/ROS/nautonomous_ws5/WaternetNautonomous/devel/share/roseus/ros/ublox_msgs/msg/MonVER.l
Symlinking /home/ubuntu/ROS/nautonomous_ws5/WaternetNautonomous/devel/share/roseus/ros/ublox_msgs/msg/RxmSVSI_SV.l
Symlinking /home/ubuntu/ROS/nautonomous_ws5/WaternetNautonomous/devel/share/roseus/ros/ublox_msgs/msg/CfgRATE.l
Symlinking /home/ubuntu/ROS/nautonomous_ws5/WaternetNautonomous/devel/share/roseus/ros/ublox_msgs/msg/NavCLOCK.l
Symlinking /home/ubuntu/ROS/nautonomous_ws5/WaternetNautonomous/devel/share/roseus/ros/ublox_msgs/msg/RxmRAW_SV.l
Symlinking /home/ubuntu/ROS/nautonomous_ws5/WaternetNautonomous/devel/share/roseus/ros/ublox_msgs/msg/RxmSFRB.l
Symlinking /home/ubuntu/ROS/nautonomous_ws5/WaternetNautonomous/devel/share/roseus/ros/ublox_msgs/msg/NavSVINFO.l
Symlinking /home/ubuntu/ROS/nautonomous_ws5/WaternetNautonomous/devel/share/roseus/ros/ublox_msgs/msg/NavSOL.l
Symlinking /home/ubuntu/ROS/nautonomous_ws5/WaternetNautonomous/devel/share/roseus/ros/ublox_msgs/msg/NavSVINFO_SV.l
Symlinking /home/ubuntu/ROS/nautonomous_ws5/WaternetNautonomous/devel/share/roseus/ros/ublox_msgs/msg/NavSBAS.l
Symlinking /home/ubuntu/ROS/nautonomous_ws5/WaternetNautonomous/devel/share/roseus/ros/ublox_msgs/msg/AidALM.l
Symlinking /home/ubuntu/ROS/nautonomous_ws5/WaternetNautonomous/devel/share/roseus/ros/ublox_msgs/msg/CfgPRT.l
Symlinking /home/ubuntu/ROS/nautonomous_ws5/WaternetNautonomous/devel/share/roseus/ros/ublox_msgs/msg/RxmEPH.l
Symlinking /home/ubuntu/ROS/nautonomous_ws5/WaternetNautonomous/devel/share/roseus/ros/ublox_msgs/msg/NavPOSECEF.l
Symlinking /home/ubuntu/ROS/nautonomous_ws5/WaternetNautonomous/devel/share/roseus/ros/ublox_msgs/msg/NavSBAS_SV.l
Symlinking /home/ubuntu/ROS/nautonomous_ws5/WaternetNautonomous/devel/share/roseus/ros/ublox_msgs/msg/NavTIMEUTC.l
Symlinking /home/ubuntu/ROS/nautonomous_ws5/WaternetNautonomous/devel/share/roseus/ros/ublox_msgs/msg/NavDOP.l
Symlinking /home/ubuntu/ROS/nautonomous_ws5/WaternetNautonomous/devel/share/roseus/ros/ublox_msgs/msg/AidHUI.l
Symlinking /home/ubuntu/ROS/nautonomous_ws5/WaternetNautonomous/devel/share/roseus/ros/ublox_msgs/msg/NavDGPS.l
Symlinking /home/ubuntu/ROS/nautonomous_ws5/WaternetNautonomous/devel/share/roseus/ros/ublox_msgs/msg/NavDGPS_SV.l
Symlinking /home/ubuntu/ROS/nautonomous_ws5/WaternetNautonomous/devel/share/roseus/ros/ublox_msgs/msg/CfgNAV5.l
Symlinking /home/ubuntu/ROS/nautonomous_ws5/WaternetNautonomous/devel/share/roseus/ros/ublox_msgs/msg/CfgNAVX5.l
Symlinking /home/ubuntu/ROS/nautonomous_ws5/WaternetNautonomous/devel/share/roseus/ros/ublox_msgs/msg/CfgGNSS.l
Symlinking /home/ubuntu/ROS/nautonomous_ws5/WaternetNautonomous/devel/share/roseus/ros/ublox_msgs/msg/CfgMSG.l
Symlinking /home/ubuntu/ROS/nautonomous_ws5/WaternetNautonomous/devel/share/roseus/ros/ublox_msgs/msg/RxmRAW.l
Symlinking /home/ubuntu/ROS/nautonomous_ws5/WaternetNautonomous/devel/share/roseus/ros/ublox_msgs/msg/CfgCFG.l
Symlinking /home/ubuntu/ROS/nautonomous_ws5/WaternetNautonomous/devel/share/roseus/ros/ublox_msgs/msg/NavVELNED.l
Symlinking /home/ubuntu/ROS/nautonomous_ws5/WaternetNautonomous/devel/share/roseus/ros/ublox_msgs/msg/NavPOSLLH.l
Symlinking /home/ubuntu/ROS/nautonomous_ws5/WaternetNautonomous/devel/share/roseus/ros/ublox_msgs/msg/AidEPH.l
Symlinking /home/ubuntu/ROS/nautonomous_ws5/WaternetNautonomous/devel/share/ublox_msgs/cmake/ublox_msgsConfig-version.cmake
Symlinking /home/ubuntu/ROS/nautonomous_ws5/WaternetNautonomous/devel/share/ublox_msgs/cmake/ublox_msgsConfig.cmake
Symlinking /home/ubuntu/ROS/nautonomous_ws5/WaternetNautonomous/devel/share/ublox_msgs/cmake/ublox_msgs-msg-paths.cmake
Symlinking /home/ubuntu/ROS/nautonomous_ws5/WaternetNautonomous/devel/share/ublox_msgs/cmake/ublox_msgs-msg-extras.cmake
