Linked: (/home/ubuntu/ROS/nautonomous_ws5/WaternetNautonomous/devel/.private/ublox_msgs/include/ublox_msgs/NavPOSECEF.h, /home/ubuntu/ROS/nautonomous_ws5/WaternetNautonomous/devel/include/ublox_msgs/NavPOSECEF.h)
Linked: (/home/ubuntu/ROS/nautonomous_ws5/WaternetNautonomous/devel/.private/ublox_msgs/include/ublox_msgs/RxmSVSI_SV.h, /home/ubuntu/ROS/nautonomous_ws5/WaternetNautonomous/devel/include/ublox_msgs/RxmSVSI_SV.h)
Linked: (/home/ubuntu/ROS/nautonomous_ws5/WaternetNautonomous/devel/.private/ublox_msgs/include/ublox_msgs/RxmSVSI.h, /home/ubuntu/ROS/nautonomous_ws5/WaternetNautonomous/devel/include/ublox_msgs/RxmSVSI.h)
Linked: (/home/ubuntu/ROS/nautonomous_ws5/WaternetNautonomous/devel/.private/ublox_msgs/include/ublox_msgs/AidHUI.h, /home/ubuntu/ROS/nautonomous_ws5/WaternetNautonomous/devel/include/ublox_msgs/AidHUI.h)
Linked: (/home/ubuntu/ROS/nautonomous_ws5/WaternetNautonomous/devel/.private/ublox_msgs/include/ublox_msgs/AidALM.h, /home/ubuntu/ROS/nautonomous_ws5/WaternetNautonomous/devel/include/ublox_msgs/AidALM.h)
Linked: (/home/ubuntu/ROS/nautonomous_ws5/WaternetNautonomous/devel/.private/ublox_msgs/include/ublox_msgs/CfgCFG.h, /home/ubuntu/ROS/nautonomous_ws5/WaternetNautonomous/devel/include/ublox_msgs/CfgCFG.h)
Linked: (/home/ubuntu/ROS/nautonomous_ws5/WaternetNautonomous/devel/.private/ublox_msgs/include/ublox_msgs/NavCLOCK.h, /home/ubuntu/ROS/nautonomous_ws5/WaternetNautonomous/devel/include/ublox_msgs/NavCLOCK.h)
Linked: (/home/ubuntu/ROS/nautonomous_ws5/WaternetNautonomous/devel/.private/ublox_msgs/include/ublox_msgs/RxmEPH.h, /home/ubuntu/ROS/nautonomous_ws5/WaternetNautonomous/devel/include/ublox_msgs/RxmEPH.h)
Linked: (/home/ubuntu/ROS/nautonomous_ws5/WaternetNautonomous/devel/.private/ublox_msgs/include/ublox_msgs/NavSVINFO.h, /home/ubuntu/ROS/nautonomous_ws5/WaternetNautonomous/devel/include/ublox_msgs/NavSVINFO.h)
Linked: (/home/ubuntu/ROS/nautonomous_ws5/WaternetNautonomous/devel/.private/ublox_msgs/include/ublox_msgs/NavDGPS.h, /home/ubuntu/ROS/nautonomous_ws5/WaternetNautonomous/devel/include/ublox_msgs/NavDGPS.h)
Linked: (/home/ubuntu/ROS/nautonomous_ws5/WaternetNautonomous/devel/.private/ublox_msgs/include/ublox_msgs/NavSBAS.h, /home/ubuntu/ROS/nautonomous_ws5/WaternetNautonomous/devel/include/ublox_msgs/NavSBAS.h)
Linked: (/home/ubuntu/ROS/nautonomous_ws5/WaternetNautonomous/devel/.private/ublox_msgs/include/ublox_msgs/CfgPRT.h, /home/ubuntu/ROS/nautonomous_ws5/WaternetNautonomous/devel/include/ublox_msgs/CfgPRT.h)
Linked: (/home/ubuntu/ROS/nautonomous_ws5/WaternetNautonomous/devel/.private/ublox_msgs/include/ublox_msgs/RxmRAW.h, /home/ubuntu/ROS/nautonomous_ws5/WaternetNautonomous/devel/include/ublox_msgs/RxmRAW.h)
Linked: (/home/ubuntu/ROS/nautonomous_ws5/WaternetNautonomous/devel/.private/ublox_msgs/include/ublox_msgs/NavSTATUS.h, /home/ubuntu/ROS/nautonomous_ws5/WaternetNautonomous/devel/include/ublox_msgs/NavSTATUS.h)
Linked: (/home/ubuntu/ROS/nautonomous_ws5/WaternetNautonomous/devel/.private/ublox_msgs/include/ublox_msgs/NavTIMEGPS.h, /home/ubuntu/ROS/nautonomous_ws5/WaternetNautonomous/devel/include/ublox_msgs/NavTIMEGPS.h)
Linked: (/home/ubuntu/ROS/nautonomous_ws5/WaternetNautonomous/devel/.private/ublox_msgs/include/ublox_msgs/CfgMSG.h, /home/ubuntu/ROS/nautonomous_ws5/WaternetNautonomous/devel/include/ublox_msgs/CfgMSG.h)
Linked: (/home/ubuntu/ROS/nautonomous_ws5/WaternetNautonomous/devel/.private/ublox_msgs/include/ublox_msgs/MonVER.h, /home/ubuntu/ROS/nautonomous_ws5/WaternetNautonomous/devel/include/ublox_msgs/MonVER.h)
Linked: (/home/ubuntu/ROS/nautonomous_ws5/WaternetNautonomous/devel/.private/ublox_msgs/include/ublox_msgs/CfgANT.h, /home/ubuntu/ROS/nautonomous_ws5/WaternetNautonomous/devel/include/ublox_msgs/CfgANT.h)
Linked: (/home/ubuntu/ROS/nautonomous_ws5/WaternetNautonomous/devel/.private/ublox_msgs/include/ublox_msgs/CfgGNSS.h, /home/ubuntu/ROS/nautonomous_ws5/WaternetNautonomous/devel/include/ublox_msgs/CfgGNSS.h)
Linked: (/home/ubuntu/ROS/nautonomous_ws5/WaternetNautonomous/devel/.private/ublox_msgs/include/ublox_msgs/CfgNAVX5.h, /home/ubuntu/ROS/nautonomous_ws5/WaternetNautonomous/devel/include/ublox_msgs/CfgNAVX5.h)
Linked: (/home/ubuntu/ROS/nautonomous_ws5/WaternetNautonomous/devel/.private/ublox_msgs/include/ublox_msgs/NavSVINFO_SV.h, /home/ubuntu/ROS/nautonomous_ws5/WaternetNautonomous/devel/include/ublox_msgs/NavSVINFO_SV.h)
Linked: (/home/ubuntu/ROS/nautonomous_ws5/WaternetNautonomous/devel/.private/ublox_msgs/include/ublox_msgs/RxmRAW_SV.h, /home/ubuntu/ROS/nautonomous_ws5/WaternetNautonomous/devel/include/ublox_msgs/RxmRAW_SV.h)
Linked: (/home/ubuntu/ROS/nautonomous_ws5/WaternetNautonomous/devel/.private/ublox_msgs/include/ublox_msgs/CfgRATE.h, /home/ubuntu/ROS/nautonomous_ws5/WaternetNautonomous/devel/include/ublox_msgs/CfgRATE.h)
Linked: (/home/ubuntu/ROS/nautonomous_ws5/WaternetNautonomous/devel/.private/ublox_msgs/include/ublox_msgs/NavSOL.h, /home/ubuntu/ROS/nautonomous_ws5/WaternetNautonomous/devel/include/ublox_msgs/NavSOL.h)
Linked: (/home/ubuntu/ROS/nautonomous_ws5/WaternetNautonomous/devel/.private/ublox_msgs/include/ublox_msgs/RxmSFRB.h, /home/ubuntu/ROS/nautonomous_ws5/WaternetNautonomous/devel/include/ublox_msgs/RxmSFRB.h)
Linked: (/home/ubuntu/ROS/nautonomous_ws5/WaternetNautonomous/devel/.private/ublox_msgs/include/ublox_msgs/NavVELECEF.h, /home/ubuntu/ROS/nautonomous_ws5/WaternetNautonomous/devel/include/ublox_msgs/NavVELECEF.h)
Linked: (/home/ubuntu/ROS/nautonomous_ws5/WaternetNautonomous/devel/.private/ublox_msgs/include/ublox_msgs/NavTIMEUTC.h, /home/ubuntu/ROS/nautonomous_ws5/WaternetNautonomous/devel/include/ublox_msgs/NavTIMEUTC.h)
Linked: (/home/ubuntu/ROS/nautonomous_ws5/WaternetNautonomous/devel/.private/ublox_msgs/include/ublox_msgs/AidEPH.h, /home/ubuntu/ROS/nautonomous_ws5/WaternetNautonomous/devel/include/ublox_msgs/AidEPH.h)
Linked: (/home/ubuntu/ROS/nautonomous_ws5/WaternetNautonomous/devel/.private/ublox_msgs/include/ublox_msgs/NavSBAS_SV.h, /home/ubuntu/ROS/nautonomous_ws5/WaternetNautonomous/devel/include/ublox_msgs/NavSBAS_SV.h)
Linked: (/home/ubuntu/ROS/nautonomous_ws5/WaternetNautonomous/devel/.private/ublox_msgs/include/ublox_msgs/NavVELNED.h, /home/ubuntu/ROS/nautonomous_ws5/WaternetNautonomous/devel/include/ublox_msgs/NavVELNED.h)
Linked: (/home/ubuntu/ROS/nautonomous_ws5/WaternetNautonomous/devel/.private/ublox_msgs/include/ublox_msgs/CfgSBAS.h, /home/ubuntu/ROS/nautonomous_ws5/WaternetNautonomous/devel/include/ublox_msgs/CfgSBAS.h)
Linked: (/home/ubuntu/ROS/nautonomous_ws5/WaternetNautonomous/devel/.private/ublox_msgs/include/ublox_msgs/RxmALM.h, /home/ubuntu/ROS/nautonomous_ws5/WaternetNautonomous/devel/include/ublox_msgs/RxmALM.h)
Linked: (/home/ubuntu/ROS/nautonomous_ws5/WaternetNautonomous/devel/.private/ublox_msgs/include/ublox_msgs/NavPOSLLH.h, /home/ubuntu/ROS/nautonomous_ws5/WaternetNautonomous/devel/include/ublox_msgs/NavPOSLLH.h)
Linked: (/home/ubuntu/ROS/nautonomous_ws5/WaternetNautonomous/devel/.private/ublox_msgs/include/ublox_msgs/NavDGPS_SV.h, /home/ubuntu/ROS/nautonomous_ws5/WaternetNautonomous/devel/include/ublox_msgs/NavDGPS_SV.h)
Linked: (/home/ubuntu/ROS/nautonomous_ws5/WaternetNautonomous/devel/.private/ublox_msgs/include/ublox_msgs/CfgNAV5.h, /home/ubuntu/ROS/nautonomous_ws5/WaternetNautonomous/devel/include/ublox_msgs/CfgNAV5.h)
Linked: (/home/ubuntu/ROS/nautonomous_ws5/WaternetNautonomous/devel/.private/ublox_msgs/include/ublox_msgs/NavDOP.h, /home/ubuntu/ROS/nautonomous_ws5/WaternetNautonomous/devel/include/ublox_msgs/NavDOP.h)
Linked: (/home/ubuntu/ROS/nautonomous_ws5/WaternetNautonomous/devel/.private/ublox_msgs/lib/libublox_msgs.so, /home/ubuntu/ROS/nautonomous_ws5/WaternetNautonomous/devel/lib/libublox_msgs.so)
Linked: (/home/ubuntu/ROS/nautonomous_ws5/WaternetNautonomous/devel/.private/ublox_msgs/lib/python2.7/dist-packages/ublox_msgs/__init__.py, /home/ubuntu/ROS/nautonomous_ws5/WaternetNautonomous/devel/lib/python2.7/dist-packages/ublox_msgs/__init__.py)
Linked: (/home/ubuntu/ROS/nautonomous_ws5/WaternetNautonomous/devel/.private/ublox_msgs/lib/python2.7/dist-packages/ublox_msgs/msg/_NavPOSECEF.py, /home/ubuntu/ROS/nautonomous_ws5/WaternetNautonomous/devel/lib/python2.7/dist-packages/ublox_msgs/msg/_NavPOSECEF.py)
Linked: (/home/ubuntu/ROS/nautonomous_ws5/WaternetNautonomous/devel/.private/ublox_msgs/lib/python2.7/dist-packages/ublox_msgs/msg/_NavVELECEF.py, /home/ubuntu/ROS/nautonomous_ws5/WaternetNautonomous/devel/lib/python2.7/dist-packages/ublox_msgs/msg/_NavVELECEF.py)
Linked: (/home/ubuntu/ROS/nautonomous_ws5/WaternetNautonomous/devel/.private/ublox_msgs/lib/python2.7/dist-packages/ublox_msgs/msg/_CfgPRT.py, /home/ubuntu/ROS/nautonomous_ws5/WaternetNautonomous/devel/lib/python2.7/dist-packages/ublox_msgs/msg/_CfgPRT.py)
Linked: (/home/ubuntu/ROS/nautonomous_ws5/WaternetNautonomous/devel/.private/ublox_msgs/lib/python2.7/dist-packages/ublox_msgs/msg/_NavSVINFO_SV.py, /home/ubuntu/ROS/nautonomous_ws5/WaternetNautonomous/devel/lib/python2.7/dist-packages/ublox_msgs/msg/_NavSVINFO_SV.py)
Linked: (/home/ubuntu/ROS/nautonomous_ws5/WaternetNautonomous/devel/.private/ublox_msgs/lib/python2.7/dist-packages/ublox_msgs/msg/_RxmSVSI_SV.py, /home/ubuntu/ROS/nautonomous_ws5/WaternetNautonomous/devel/lib/python2.7/dist-packages/ublox_msgs/msg/_RxmSVSI_SV.py)
Linked: (/home/ubuntu/ROS/nautonomous_ws5/WaternetNautonomous/devel/.private/ublox_msgs/lib/python2.7/dist-packages/ublox_msgs/msg/_CfgMSG.py, /home/ubuntu/ROS/nautonomous_ws5/WaternetNautonomous/devel/lib/python2.7/dist-packages/ublox_msgs/msg/_CfgMSG.py)
Linked: (/home/ubuntu/ROS/nautonomous_ws5/WaternetNautonomous/devel/.private/ublox_msgs/lib/python2.7/dist-packages/ublox_msgs/msg/_NavSVINFO.py, /home/ubuntu/ROS/nautonomous_ws5/WaternetNautonomous/devel/lib/python2.7/dist-packages/ublox_msgs/msg/_NavSVINFO.py)
Linked: (/home/ubuntu/ROS/nautonomous_ws5/WaternetNautonomous/devel/.private/ublox_msgs/lib/python2.7/dist-packages/ublox_msgs/msg/_CfgANT.py, /home/ubuntu/ROS/nautonomous_ws5/WaternetNautonomous/devel/lib/python2.7/dist-packages/ublox_msgs/msg/_CfgANT.py)
Linked: (/home/ubuntu/ROS/nautonomous_ws5/WaternetNautonomous/devel/.private/ublox_msgs/lib/python2.7/dist-packages/ublox_msgs/msg/_RxmRAW.py, /home/ubuntu/ROS/nautonomous_ws5/WaternetNautonomous/devel/lib/python2.7/dist-packages/ublox_msgs/msg/_RxmRAW.py)
Linked: (/home/ubuntu/ROS/nautonomous_ws5/WaternetNautonomous/devel/.private/ublox_msgs/lib/python2.7/dist-packages/ublox_msgs/msg/_NavVELNED.py, /home/ubuntu/ROS/nautonomous_ws5/WaternetNautonomous/devel/lib/python2.7/dist-packages/ublox_msgs/msg/_NavVELNED.py)
Linked: (/home/ubuntu/ROS/nautonomous_ws5/WaternetNautonomous/devel/.private/ublox_msgs/lib/python2.7/dist-packages/ublox_msgs/msg/_CfgSBAS.py, /home/ubuntu/ROS/nautonomous_ws5/WaternetNautonomous/devel/lib/python2.7/dist-packages/ublox_msgs/msg/_CfgSBAS.py)
Linked: (/home/ubuntu/ROS/nautonomous_ws5/WaternetNautonomous/devel/.private/ublox_msgs/lib/python2.7/dist-packages/ublox_msgs/msg/_NavSTATUS.py, /home/ubuntu/ROS/nautonomous_ws5/WaternetNautonomous/devel/lib/python2.7/dist-packages/ublox_msgs/msg/_NavSTATUS.py)
Linked: (/home/ubuntu/ROS/nautonomous_ws5/WaternetNautonomous/devel/.private/ublox_msgs/lib/python2.7/dist-packages/ublox_msgs/msg/_AidEPH.py, /home/ubuntu/ROS/nautonomous_ws5/WaternetNautonomous/devel/lib/python2.7/dist-packages/ublox_msgs/msg/_AidEPH.py)
Linked: (/home/ubuntu/ROS/nautonomous_ws5/WaternetNautonomous/devel/.private/ublox_msgs/lib/python2.7/dist-packages/ublox_msgs/msg/_NavSBAS_SV.py, /home/ubuntu/ROS/nautonomous_ws5/WaternetNautonomous/devel/lib/python2.7/dist-packages/ublox_msgs/msg/_NavSBAS_SV.py)
Linked: (/home/ubuntu/ROS/nautonomous_ws5/WaternetNautonomous/devel/.private/ublox_msgs/lib/python2.7/dist-packages/ublox_msgs/msg/_CfgNAV5.py, /home/ubuntu/ROS/nautonomous_ws5/WaternetNautonomous/devel/lib/python2.7/dist-packages/ublox_msgs/msg/_CfgNAV5.py)
Linked: (/home/ubuntu/ROS/nautonomous_ws5/WaternetNautonomous/devel/.private/ublox_msgs/lib/python2.7/dist-packages/ublox_msgs/msg/_NavCLOCK.py, /home/ubuntu/ROS/nautonomous_ws5/WaternetNautonomous/devel/lib/python2.7/dist-packages/ublox_msgs/msg/_NavCLOCK.py)
Linked: (/home/ubuntu/ROS/nautonomous_ws5/WaternetNautonomous/devel/.private/ublox_msgs/lib/python2.7/dist-packages/ublox_msgs/msg/_NavSBAS.py, /home/ubuntu/ROS/nautonomous_ws5/WaternetNautonomous/devel/lib/python2.7/dist-packages/ublox_msgs/msg/_NavSBAS.py)
Linked: (/home/ubuntu/ROS/nautonomous_ws5/WaternetNautonomous/devel/.private/ublox_msgs/lib/python2.7/dist-packages/ublox_msgs/msg/_CfgGNSS.py, /home/ubuntu/ROS/nautonomous_ws5/WaternetNautonomous/devel/lib/python2.7/dist-packages/ublox_msgs/msg/_CfgGNSS.py)
Linked: (/home/ubuntu/ROS/nautonomous_ws5/WaternetNautonomous/devel/.private/ublox_msgs/lib/python2.7/dist-packages/ublox_msgs/msg/_RxmSVSI.py, /home/ubuntu/ROS/nautonomous_ws5/WaternetNautonomous/devel/lib/python2.7/dist-packages/ublox_msgs/msg/_RxmSVSI.py)
Linked: (/home/ubuntu/ROS/nautonomous_ws5/WaternetNautonomous/devel/.private/ublox_msgs/lib/python2.7/dist-packages/ublox_msgs/msg/__init__.py, /home/ubuntu/ROS/nautonomous_ws5/WaternetNautonomous/devel/lib/python2.7/dist-packages/ublox_msgs/msg/__init__.py)
Linked: (/home/ubuntu/ROS/nautonomous_ws5/WaternetNautonomous/devel/.private/ublox_msgs/lib/python2.7/dist-packages/ublox_msgs/msg/_NavDGPS.py, /home/ubuntu/ROS/nautonomous_ws5/WaternetNautonomous/devel/lib/python2.7/dist-packages/ublox_msgs/msg/_NavDGPS.py)
Linked: (/home/ubuntu/ROS/nautonomous_ws5/WaternetNautonomous/devel/.private/ublox_msgs/lib/python2.7/dist-packages/ublox_msgs/msg/_CfgNAVX5.py, /home/ubuntu/ROS/nautonomous_ws5/WaternetNautonomous/devel/lib/python2.7/dist-packages/ublox_msgs/msg/_CfgNAVX5.py)
Linked: (/home/ubuntu/ROS/nautonomous_ws5/WaternetNautonomous/devel/.private/ublox_msgs/lib/python2.7/dist-packages/ublox_msgs/msg/_RxmRAW_SV.py, /home/ubuntu/ROS/nautonomous_ws5/WaternetNautonomous/devel/lib/python2.7/dist-packages/ublox_msgs/msg/_RxmRAW_SV.py)
Linked: (/home/ubuntu/ROS/nautonomous_ws5/WaternetNautonomous/devel/.private/ublox_msgs/lib/python2.7/dist-packages/ublox_msgs/msg/_RxmEPH.py, /home/ubuntu/ROS/nautonomous_ws5/WaternetNautonomous/devel/lib/python2.7/dist-packages/ublox_msgs/msg/_RxmEPH.py)
Linked: (/home/ubuntu/ROS/nautonomous_ws5/WaternetNautonomous/devel/.private/ublox_msgs/lib/python2.7/dist-packages/ublox_msgs/msg/_RxmALM.py, /home/ubuntu/ROS/nautonomous_ws5/WaternetNautonomous/devel/lib/python2.7/dist-packages/ublox_msgs/msg/_RxmALM.py)
Linked: (/home/ubuntu/ROS/nautonomous_ws5/WaternetNautonomous/devel/.private/ublox_msgs/lib/python2.7/dist-packages/ublox_msgs/msg/_AidHUI.py, /home/ubuntu/ROS/nautonomous_ws5/WaternetNautonomous/devel/lib/python2.7/dist-packages/ublox_msgs/msg/_AidHUI.py)
Linked: (/home/ubuntu/ROS/nautonomous_ws5/WaternetNautonomous/devel/.private/ublox_msgs/lib/python2.7/dist-packages/ublox_msgs/msg/_NavTIMEGPS.py, /home/ubuntu/ROS/nautonomous_ws5/WaternetNautonomous/devel/lib/python2.7/dist-packages/ublox_msgs/msg/_NavTIMEGPS.py)
Linked: (/home/ubuntu/ROS/nautonomous_ws5/WaternetNautonomous/devel/.private/ublox_msgs/lib/python2.7/dist-packages/ublox_msgs/msg/_NavTIMEUTC.py, /home/ubuntu/ROS/nautonomous_ws5/WaternetNautonomous/devel/lib/python2.7/dist-packages/ublox_msgs/msg/_NavTIMEUTC.py)
Linked: (/home/ubuntu/ROS/nautonomous_ws5/WaternetNautonomous/devel/.private/ublox_msgs/lib/python2.7/dist-packages/ublox_msgs/msg/_AidALM.py, /home/ubuntu/ROS/nautonomous_ws5/WaternetNautonomous/devel/lib/python2.7/dist-packages/ublox_msgs/msg/_AidALM.py)
Linked: (/home/ubuntu/ROS/nautonomous_ws5/WaternetNautonomous/devel/.private/ublox_msgs/lib/python2.7/dist-packages/ublox_msgs/msg/_NavPOSLLH.py, /home/ubuntu/ROS/nautonomous_ws5/WaternetNautonomous/devel/lib/python2.7/dist-packages/ublox_msgs/msg/_NavPOSLLH.py)
Linked: (/home/ubuntu/ROS/nautonomous_ws5/WaternetNautonomous/devel/.private/ublox_msgs/lib/python2.7/dist-packages/ublox_msgs/msg/_NavSOL.py, /home/ubuntu/ROS/nautonomous_ws5/WaternetNautonomous/devel/lib/python2.7/dist-packages/ublox_msgs/msg/_NavSOL.py)
Linked: (/home/ubuntu/ROS/nautonomous_ws5/WaternetNautonomous/devel/.private/ublox_msgs/lib/python2.7/dist-packages/ublox_msgs/msg/_CfgRATE.py, /home/ubuntu/ROS/nautonomous_ws5/WaternetNautonomous/devel/lib/python2.7/dist-packages/ublox_msgs/msg/_CfgRATE.py)
Linked: (/home/ubuntu/ROS/nautonomous_ws5/WaternetNautonomous/devel/.private/ublox_msgs/lib/python2.7/dist-packages/ublox_msgs/msg/_NavDGPS_SV.py, /home/ubuntu/ROS/nautonomous_ws5/WaternetNautonomous/devel/lib/python2.7/dist-packages/ublox_msgs/msg/_NavDGPS_SV.py)
Linked: (/home/ubuntu/ROS/nautonomous_ws5/WaternetNautonomous/devel/.private/ublox_msgs/lib/python2.7/dist-packages/ublox_msgs/msg/_RxmSFRB.py, /home/ubuntu/ROS/nautonomous_ws5/WaternetNautonomous/devel/lib/python2.7/dist-packages/ublox_msgs/msg/_RxmSFRB.py)
Linked: (/home/ubuntu/ROS/nautonomous_ws5/WaternetNautonomous/devel/.private/ublox_msgs/lib/python2.7/dist-packages/ublox_msgs/msg/_MonVER.py, /home/ubuntu/ROS/nautonomous_ws5/WaternetNautonomous/devel/lib/python2.7/dist-packages/ublox_msgs/msg/_MonVER.py)
Linked: (/home/ubuntu/ROS/nautonomous_ws5/WaternetNautonomous/devel/.private/ublox_msgs/lib/python2.7/dist-packages/ublox_msgs/msg/_NavDOP.py, /home/ubuntu/ROS/nautonomous_ws5/WaternetNautonomous/devel/lib/python2.7/dist-packages/ublox_msgs/msg/_NavDOP.py)
Linked: (/home/ubuntu/ROS/nautonomous_ws5/WaternetNautonomous/devel/.private/ublox_msgs/lib/python2.7/dist-packages/ublox_msgs/msg/_CfgCFG.py, /home/ubuntu/ROS/nautonomous_ws5/WaternetNautonomous/devel/lib/python2.7/dist-packages/ublox_msgs/msg/_CfgCFG.py)
Linked: (/home/ubuntu/ROS/nautonomous_ws5/WaternetNautonomous/devel/.private/ublox_msgs/lib/pkgconfig/ublox_msgs.pc, /home/ubuntu/ROS/nautonomous_ws5/WaternetNautonomous/devel/lib/pkgconfig/ublox_msgs.pc)
Linked: (/home/ubuntu/ROS/nautonomous_ws5/WaternetNautonomous/devel/.private/ublox_msgs/share/common-lisp/ros/ublox_msgs/msg/NavDOP.lisp, /home/ubuntu/ROS/nautonomous_ws5/WaternetNautonomous/devel/share/common-lisp/ros/ublox_msgs/msg/NavDOP.lisp)
Linked: (/home/ubuntu/ROS/nautonomous_ws5/WaternetNautonomous/devel/.private/ublox_msgs/share/common-lisp/ros/ublox_msgs/msg/CfgNAVX5.lisp, /home/ubuntu/ROS/nautonomous_ws5/WaternetNautonomous/devel/share/common-lisp/ros/ublox_msgs/msg/CfgNAVX5.lisp)
Linked: (/home/ubuntu/ROS/nautonomous_ws5/WaternetNautonomous/devel/.private/ublox_msgs/share/common-lisp/ros/ublox_msgs/msg/NavSOL.lisp, /home/ubuntu/ROS/nautonomous_ws5/WaternetNautonomous/devel/share/common-lisp/ros/ublox_msgs/msg/NavSOL.lisp)
Linked: (/home/ubuntu/ROS/nautonomous_ws5/WaternetNautonomous/devel/.private/ublox_msgs/share/common-lisp/ros/ublox_msgs/msg/CfgNAV5.lisp, /home/ubuntu/ROS/nautonomous_ws5/WaternetNautonomous/devel/share/common-lisp/ros/ublox_msgs/msg/CfgNAV5.lisp)
Linked: (/home/ubuntu/ROS/nautonomous_ws5/WaternetNautonomous/devel/.private/ublox_msgs/share/common-lisp/ros/ublox_msgs/msg/_package_RxmSVSI_SV.lisp, /home/ubuntu/ROS/nautonomous_ws5/WaternetNautonomous/devel/share/common-lisp/ros/ublox_msgs/msg/_package_RxmSVSI_SV.lisp)
Linked: (/home/ubuntu/ROS/nautonomous_ws5/WaternetNautonomous/devel/.private/ublox_msgs/share/common-lisp/ros/ublox_msgs/msg/NavSVINFO.lisp, /home/ubuntu/ROS/nautonomous_ws5/WaternetNautonomous/devel/share/common-lisp/ros/ublox_msgs/msg/NavSVINFO.lisp)
Linked: (/home/ubuntu/ROS/nautonomous_ws5/WaternetNautonomous/devel/.private/ublox_msgs/share/common-lisp/ros/ublox_msgs/msg/_package_NavDGPS_SV.lisp, /home/ubuntu/ROS/nautonomous_ws5/WaternetNautonomous/devel/share/common-lisp/ros/ublox_msgs/msg/_package_NavDGPS_SV.lisp)
Linked: (/home/ubuntu/ROS/nautonomous_ws5/WaternetNautonomous/devel/.private/ublox_msgs/share/common-lisp/ros/ublox_msgs/msg/_package_CfgCFG.lisp, /home/ubuntu/ROS/nautonomous_ws5/WaternetNautonomous/devel/share/common-lisp/ros/ublox_msgs/msg/_package_CfgCFG.lisp)
Linked: (/home/ubuntu/ROS/nautonomous_ws5/WaternetNautonomous/devel/.private/ublox_msgs/share/common-lisp/ros/ublox_msgs/msg/_package_NavSTATUS.lisp, /home/ubuntu/ROS/nautonomous_ws5/WaternetNautonomous/devel/share/common-lisp/ros/ublox_msgs/msg/_package_NavSTATUS.lisp)
Linked: (/home/ubuntu/ROS/nautonomous_ws5/WaternetNautonomous/devel/.private/ublox_msgs/share/common-lisp/ros/ublox_msgs/msg/_package_CfgANT.lisp, /home/ubuntu/ROS/nautonomous_ws5/WaternetNautonomous/devel/share/common-lisp/ros/ublox_msgs/msg/_package_CfgANT.lisp)
Linked: (/home/ubuntu/ROS/nautonomous_ws5/WaternetNautonomous/devel/.private/ublox_msgs/share/common-lisp/ros/ublox_msgs/msg/NavSTATUS.lisp, /home/ubuntu/ROS/nautonomous_ws5/WaternetNautonomous/devel/share/common-lisp/ros/ublox_msgs/msg/NavSTATUS.lisp)
Linked: (/home/ubuntu/ROS/nautonomous_ws5/WaternetNautonomous/devel/.private/ublox_msgs/share/common-lisp/ros/ublox_msgs/msg/_package_AidHUI.lisp, /home/ubuntu/ROS/nautonomous_ws5/WaternetNautonomous/devel/share/common-lisp/ros/ublox_msgs/msg/_package_AidHUI.lisp)
Linked: (/home/ubuntu/ROS/nautonomous_ws5/WaternetNautonomous/devel/.private/ublox_msgs/share/common-lisp/ros/ublox_msgs/msg/RxmSVSI_SV.lisp, /home/ubuntu/ROS/nautonomous_ws5/WaternetNautonomous/devel/share/common-lisp/ros/ublox_msgs/msg/RxmSVSI_SV.lisp)
Linked: (/home/ubuntu/ROS/nautonomous_ws5/WaternetNautonomous/devel/.private/ublox_msgs/share/common-lisp/ros/ublox_msgs/msg/_package_AidALM.lisp, /home/ubuntu/ROS/nautonomous_ws5/WaternetNautonomous/devel/share/common-lisp/ros/ublox_msgs/msg/_package_AidALM.lisp)
Linked: (/home/ubuntu/ROS/nautonomous_ws5/WaternetNautonomous/devel/.private/ublox_msgs/share/common-lisp/ros/ublox_msgs/msg/_package_RxmSFRB.lisp, /home/ubuntu/ROS/nautonomous_ws5/WaternetNautonomous/devel/share/common-lisp/ros/ublox_msgs/msg/_package_RxmSFRB.lisp)
Linked: (/home/ubuntu/ROS/nautonomous_ws5/WaternetNautonomous/devel/.private/ublox_msgs/share/common-lisp/ros/ublox_msgs/msg/NavPOSECEF.lisp, /home/ubuntu/ROS/nautonomous_ws5/WaternetNautonomous/devel/share/common-lisp/ros/ublox_msgs/msg/NavPOSECEF.lisp)
Linked: (/home/ubuntu/ROS/nautonomous_ws5/WaternetNautonomous/devel/.private/ublox_msgs/share/common-lisp/ros/ublox_msgs/msg/_package_RxmALM.lisp, /home/ubuntu/ROS/nautonomous_ws5/WaternetNautonomous/devel/share/common-lisp/ros/ublox_msgs/msg/_package_RxmALM.lisp)
Linked: (/home/ubuntu/ROS/nautonomous_ws5/WaternetNautonomous/devel/.private/ublox_msgs/share/common-lisp/ros/ublox_msgs/msg/CfgPRT.lisp, /home/ubuntu/ROS/nautonomous_ws5/WaternetNautonomous/devel/share/common-lisp/ros/ublox_msgs/msg/CfgPRT.lisp)
Linked: (/home/ubuntu/ROS/nautonomous_ws5/WaternetNautonomous/devel/.private/ublox_msgs/share/common-lisp/ros/ublox_msgs/msg/NavCLOCK.lisp, /home/ubuntu/ROS/nautonomous_ws5/WaternetNautonomous/devel/share/common-lisp/ros/ublox_msgs/msg/NavCLOCK.lisp)
Linked: (/home/ubuntu/ROS/nautonomous_ws5/WaternetNautonomous/devel/.private/ublox_msgs/share/common-lisp/ros/ublox_msgs/msg/_package_RxmSVSI.lisp, /home/ubuntu/ROS/nautonomous_ws5/WaternetNautonomous/devel/share/common-lisp/ros/ublox_msgs/msg/_package_RxmSVSI.lisp)
Linked: (/home/ubuntu/ROS/nautonomous_ws5/WaternetNautonomous/devel/.private/ublox_msgs/share/common-lisp/ros/ublox_msgs/msg/NavPOSLLH.lisp, /home/ubuntu/ROS/nautonomous_ws5/WaternetNautonomous/devel/share/common-lisp/ros/ublox_msgs/msg/NavPOSLLH.lisp)
Linked: (/home/ubuntu/ROS/nautonomous_ws5/WaternetNautonomous/devel/.private/ublox_msgs/share/common-lisp/ros/ublox_msgs/msg/_package.lisp, /home/ubuntu/ROS/nautonomous_ws5/WaternetNautonomous/devel/share/common-lisp/ros/ublox_msgs/msg/_package.lisp)
Linked: (/home/ubuntu/ROS/nautonomous_ws5/WaternetNautonomous/devel/.private/ublox_msgs/share/common-lisp/ros/ublox_msgs/msg/NavSBAS_SV.lisp, /home/ubuntu/ROS/nautonomous_ws5/WaternetNautonomous/devel/share/common-lisp/ros/ublox_msgs/msg/NavSBAS_SV.lisp)
Linked: (/home/ubuntu/ROS/nautonomous_ws5/WaternetNautonomous/devel/.private/ublox_msgs/share/common-lisp/ros/ublox_msgs/msg/NavTIMEGPS.lisp, /home/ubuntu/ROS/nautonomous_ws5/WaternetNautonomous/devel/share/common-lisp/ros/ublox_msgs/msg/NavTIMEGPS.lisp)
Linked: (/home/ubuntu/ROS/nautonomous_ws5/WaternetNautonomous/devel/.private/ublox_msgs/share/common-lisp/ros/ublox_msgs/msg/_package_NavVELECEF.lisp, /home/ubuntu/ROS/nautonomous_ws5/WaternetNautonomous/devel/share/common-lisp/ros/ublox_msgs/msg/_package_NavVELECEF.lisp)
Linked: (/home/ubuntu/ROS/nautonomous_ws5/WaternetNautonomous/devel/.private/ublox_msgs/share/common-lisp/ros/ublox_msgs/msg/_package_CfgSBAS.lisp, /home/ubuntu/ROS/nautonomous_ws5/WaternetNautonomous/devel/share/common-lisp/ros/ublox_msgs/msg/_package_CfgSBAS.lisp)
Linked: (/home/ubuntu/ROS/nautonomous_ws5/WaternetNautonomous/devel/.private/ublox_msgs/share/common-lisp/ros/ublox_msgs/msg/CfgRATE.lisp, /home/ubuntu/ROS/nautonomous_ws5/WaternetNautonomous/devel/share/common-lisp/ros/ublox_msgs/msg/CfgRATE.lisp)
Linked: (/home/ubuntu/ROS/nautonomous_ws5/WaternetNautonomous/devel/.private/ublox_msgs/share/common-lisp/ros/ublox_msgs/msg/_package_NavSVINFO_SV.lisp, /home/ubuntu/ROS/nautonomous_ws5/WaternetNautonomous/devel/share/common-lisp/ros/ublox_msgs/msg/_package_NavSVINFO_SV.lisp)
Linked: (/home/ubuntu/ROS/nautonomous_ws5/WaternetNautonomous/devel/.private/ublox_msgs/share/common-lisp/ros/ublox_msgs/msg/RxmSFRB.lisp, /home/ubuntu/ROS/nautonomous_ws5/WaternetNautonomous/devel/share/common-lisp/ros/ublox_msgs/msg/RxmSFRB.lisp)
Linked: (/home/ubuntu/ROS/nautonomous_ws5/WaternetNautonomous/devel/.private/ublox_msgs/share/common-lisp/ros/ublox_msgs/msg/_package_AidEPH.lisp, /home/ubuntu/ROS/nautonomous_ws5/WaternetNautonomous/devel/share/common-lisp/ros/ublox_msgs/msg/_package_AidEPH.lisp)
Linked: (/home/ubuntu/ROS/nautonomous_ws5/WaternetNautonomous/devel/.private/ublox_msgs/share/common-lisp/ros/ublox_msgs/msg/_package_CfgNAV5.lisp, /home/ubuntu/ROS/nautonomous_ws5/WaternetNautonomous/devel/share/common-lisp/ros/ublox_msgs/msg/_package_CfgNAV5.lisp)
Linked: (/home/ubuntu/ROS/nautonomous_ws5/WaternetNautonomous/devel/.private/ublox_msgs/share/common-lisp/ros/ublox_msgs/msg/CfgANT.lisp, /home/ubuntu/ROS/nautonomous_ws5/WaternetNautonomous/devel/share/common-lisp/ros/ublox_msgs/msg/CfgANT.lisp)
Linked: (/home/ubuntu/ROS/nautonomous_ws5/WaternetNautonomous/devel/.private/ublox_msgs/share/common-lisp/ros/ublox_msgs/msg/_package_NavPOSLLH.lisp, /home/ubuntu/ROS/nautonomous_ws5/WaternetNautonomous/devel/share/common-lisp/ros/ublox_msgs/msg/_package_NavPOSLLH.lisp)
Linked: (/home/ubuntu/ROS/nautonomous_ws5/WaternetNautonomous/devel/.private/ublox_msgs/share/common-lisp/ros/ublox_msgs/msg/_package_NavSBAS_SV.lisp, /home/ubuntu/ROS/nautonomous_ws5/WaternetNautonomous/devel/share/common-lisp/ros/ublox_msgs/msg/_package_NavSBAS_SV.lisp)
Linked: (/home/ubuntu/ROS/nautonomous_ws5/WaternetNautonomous/devel/.private/ublox_msgs/share/common-lisp/ros/ublox_msgs/msg/AidEPH.lisp, /home/ubuntu/ROS/nautonomous_ws5/WaternetNautonomous/devel/share/common-lisp/ros/ublox_msgs/msg/AidEPH.lisp)
Linked: (/home/ubuntu/ROS/nautonomous_ws5/WaternetNautonomous/devel/.private/ublox_msgs/share/common-lisp/ros/ublox_msgs/msg/_package_CfgPRT.lisp, /home/ubuntu/ROS/nautonomous_ws5/WaternetNautonomous/devel/share/common-lisp/ros/ublox_msgs/msg/_package_CfgPRT.lisp)
Linked: (/home/ubuntu/ROS/nautonomous_ws5/WaternetNautonomous/devel/.private/ublox_msgs/share/common-lisp/ros/ublox_msgs/msg/_package_CfgMSG.lisp, /home/ubuntu/ROS/nautonomous_ws5/WaternetNautonomous/devel/share/common-lisp/ros/ublox_msgs/msg/_package_CfgMSG.lisp)
Linked: (/home/ubuntu/ROS/nautonomous_ws5/WaternetNautonomous/devel/.private/ublox_msgs/share/common-lisp/ros/ublox_msgs/msg/CfgMSG.lisp, /home/ubuntu/ROS/nautonomous_ws5/WaternetNautonomous/devel/share/common-lisp/ros/ublox_msgs/msg/CfgMSG.lisp)
Linked: (/home/ubuntu/ROS/nautonomous_ws5/WaternetNautonomous/devel/.private/ublox_msgs/share/common-lisp/ros/ublox_msgs/msg/_package_NavTIMEUTC.lisp, /home/ubuntu/ROS/nautonomous_ws5/WaternetNautonomous/devel/share/common-lisp/ros/ublox_msgs/msg/_package_NavTIMEUTC.lisp)
Linked: (/home/ubuntu/ROS/nautonomous_ws5/WaternetNautonomous/devel/.private/ublox_msgs/share/common-lisp/ros/ublox_msgs/msg/NavVELNED.lisp, /home/ubuntu/ROS/nautonomous_ws5/WaternetNautonomous/devel/share/common-lisp/ros/ublox_msgs/msg/NavVELNED.lisp)
Linked: (/home/ubuntu/ROS/nautonomous_ws5/WaternetNautonomous/devel/.private/ublox_msgs/share/common-lisp/ros/ublox_msgs/msg/_package_CfgNAVX5.lisp, /home/ubuntu/ROS/nautonomous_ws5/WaternetNautonomous/devel/share/common-lisp/ros/ublox_msgs/msg/_package_CfgNAVX5.lisp)
Linked: (/home/ubuntu/ROS/nautonomous_ws5/WaternetNautonomous/devel/.private/ublox_msgs/share/common-lisp/ros/ublox_msgs/msg/_package_RxmEPH.lisp, /home/ubuntu/ROS/nautonomous_ws5/WaternetNautonomous/devel/share/common-lisp/ros/ublox_msgs/msg/_package_RxmEPH.lisp)
Linked: (/home/ubuntu/ROS/nautonomous_ws5/WaternetNautonomous/devel/.private/ublox_msgs/share/common-lisp/ros/ublox_msgs/msg/MonVER.lisp, /home/ubuntu/ROS/nautonomous_ws5/WaternetNautonomous/devel/share/common-lisp/ros/ublox_msgs/msg/MonVER.lisp)
Linked: (/home/ubuntu/ROS/nautonomous_ws5/WaternetNautonomous/devel/.private/ublox_msgs/share/common-lisp/ros/ublox_msgs/msg/AidALM.lisp, /home/ubuntu/ROS/nautonomous_ws5/WaternetNautonomous/devel/share/common-lisp/ros/ublox_msgs/msg/AidALM.lisp)
Linked: (/home/ubuntu/ROS/nautonomous_ws5/WaternetNautonomous/devel/.private/ublox_msgs/share/common-lisp/ros/ublox_msgs/msg/CfgGNSS.lisp, /home/ubuntu/ROS/nautonomous_ws5/WaternetNautonomous/devel/share/common-lisp/ros/ublox_msgs/msg/CfgGNSS.lisp)
Linked: (/home/ubuntu/ROS/nautonomous_ws5/WaternetNautonomous/devel/.private/ublox_msgs/share/common-lisp/ros/ublox_msgs/msg/RxmRAW.lisp, /home/ubuntu/ROS/nautonomous_ws5/WaternetNautonomous/devel/share/common-lisp/ros/ublox_msgs/msg/RxmRAW.lisp)
Linked: (/home/ubuntu/ROS/nautonomous_ws5/WaternetNautonomous/devel/.private/ublox_msgs/share/common-lisp/ros/ublox_msgs/msg/NavTIMEUTC.lisp, /home/ubuntu/ROS/nautonomous_ws5/WaternetNautonomous/devel/share/common-lisp/ros/ublox_msgs/msg/NavTIMEUTC.lisp)
Linked: (/home/ubuntu/ROS/nautonomous_ws5/WaternetNautonomous/devel/.private/ublox_msgs/share/common-lisp/ros/ublox_msgs/msg/NavDGPS_SV.lisp, /home/ubuntu/ROS/nautonomous_ws5/WaternetNautonomous/devel/share/common-lisp/ros/ublox_msgs/msg/NavDGPS_SV.lisp)
Linked: (/home/ubuntu/ROS/nautonomous_ws5/WaternetNautonomous/devel/.private/ublox_msgs/share/common-lisp/ros/ublox_msgs/msg/CfgSBAS.lisp, /home/ubuntu/ROS/nautonomous_ws5/WaternetNautonomous/devel/share/common-lisp/ros/ublox_msgs/msg/CfgSBAS.lisp)
Linked: (/home/ubuntu/ROS/nautonomous_ws5/WaternetNautonomous/devel/.private/ublox_msgs/share/common-lisp/ros/ublox_msgs/msg/CfgCFG.lisp, /home/ubuntu/ROS/nautonomous_ws5/WaternetNautonomous/devel/share/common-lisp/ros/ublox_msgs/msg/CfgCFG.lisp)
Linked: (/home/ubuntu/ROS/nautonomous_ws5/WaternetNautonomous/devel/.private/ublox_msgs/share/common-lisp/ros/ublox_msgs/msg/NavVELECEF.lisp, /home/ubuntu/ROS/nautonomous_ws5/WaternetNautonomous/devel/share/common-lisp/ros/ublox_msgs/msg/NavVELECEF.lisp)
Linked: (/home/ubuntu/ROS/nautonomous_ws5/WaternetNautonomous/devel/.private/ublox_msgs/share/common-lisp/ros/ublox_msgs/msg/ublox_msgs-msg.asd, /home/ubuntu/ROS/nautonomous_ws5/WaternetNautonomous/devel/share/common-lisp/ros/ublox_msgs/msg/ublox_msgs-msg.asd)
Linked: (/home/ubuntu/ROS/nautonomous_ws5/WaternetNautonomous/devel/.private/ublox_msgs/share/common-lisp/ros/ublox_msgs/msg/NavSVINFO_SV.lisp, /home/ubuntu/ROS/nautonomous_ws5/WaternetNautonomous/devel/share/common-lisp/ros/ublox_msgs/msg/NavSVINFO_SV.lisp)
Linked: (/home/ubuntu/ROS/nautonomous_ws5/WaternetNautonomous/devel/.private/ublox_msgs/share/common-lisp/ros/ublox_msgs/msg/_package_NavPOSECEF.lisp, /home/ubuntu/ROS/nautonomous_ws5/WaternetNautonomous/devel/share/common-lisp/ros/ublox_msgs/msg/_package_NavPOSECEF.lisp)
Linked: (/home/ubuntu/ROS/nautonomous_ws5/WaternetNautonomous/devel/.private/ublox_msgs/share/common-lisp/ros/ublox_msgs/msg/NavDGPS.lisp, /home/ubuntu/ROS/nautonomous_ws5/WaternetNautonomous/devel/share/common-lisp/ros/ublox_msgs/msg/NavDGPS.lisp)
Linked: (/home/ubuntu/ROS/nautonomous_ws5/WaternetNautonomous/devel/.private/ublox_msgs/share/common-lisp/ros/ublox_msgs/msg/_package_NavTIMEGPS.lisp, /home/ubuntu/ROS/nautonomous_ws5/WaternetNautonomous/devel/share/common-lisp/ros/ublox_msgs/msg/_package_NavTIMEGPS.lisp)
Linked: (/home/ubuntu/ROS/nautonomous_ws5/WaternetNautonomous/devel/.private/ublox_msgs/share/common-lisp/ros/ublox_msgs/msg/_package_NavDOP.lisp, /home/ubuntu/ROS/nautonomous_ws5/WaternetNautonomous/devel/share/common-lisp/ros/ublox_msgs/msg/_package_NavDOP.lisp)
Linked: (/home/ubuntu/ROS/nautonomous_ws5/WaternetNautonomous/devel/.private/ublox_msgs/share/common-lisp/ros/ublox_msgs/msg/_package_NavSOL.lisp, /home/ubuntu/ROS/nautonomous_ws5/WaternetNautonomous/devel/share/common-lisp/ros/ublox_msgs/msg/_package_NavSOL.lisp)
Linked: (/home/ubuntu/ROS/nautonomous_ws5/WaternetNautonomous/devel/.private/ublox_msgs/share/common-lisp/ros/ublox_msgs/msg/_package_NavSBAS.lisp, /home/ubuntu/ROS/nautonomous_ws5/WaternetNautonomous/devel/share/common-lisp/ros/ublox_msgs/msg/_package_NavSBAS.lisp)
Linked: (/home/ubuntu/ROS/nautonomous_ws5/WaternetNautonomous/devel/.private/ublox_msgs/share/common-lisp/ros/ublox_msgs/msg/_package_CfgRATE.lisp, /home/ubuntu/ROS/nautonomous_ws5/WaternetNautonomous/devel/share/common-lisp/ros/ublox_msgs/msg/_package_CfgRATE.lisp)
Linked: (/home/ubuntu/ROS/nautonomous_ws5/WaternetNautonomous/devel/.private/ublox_msgs/share/common-lisp/ros/ublox_msgs/msg/_package_CfgGNSS.lisp, /home/ubuntu/ROS/nautonomous_ws5/WaternetNautonomous/devel/share/common-lisp/ros/ublox_msgs/msg/_package_CfgGNSS.lisp)
Linked: (/home/ubuntu/ROS/nautonomous_ws5/WaternetNautonomous/devel/.private/ublox_msgs/share/common-lisp/ros/ublox_msgs/msg/RxmEPH.lisp, /home/ubuntu/ROS/nautonomous_ws5/WaternetNautonomous/devel/share/common-lisp/ros/ublox_msgs/msg/RxmEPH.lisp)
Linked: (/home/ubuntu/ROS/nautonomous_ws5/WaternetNautonomous/devel/.private/ublox_msgs/share/common-lisp/ros/ublox_msgs/msg/_package_RxmRAW_SV.lisp, /home/ubuntu/ROS/nautonomous_ws5/WaternetNautonomous/devel/share/common-lisp/ros/ublox_msgs/msg/_package_RxmRAW_SV.lisp)
Linked: (/home/ubuntu/ROS/nautonomous_ws5/WaternetNautonomous/devel/.private/ublox_msgs/share/common-lisp/ros/ublox_msgs/msg/_package_NavVELNED.lisp, /home/ubuntu/ROS/nautonomous_ws5/WaternetNautonomous/devel/share/common-lisp/ros/ublox_msgs/msg/_package_NavVELNED.lisp)
Linked: (/home/ubuntu/ROS/nautonomous_ws5/WaternetNautonomous/devel/.private/ublox_msgs/share/common-lisp/ros/ublox_msgs/msg/_package_MonVER.lisp, /home/ubuntu/ROS/nautonomous_ws5/WaternetNautonomous/devel/share/common-lisp/ros/ublox_msgs/msg/_package_MonVER.lisp)
Linked: (/home/ubuntu/ROS/nautonomous_ws5/WaternetNautonomous/devel/.private/ublox_msgs/share/common-lisp/ros/ublox_msgs/msg/NavSBAS.lisp, /home/ubuntu/ROS/nautonomous_ws5/WaternetNautonomous/devel/share/common-lisp/ros/ublox_msgs/msg/NavSBAS.lisp)
Linked: (/home/ubuntu/ROS/nautonomous_ws5/WaternetNautonomous/devel/.private/ublox_msgs/share/common-lisp/ros/ublox_msgs/msg/_package_NavSVINFO.lisp, /home/ubuntu/ROS/nautonomous_ws5/WaternetNautonomous/devel/share/common-lisp/ros/ublox_msgs/msg/_package_NavSVINFO.lisp)
Linked: (/home/ubuntu/ROS/nautonomous_ws5/WaternetNautonomous/devel/.private/ublox_msgs/share/common-lisp/ros/ublox_msgs/msg/_package_RxmRAW.lisp, /home/ubuntu/ROS/nautonomous_ws5/WaternetNautonomous/devel/share/common-lisp/ros/ublox_msgs/msg/_package_RxmRAW.lisp)
Linked: (/home/ubuntu/ROS/nautonomous_ws5/WaternetNautonomous/devel/.private/ublox_msgs/share/common-lisp/ros/ublox_msgs/msg/AidHUI.lisp, /home/ubuntu/ROS/nautonomous_ws5/WaternetNautonomous/devel/share/common-lisp/ros/ublox_msgs/msg/AidHUI.lisp)
Linked: (/home/ubuntu/ROS/nautonomous_ws5/WaternetNautonomous/devel/.private/ublox_msgs/share/common-lisp/ros/ublox_msgs/msg/RxmRAW_SV.lisp, /home/ubuntu/ROS/nautonomous_ws5/WaternetNautonomous/devel/share/common-lisp/ros/ublox_msgs/msg/RxmRAW_SV.lisp)
Linked: (/home/ubuntu/ROS/nautonomous_ws5/WaternetNautonomous/devel/.private/ublox_msgs/share/common-lisp/ros/ublox_msgs/msg/RxmALM.lisp, /home/ubuntu/ROS/nautonomous_ws5/WaternetNautonomous/devel/share/common-lisp/ros/ublox_msgs/msg/RxmALM.lisp)
Linked: (/home/ubuntu/ROS/nautonomous_ws5/WaternetNautonomous/devel/.private/ublox_msgs/share/common-lisp/ros/ublox_msgs/msg/_package_NavCLOCK.lisp, /home/ubuntu/ROS/nautonomous_ws5/WaternetNautonomous/devel/share/common-lisp/ros/ublox_msgs/msg/_package_NavCLOCK.lisp)
Linked: (/home/ubuntu/ROS/nautonomous_ws5/WaternetNautonomous/devel/.private/ublox_msgs/share/common-lisp/ros/ublox_msgs/msg/RxmSVSI.lisp, /home/ubuntu/ROS/nautonomous_ws5/WaternetNautonomous/devel/share/common-lisp/ros/ublox_msgs/msg/RxmSVSI.lisp)
Linked: (/home/ubuntu/ROS/nautonomous_ws5/WaternetNautonomous/devel/.private/ublox_msgs/share/common-lisp/ros/ublox_msgs/msg/_package_NavDGPS.lisp, /home/ubuntu/ROS/nautonomous_ws5/WaternetNautonomous/devel/share/common-lisp/ros/ublox_msgs/msg/_package_NavDGPS.lisp)
Linked: (/home/ubuntu/ROS/nautonomous_ws5/WaternetNautonomous/devel/.private/ublox_msgs/share/gennodejs/ros/ublox_msgs/base_serialize.js, /home/ubuntu/ROS/nautonomous_ws5/WaternetNautonomous/devel/share/gennodejs/ros/ublox_msgs/base_serialize.js)
Linked: (/home/ubuntu/ROS/nautonomous_ws5/WaternetNautonomous/devel/.private/ublox_msgs/share/gennodejs/ros/ublox_msgs/base_deserialize.js, /home/ubuntu/ROS/nautonomous_ws5/WaternetNautonomous/devel/share/gennodejs/ros/ublox_msgs/base_deserialize.js)
Linked: (/home/ubuntu/ROS/nautonomous_ws5/WaternetNautonomous/devel/.private/ublox_msgs/share/gennodejs/ros/ublox_msgs/find.js, /home/ubuntu/ROS/nautonomous_ws5/WaternetNautonomous/devel/share/gennodejs/ros/ublox_msgs/find.js)
Linked: (/home/ubuntu/ROS/nautonomous_ws5/WaternetNautonomous/devel/.private/ublox_msgs/share/gennodejs/ros/ublox_msgs/_index.js, /home/ubuntu/ROS/nautonomous_ws5/WaternetNautonomous/devel/share/gennodejs/ros/ublox_msgs/_index.js)
Linked: (/home/ubuntu/ROS/nautonomous_ws5/WaternetNautonomous/devel/.private/ublox_msgs/share/gennodejs/ros/ublox_msgs/msg/NavSBAS.js, /home/ubuntu/ROS/nautonomous_ws5/WaternetNautonomous/devel/share/gennodejs/ros/ublox_msgs/msg/NavSBAS.js)
Linked: (/home/ubuntu/ROS/nautonomous_ws5/WaternetNautonomous/devel/.private/ublox_msgs/share/gennodejs/ros/ublox_msgs/msg/NavDOP.js, /home/ubuntu/ROS/nautonomous_ws5/WaternetNautonomous/devel/share/gennodejs/ros/ublox_msgs/msg/NavDOP.js)
Linked: (/home/ubuntu/ROS/nautonomous_ws5/WaternetNautonomous/devel/.private/ublox_msgs/share/gennodejs/ros/ublox_msgs/msg/CfgPRT.js, /home/ubuntu/ROS/nautonomous_ws5/WaternetNautonomous/devel/share/gennodejs/ros/ublox_msgs/msg/CfgPRT.js)
Linked: (/home/ubuntu/ROS/nautonomous_ws5/WaternetNautonomous/devel/.private/ublox_msgs/share/gennodejs/ros/ublox_msgs/msg/NavVELECEF.js, /home/ubuntu/ROS/nautonomous_ws5/WaternetNautonomous/devel/share/gennodejs/ros/ublox_msgs/msg/NavVELECEF.js)
Linked: (/home/ubuntu/ROS/nautonomous_ws5/WaternetNautonomous/devel/.private/ublox_msgs/share/gennodejs/ros/ublox_msgs/msg/NavPOSECEF.js, /home/ubuntu/ROS/nautonomous_ws5/WaternetNautonomous/devel/share/gennodejs/ros/ublox_msgs/msg/NavPOSECEF.js)
Linked: (/home/ubuntu/ROS/nautonomous_ws5/WaternetNautonomous/devel/.private/ublox_msgs/share/gennodejs/ros/ublox_msgs/msg/NavPOSLLH.js, /home/ubuntu/ROS/nautonomous_ws5/WaternetNautonomous/devel/share/gennodejs/ros/ublox_msgs/msg/NavPOSLLH.js)
Linked: (/home/ubuntu/ROS/nautonomous_ws5/WaternetNautonomous/devel/.private/ublox_msgs/share/gennodejs/ros/ublox_msgs/msg/NavCLOCK.js, /home/ubuntu/ROS/nautonomous_ws5/WaternetNautonomous/devel/share/gennodejs/ros/ublox_msgs/msg/NavCLOCK.js)
Linked: (/home/ubuntu/ROS/nautonomous_ws5/WaternetNautonomous/devel/.private/ublox_msgs/share/gennodejs/ros/ublox_msgs/msg/CfgNAV5.js, /home/ubuntu/ROS/nautonomous_ws5/WaternetNautonomous/devel/share/gennodejs/ros/ublox_msgs/msg/CfgNAV5.js)
Linked: (/home/ubuntu/ROS/nautonomous_ws5/WaternetNautonomous/devel/.private/ublox_msgs/share/gennodejs/ros/ublox_msgs/msg/NavVELNED.js, /home/ubuntu/ROS/nautonomous_ws5/WaternetNautonomous/devel/share/gennodejs/ros/ublox_msgs/msg/NavVELNED.js)
Linked: (/home/ubuntu/ROS/nautonomous_ws5/WaternetNautonomous/devel/.private/ublox_msgs/share/gennodejs/ros/ublox_msgs/msg/CfgSBAS.js, /home/ubuntu/ROS/nautonomous_ws5/WaternetNautonomous/devel/share/gennodejs/ros/ublox_msgs/msg/CfgSBAS.js)
Linked: (/home/ubuntu/ROS/nautonomous_ws5/WaternetNautonomous/devel/.private/ublox_msgs/share/gennodejs/ros/ublox_msgs/msg/NavSVINFO.js, /home/ubuntu/ROS/nautonomous_ws5/WaternetNautonomous/devel/share/gennodejs/ros/ublox_msgs/msg/NavSVINFO.js)
Linked: (/home/ubuntu/ROS/nautonomous_ws5/WaternetNautonomous/devel/.private/ublox_msgs/share/gennodejs/ros/ublox_msgs/msg/RxmRAW.js, /home/ubuntu/ROS/nautonomous_ws5/WaternetNautonomous/devel/share/gennodejs/ros/ublox_msgs/msg/RxmRAW.js)
Linked: (/home/ubuntu/ROS/nautonomous_ws5/WaternetNautonomous/devel/.private/ublox_msgs/share/gennodejs/ros/ublox_msgs/msg/NavSVINFO_SV.js, /home/ubuntu/ROS/nautonomous_ws5/WaternetNautonomous/devel/share/gennodejs/ros/ublox_msgs/msg/NavSVINFO_SV.js)
Linked: (/home/ubuntu/ROS/nautonomous_ws5/WaternetNautonomous/devel/.private/ublox_msgs/share/gennodejs/ros/ublox_msgs/msg/RxmALM.js, /home/ubuntu/ROS/nautonomous_ws5/WaternetNautonomous/devel/share/gennodejs/ros/ublox_msgs/msg/RxmALM.js)
Linked: (/home/ubuntu/ROS/nautonomous_ws5/WaternetNautonomous/devel/.private/ublox_msgs/share/gennodejs/ros/ublox_msgs/msg/NavTIMEGPS.js, /home/ubuntu/ROS/nautonomous_ws5/WaternetNautonomous/devel/share/gennodejs/ros/ublox_msgs/msg/NavTIMEGPS.js)
Linked: (/home/ubuntu/ROS/nautonomous_ws5/WaternetNautonomous/devel/.private/ublox_msgs/share/gennodejs/ros/ublox_msgs/msg/CfgCFG.js, /home/ubuntu/ROS/nautonomous_ws5/WaternetNautonomous/devel/share/gennodejs/ros/ublox_msgs/msg/CfgCFG.js)
Linked: (/home/ubuntu/ROS/nautonomous_ws5/WaternetNautonomous/devel/.private/ublox_msgs/share/gennodejs/ros/ublox_msgs/msg/NavDGPS.js, /home/ubuntu/ROS/nautonomous_ws5/WaternetNautonomous/devel/share/gennodejs/ros/ublox_msgs/msg/NavDGPS.js)
Linked: (/home/ubuntu/ROS/nautonomous_ws5/WaternetNautonomous/devel/.private/ublox_msgs/share/gennodejs/ros/ublox_msgs/msg/CfgANT.js, /home/ubuntu/ROS/nautonomous_ws5/WaternetNautonomous/devel/share/gennodejs/ros/ublox_msgs/msg/CfgANT.js)
Linked: (/home/ubuntu/ROS/nautonomous_ws5/WaternetNautonomous/devel/.private/ublox_msgs/share/gennodejs/ros/ublox_msgs/msg/RxmRAW_SV.js, /home/ubuntu/ROS/nautonomous_ws5/WaternetNautonomous/devel/share/gennodejs/ros/ublox_msgs/msg/RxmRAW_SV.js)
Linked: (/home/ubuntu/ROS/nautonomous_ws5/WaternetNautonomous/devel/.private/ublox_msgs/share/gennodejs/ros/ublox_msgs/msg/NavSOL.js, /home/ubuntu/ROS/nautonomous_ws5/WaternetNautonomous/devel/share/gennodejs/ros/ublox_msgs/msg/NavSOL.js)
Linked: (/home/ubuntu/ROS/nautonomous_ws5/WaternetNautonomous/devel/.private/ublox_msgs/share/gennodejs/ros/ublox_msgs/msg/CfgRATE.js, /home/ubuntu/ROS/nautonomous_ws5/WaternetNautonomous/devel/share/gennodejs/ros/ublox_msgs/msg/CfgRATE.js)
Linked: (/home/ubuntu/ROS/nautonomous_ws5/WaternetNautonomous/devel/.private/ublox_msgs/share/gennodejs/ros/ublox_msgs/msg/NavTIMEUTC.js, /home/ubuntu/ROS/nautonomous_ws5/WaternetNautonomous/devel/share/gennodejs/ros/ublox_msgs/msg/NavTIMEUTC.js)
Linked: (/home/ubuntu/ROS/nautonomous_ws5/WaternetNautonomous/devel/.private/ublox_msgs/share/gennodejs/ros/ublox_msgs/msg/RxmSFRB.js, /home/ubuntu/ROS/nautonomous_ws5/WaternetNautonomous/devel/share/gennodejs/ros/ublox_msgs/msg/RxmSFRB.js)
Linked: (/home/ubuntu/ROS/nautonomous_ws5/WaternetNautonomous/devel/.private/ublox_msgs/share/gennodejs/ros/ublox_msgs/msg/CfgGNSS.js, /home/ubuntu/ROS/nautonomous_ws5/WaternetNautonomous/devel/share/gennodejs/ros/ublox_msgs/msg/CfgGNSS.js)
Linked: (/home/ubuntu/ROS/nautonomous_ws5/WaternetNautonomous/devel/.private/ublox_msgs/share/gennodejs/ros/ublox_msgs/msg/AidHUI.js, /home/ubuntu/ROS/nautonomous_ws5/WaternetNautonomous/devel/share/gennodejs/ros/ublox_msgs/msg/AidHUI.js)
Linked: (/home/ubuntu/ROS/nautonomous_ws5/WaternetNautonomous/devel/.private/ublox_msgs/share/gennodejs/ros/ublox_msgs/msg/AidALM.js, /home/ubuntu/ROS/nautonomous_ws5/WaternetNautonomous/devel/share/gennodejs/ros/ublox_msgs/msg/AidALM.js)
Linked: (/home/ubuntu/ROS/nautonomous_ws5/WaternetNautonomous/devel/.private/ublox_msgs/share/gennodejs/ros/ublox_msgs/msg/RxmSVSI.js, /home/ubuntu/ROS/nautonomous_ws5/WaternetNautonomous/devel/share/gennodejs/ros/ublox_msgs/msg/RxmSVSI.js)
Linked: (/home/ubuntu/ROS/nautonomous_ws5/WaternetNautonomous/devel/.private/ublox_msgs/share/gennodejs/ros/ublox_msgs/msg/_index.js, /home/ubuntu/ROS/nautonomous_ws5/WaternetNautonomous/devel/share/gennodejs/ros/ublox_msgs/msg/_index.js)
Linked: (/home/ubuntu/ROS/nautonomous_ws5/WaternetNautonomous/devel/.private/ublox_msgs/share/gennodejs/ros/ublox_msgs/msg/RxmSVSI_SV.js, /home/ubuntu/ROS/nautonomous_ws5/WaternetNautonomous/devel/share/gennodejs/ros/ublox_msgs/msg/RxmSVSI_SV.js)
Linked: (/home/ubuntu/ROS/nautonomous_ws5/WaternetNautonomous/devel/.private/ublox_msgs/share/gennodejs/ros/ublox_msgs/msg/RxmEPH.js, /home/ubuntu/ROS/nautonomous_ws5/WaternetNautonomous/devel/share/gennodejs/ros/ublox_msgs/msg/RxmEPH.js)
Linked: (/home/ubuntu/ROS/nautonomous_ws5/WaternetNautonomous/devel/.private/ublox_msgs/share/gennodejs/ros/ublox_msgs/msg/CfgMSG.js, /home/ubuntu/ROS/nautonomous_ws5/WaternetNautonomous/devel/share/gennodejs/ros/ublox_msgs/msg/CfgMSG.js)
Linked: (/home/ubuntu/ROS/nautonomous_ws5/WaternetNautonomous/devel/.private/ublox_msgs/share/gennodejs/ros/ublox_msgs/msg/NavDGPS_SV.js, /home/ubuntu/ROS/nautonomous_ws5/WaternetNautonomous/devel/share/gennodejs/ros/ublox_msgs/msg/NavDGPS_SV.js)
Linked: (/home/ubuntu/ROS/nautonomous_ws5/WaternetNautonomous/devel/.private/ublox_msgs/share/gennodejs/ros/ublox_msgs/msg/NavSTATUS.js, /home/ubuntu/ROS/nautonomous_ws5/WaternetNautonomous/devel/share/gennodejs/ros/ublox_msgs/msg/NavSTATUS.js)
Linked: (/home/ubuntu/ROS/nautonomous_ws5/WaternetNautonomous/devel/.private/ublox_msgs/share/gennodejs/ros/ublox_msgs/msg/AidEPH.js, /home/ubuntu/ROS/nautonomous_ws5/WaternetNautonomous/devel/share/gennodejs/ros/ublox_msgs/msg/AidEPH.js)
Linked: (/home/ubuntu/ROS/nautonomous_ws5/WaternetNautonomous/devel/.private/ublox_msgs/share/gennodejs/ros/ublox_msgs/msg/NavSBAS_SV.js, /home/ubuntu/ROS/nautonomous_ws5/WaternetNautonomous/devel/share/gennodejs/ros/ublox_msgs/msg/NavSBAS_SV.js)
Linked: (/home/ubuntu/ROS/nautonomous_ws5/WaternetNautonomous/devel/.private/ublox_msgs/share/gennodejs/ros/ublox_msgs/msg/MonVER.js, /home/ubuntu/ROS/nautonomous_ws5/WaternetNautonomous/devel/share/gennodejs/ros/ublox_msgs/msg/MonVER.js)
Linked: (/home/ubuntu/ROS/nautonomous_ws5/WaternetNautonomous/devel/.private/ublox_msgs/share/gennodejs/ros/ublox_msgs/msg/CfgNAVX5.js, /home/ubuntu/ROS/nautonomous_ws5/WaternetNautonomous/devel/share/gennodejs/ros/ublox_msgs/msg/CfgNAVX5.js)
Linked: (/home/ubuntu/ROS/nautonomous_ws5/WaternetNautonomous/devel/.private/ublox_msgs/share/roseus/ros/ublox_msgs/manifest.l, /home/ubuntu/ROS/nautonomous_ws5/WaternetNautonomous/devel/share/roseus/ros/ublox_msgs/manifest.l)
Linked: (/home/ubuntu/ROS/nautonomous_ws5/WaternetNautonomous/devel/.private/ublox_msgs/share/roseus/ros/ublox_msgs/msg/CfgANT.l, /home/ubuntu/ROS/nautonomous_ws5/WaternetNautonomous/devel/share/roseus/ros/ublox_msgs/msg/CfgANT.l)
Linked: (/home/ubuntu/ROS/nautonomous_ws5/WaternetNautonomous/devel/.private/ublox_msgs/share/roseus/ros/ublox_msgs/msg/CfgSBAS.l, /home/ubuntu/ROS/nautonomous_ws5/WaternetNautonomous/devel/share/roseus/ros/ublox_msgs/msg/CfgSBAS.l)
Linked: (/home/ubuntu/ROS/nautonomous_ws5/WaternetNautonomous/devel/.private/ublox_msgs/share/roseus/ros/ublox_msgs/msg/NavVELECEF.l, /home/ubuntu/ROS/nautonomous_ws5/WaternetNautonomous/devel/share/roseus/ros/ublox_msgs/msg/NavVELECEF.l)
Linked: (/home/ubuntu/ROS/nautonomous_ws5/WaternetNautonomous/devel/.private/ublox_msgs/share/roseus/ros/ublox_msgs/msg/NavSTATUS.l, /home/ubuntu/ROS/nautonomous_ws5/WaternetNautonomous/devel/share/roseus/ros/ublox_msgs/msg/NavSTATUS.l)
Linked: (/home/ubuntu/ROS/nautonomous_ws5/WaternetNautonomous/devel/.private/ublox_msgs/share/roseus/ros/ublox_msgs/msg/NavTIMEGPS.l, /home/ubuntu/ROS/nautonomous_ws5/WaternetNautonomous/devel/share/roseus/ros/ublox_msgs/msg/NavTIMEGPS.l)
Linked: (/home/ubuntu/ROS/nautonomous_ws5/WaternetNautonomous/devel/.private/ublox_msgs/share/roseus/ros/ublox_msgs/msg/RxmALM.l, /home/ubuntu/ROS/nautonomous_ws5/WaternetNautonomous/devel/share/roseus/ros/ublox_msgs/msg/RxmALM.l)
Linked: (/home/ubuntu/ROS/nautonomous_ws5/WaternetNautonomous/devel/.private/ublox_msgs/share/roseus/ros/ublox_msgs/msg/RxmSVSI.l, /home/ubuntu/ROS/nautonomous_ws5/WaternetNautonomous/devel/share/roseus/ros/ublox_msgs/msg/RxmSVSI.l)
Linked: (/home/ubuntu/ROS/nautonomous_ws5/WaternetNautonomous/devel/.private/ublox_msgs/share/roseus/ros/ublox_msgs/msg/MonVER.l, /home/ubuntu/ROS/nautonomous_ws5/WaternetNautonomous/devel/share/roseus/ros/ublox_msgs/msg/MonVER.l)
Linked: (/home/ubuntu/ROS/nautonomous_ws5/WaternetNautonomous/devel/.private/ublox_msgs/share/roseus/ros/ublox_msgs/msg/RxmSVSI_SV.l, /home/ubuntu/ROS/nautonomous_ws5/WaternetNautonomous/devel/share/roseus/ros/ublox_msgs/msg/RxmSVSI_SV.l)
Linked: (/home/ubuntu/ROS/nautonomous_ws5/WaternetNautonomous/devel/.private/ublox_msgs/share/roseus/ros/ublox_msgs/msg/CfgRATE.l, /home/ubuntu/ROS/nautonomous_ws5/WaternetNautonomous/devel/share/roseus/ros/ublox_msgs/msg/CfgRATE.l)
Linked: (/home/ubuntu/ROS/nautonomous_ws5/WaternetNautonomous/devel/.private/ublox_msgs/share/roseus/ros/ublox_msgs/msg/NavCLOCK.l, /home/ubuntu/ROS/nautonomous_ws5/WaternetNautonomous/devel/share/roseus/ros/ublox_msgs/msg/NavCLOCK.l)
Linked: (/home/ubuntu/ROS/nautonomous_ws5/WaternetNautonomous/devel/.private/ublox_msgs/share/roseus/ros/ublox_msgs/msg/RxmRAW_SV.l, /home/ubuntu/ROS/nautonomous_ws5/WaternetNautonomous/devel/share/roseus/ros/ublox_msgs/msg/RxmRAW_SV.l)
Linked: (/home/ubuntu/ROS/nautonomous_ws5/WaternetNautonomous/devel/.private/ublox_msgs/share/roseus/ros/ublox_msgs/msg/RxmSFRB.l, /home/ubuntu/ROS/nautonomous_ws5/WaternetNautonomous/devel/share/roseus/ros/ublox_msgs/msg/RxmSFRB.l)
Linked: (/home/ubuntu/ROS/nautonomous_ws5/WaternetNautonomous/devel/.private/ublox_msgs/share/roseus/ros/ublox_msgs/msg/NavSVINFO.l, /home/ubuntu/ROS/nautonomous_ws5/WaternetNautonomous/devel/share/roseus/ros/ublox_msgs/msg/NavSVINFO.l)
Linked: (/home/ubuntu/ROS/nautonomous_ws5/WaternetNautonomous/devel/.private/ublox_msgs/share/roseus/ros/ublox_msgs/msg/NavSOL.l, /home/ubuntu/ROS/nautonomous_ws5/WaternetNautonomous/devel/share/roseus/ros/ublox_msgs/msg/NavSOL.l)
Linked: (/home/ubuntu/ROS/nautonomous_ws5/WaternetNautonomous/devel/.private/ublox_msgs/share/roseus/ros/ublox_msgs/msg/NavSVINFO_SV.l, /home/ubuntu/ROS/nautonomous_ws5/WaternetNautonomous/devel/share/roseus/ros/ublox_msgs/msg/NavSVINFO_SV.l)
Linked: (/home/ubuntu/ROS/nautonomous_ws5/WaternetNautonomous/devel/.private/ublox_msgs/share/roseus/ros/ublox_msgs/msg/NavSBAS.l, /home/ubuntu/ROS/nautonomous_ws5/WaternetNautonomous/devel/share/roseus/ros/ublox_msgs/msg/NavSBAS.l)
Linked: (/home/ubuntu/ROS/nautonomous_ws5/WaternetNautonomous/devel/.private/ublox_msgs/share/roseus/ros/ublox_msgs/msg/AidALM.l, /home/ubuntu/ROS/nautonomous_ws5/WaternetNautonomous/devel/share/roseus/ros/ublox_msgs/msg/AidALM.l)
Linked: (/home/ubuntu/ROS/nautonomous_ws5/WaternetNautonomous/devel/.private/ublox_msgs/share/roseus/ros/ublox_msgs/msg/CfgPRT.l, /home/ubuntu/ROS/nautonomous_ws5/WaternetNautonomous/devel/share/roseus/ros/ublox_msgs/msg/CfgPRT.l)
Linked: (/home/ubuntu/ROS/nautonomous_ws5/WaternetNautonomous/devel/.private/ublox_msgs/share/roseus/ros/ublox_msgs/msg/RxmEPH.l, /home/ubuntu/ROS/nautonomous_ws5/WaternetNautonomous/devel/share/roseus/ros/ublox_msgs/msg/RxmEPH.l)
Linked: (/home/ubuntu/ROS/nautonomous_ws5/WaternetNautonomous/devel/.private/ublox_msgs/share/roseus/ros/ublox_msgs/msg/NavPOSECEF.l, /home/ubuntu/ROS/nautonomous_ws5/WaternetNautonomous/devel/share/roseus/ros/ublox_msgs/msg/NavPOSECEF.l)
Linked: (/home/ubuntu/ROS/nautonomous_ws5/WaternetNautonomous/devel/.private/ublox_msgs/share/roseus/ros/ublox_msgs/msg/NavSBAS_SV.l, /home/ubuntu/ROS/nautonomous_ws5/WaternetNautonomous/devel/share/roseus/ros/ublox_msgs/msg/NavSBAS_SV.l)
Linked: (/home/ubuntu/ROS/nautonomous_ws5/WaternetNautonomous/devel/.private/ublox_msgs/share/roseus/ros/ublox_msgs/msg/NavTIMEUTC.l, /home/ubuntu/ROS/nautonomous_ws5/WaternetNautonomous/devel/share/roseus/ros/ublox_msgs/msg/NavTIMEUTC.l)
Linked: (/home/ubuntu/ROS/nautonomous_ws5/WaternetNautonomous/devel/.private/ublox_msgs/share/roseus/ros/ublox_msgs/msg/NavDOP.l, /home/ubuntu/ROS/nautonomous_ws5/WaternetNautonomous/devel/share/roseus/ros/ublox_msgs/msg/NavDOP.l)
Linked: (/home/ubuntu/ROS/nautonomous_ws5/WaternetNautonomous/devel/.private/ublox_msgs/share/roseus/ros/ublox_msgs/msg/AidHUI.l, /home/ubuntu/ROS/nautonomous_ws5/WaternetNautonomous/devel/share/roseus/ros/ublox_msgs/msg/AidHUI.l)
Linked: (/home/ubuntu/ROS/nautonomous_ws5/WaternetNautonomous/devel/.private/ublox_msgs/share/roseus/ros/ublox_msgs/msg/NavDGPS.l, /home/ubuntu/ROS/nautonomous_ws5/WaternetNautonomous/devel/share/roseus/ros/ublox_msgs/msg/NavDGPS.l)
Linked: (/home/ubuntu/ROS/nautonomous_ws5/WaternetNautonomous/devel/.private/ublox_msgs/share/roseus/ros/ublox_msgs/msg/NavDGPS_SV.l, /home/ubuntu/ROS/nautonomous_ws5/WaternetNautonomous/devel/share/roseus/ros/ublox_msgs/msg/NavDGPS_SV.l)
Linked: (/home/ubuntu/ROS/nautonomous_ws5/WaternetNautonomous/devel/.private/ublox_msgs/share/roseus/ros/ublox_msgs/msg/CfgNAV5.l, /home/ubuntu/ROS/nautonomous_ws5/WaternetNautonomous/devel/share/roseus/ros/ublox_msgs/msg/CfgNAV5.l)
Linked: (/home/ubuntu/ROS/nautonomous_ws5/WaternetNautonomous/devel/.private/ublox_msgs/share/roseus/ros/ublox_msgs/msg/CfgNAVX5.l, /home/ubuntu/ROS/nautonomous_ws5/WaternetNautonomous/devel/share/roseus/ros/ublox_msgs/msg/CfgNAVX5.l)
Linked: (/home/ubuntu/ROS/nautonomous_ws5/WaternetNautonomous/devel/.private/ublox_msgs/share/roseus/ros/ublox_msgs/msg/CfgGNSS.l, /home/ubuntu/ROS/nautonomous_ws5/WaternetNautonomous/devel/share/roseus/ros/ublox_msgs/msg/CfgGNSS.l)
Linked: (/home/ubuntu/ROS/nautonomous_ws5/WaternetNautonomous/devel/.private/ublox_msgs/share/roseus/ros/ublox_msgs/msg/CfgMSG.l, /home/ubuntu/ROS/nautonomous_ws5/WaternetNautonomous/devel/share/roseus/ros/ublox_msgs/msg/CfgMSG.l)
Linked: (/home/ubuntu/ROS/nautonomous_ws5/WaternetNautonomous/devel/.private/ublox_msgs/share/roseus/ros/ublox_msgs/msg/RxmRAW.l, /home/ubuntu/ROS/nautonomous_ws5/WaternetNautonomous/devel/share/roseus/ros/ublox_msgs/msg/RxmRAW.l)
Linked: (/home/ubuntu/ROS/nautonomous_ws5/WaternetNautonomous/devel/.private/ublox_msgs/share/roseus/ros/ublox_msgs/msg/CfgCFG.l, /home/ubuntu/ROS/nautonomous_ws5/WaternetNautonomous/devel/share/roseus/ros/ublox_msgs/msg/CfgCFG.l)
Linked: (/home/ubuntu/ROS/nautonomous_ws5/WaternetNautonomous/devel/.private/ublox_msgs/share/roseus/ros/ublox_msgs/msg/NavVELNED.l, /home/ubuntu/ROS/nautonomous_ws5/WaternetNautonomous/devel/share/roseus/ros/ublox_msgs/msg/NavVELNED.l)
Linked: (/home/ubuntu/ROS/nautonomous_ws5/WaternetNautonomous/devel/.private/ublox_msgs/share/roseus/ros/ublox_msgs/msg/NavPOSLLH.l, /home/ubuntu/ROS/nautonomous_ws5/WaternetNautonomous/devel/share/roseus/ros/ublox_msgs/msg/NavPOSLLH.l)
Linked: (/home/ubuntu/ROS/nautonomous_ws5/WaternetNautonomous/devel/.private/ublox_msgs/share/roseus/ros/ublox_msgs/msg/AidEPH.l, /home/ubuntu/ROS/nautonomous_ws5/WaternetNautonomous/devel/share/roseus/ros/ublox_msgs/msg/AidEPH.l)
Linked: (/home/ubuntu/ROS/nautonomous_ws5/WaternetNautonomous/devel/.private/ublox_msgs/share/ublox_msgs/cmake/ublox_msgsConfig-version.cmake, /home/ubuntu/ROS/nautonomous_ws5/WaternetNautonomous/devel/share/ublox_msgs/cmake/ublox_msgsConfig-version.cmake)
Linked: (/home/ubuntu/ROS/nautonomous_ws5/WaternetNautonomous/devel/.private/ublox_msgs/share/ublox_msgs/cmake/ublox_msgsConfig.cmake, /home/ubuntu/ROS/nautonomous_ws5/WaternetNautonomous/devel/share/ublox_msgs/cmake/ublox_msgsConfig.cmake)
Linked: (/home/ubuntu/ROS/nautonomous_ws5/WaternetNautonomous/devel/.private/ublox_msgs/share/ublox_msgs/cmake/ublox_msgs-msg-paths.cmake, /home/ubuntu/ROS/nautonomous_ws5/WaternetNautonomous/devel/share/ublox_msgs/cmake/ublox_msgs-msg-paths.cmake)
Linked: (/home/ubuntu/ROS/nautonomous_ws5/WaternetNautonomous/devel/.private/ublox_msgs/share/ublox_msgs/cmake/ublox_msgs-msg-extras.cmake, /home/ubuntu/ROS/nautonomous_ws5/WaternetNautonomous/devel/share/ublox_msgs/cmake/ublox_msgs-msg-extras.cmake)
