Symlinking /home/ubuntu/ROS/nautonomous_ws5/WaternetNautonomous/devel/include/nautonomous_serverconnection_logger_server/LogGPS.h
Symlinking /home/ubuntu/ROS/nautonomous_ws5/WaternetNautonomous/devel/include/nautonomous_serverconnection_logger_server/IsAuth.h
Symlinking /home/ubuntu/ROS/nautonomous_ws5/WaternetNautonomous/devel/lib/nautonomous_serverconnection_logger_server/logger_server
Symlinking /home/ubuntu/ROS/nautonomous_ws5/WaternetNautonomous/devel/lib/python2.7/dist-packages/nautonomous_serverconnection_logger_server/__init__.py
Symlinking /home/ubuntu/ROS/nautonomous_ws5/WaternetNautonomous/devel/lib/python2.7/dist-packages/nautonomous_serverconnection_logger_server/msg/_LogGPS.py
Symlinking /home/ubuntu/ROS/nautonomous_ws5/WaternetNautonomous/devel/lib/python2.7/dist-packages/nautonomous_serverconnection_logger_server/msg/__init__.py
Symlinking /home/ubuntu/ROS/nautonomous_ws5/WaternetNautonomous/devel/lib/python2.7/dist-packages/nautonomous_serverconnection_logger_server/msg/_IsAuth.py
Symlinking /home/ubuntu/ROS/nautonomous_ws5/WaternetNautonomous/devel/lib/pkgconfig/nautonomous_serverconnection_logger_server.pc
Symlinking /home/ubuntu/ROS/nautonomous_ws5/WaternetNautonomous/devel/share/nautonomous_serverconnection_logger_server/cmake/nautonomous_serverconnection_logger_serverConfig.cmake
Symlinking /home/ubuntu/ROS/nautonomous_ws5/WaternetNautonomous/devel/share/nautonomous_serverconnection_logger_server/cmake/nautonomous_serverconnection_logger_server-msg-extras.cmake
Symlinking /home/ubuntu/ROS/nautonomous_ws5/WaternetNautonomous/devel/share/nautonomous_serverconnection_logger_server/cmake/nautonomous_serverconnection_logger_server-msg-paths.cmake
Symlinking /home/ubuntu/ROS/nautonomous_ws5/WaternetNautonomous/devel/share/nautonomous_serverconnection_logger_server/cmake/nautonomous_serverconnection_logger_serverConfig-version.cmake
Symlinking /home/ubuntu/ROS/nautonomous_ws5/WaternetNautonomous/devel/share/common-lisp/ros/nautonomous_serverconnection_logger_server/msg/_package.lisp
Symlinking /home/ubuntu/ROS/nautonomous_ws5/WaternetNautonomous/devel/share/common-lisp/ros/nautonomous_serverconnection_logger_server/msg/nautonomous_serverconnection_logger_server-msg.asd
Symlinking /home/ubuntu/ROS/nautonomous_ws5/WaternetNautonomous/devel/share/common-lisp/ros/nautonomous_serverconnection_logger_server/msg/LogGPS.lisp
Symlinking /home/ubuntu/ROS/nautonomous_ws5/WaternetNautonomous/devel/share/common-lisp/ros/nautonomous_serverconnection_logger_server/msg/_package_LogGPS.lisp
Symlinking /home/ubuntu/ROS/nautonomous_ws5/WaternetNautonomous/devel/share/common-lisp/ros/nautonomous_serverconnection_logger_server/msg/IsAuth.lisp
Symlinking /home/ubuntu/ROS/nautonomous_ws5/WaternetNautonomous/devel/share/common-lisp/ros/nautonomous_serverconnection_logger_server/msg/_package_IsAuth.lisp
Symlinking /home/ubuntu/ROS/nautonomous_ws5/WaternetNautonomous/devel/share/gennodejs/ros/nautonomous_serverconnection_logger_server/base_serialize.js
Symlinking /home/ubuntu/ROS/nautonomous_ws5/WaternetNautonomous/devel/share/gennodejs/ros/nautonomous_serverconnection_logger_server/base_deserialize.js
Symlinking /home/ubuntu/ROS/nautonomous_ws5/WaternetNautonomous/devel/share/gennodejs/ros/nautonomous_serverconnection_logger_server/find.js
Symlinking /home/ubuntu/ROS/nautonomous_ws5/WaternetNautonomous/devel/share/gennodejs/ros/nautonomous_serverconnection_logger_server/_index.js
Symlinking /home/ubuntu/ROS/nautonomous_ws5/WaternetNautonomous/devel/share/gennodejs/ros/nautonomous_serverconnection_logger_server/msg/LogGPS.js
Symlinking /home/ubuntu/ROS/nautonomous_ws5/WaternetNautonomous/devel/share/gennodejs/ros/nautonomous_serverconnection_logger_server/msg/_index.js
Symlinking /home/ubuntu/ROS/nautonomous_ws5/WaternetNautonomous/devel/share/gennodejs/ros/nautonomous_serverconnection_logger_server/msg/IsAuth.js
Symlinking /home/ubuntu/ROS/nautonomous_ws5/WaternetNautonomous/devel/share/roseus/ros/nautonomous_serverconnection_logger_server/manifest.l
Symlinking /home/ubuntu/ROS/nautonomous_ws5/WaternetNautonomous/devel/share/roseus/ros/nautonomous_serverconnection_logger_server/msg/LogGPS.l
Symlinking /home/ubuntu/ROS/nautonomous_ws5/WaternetNautonomous/devel/share/roseus/ros/nautonomous_serverconnection_logger_server/msg/IsAuth.l
