Determining if the pthread_create exist failed with the following output:
Change Dir: /home/ubuntu/ROS/nautonomous_ws4/build/catkin_tools_prebuild/CMakeFiles/CMakeTmp

Run Build Command:"/usr/bin/make" "cmTC_38932/fast"
/usr/bin/make -f CMakeFiles/cmTC_38932.dir/build.make CMakeFiles/cmTC_38932.dir/build
make[1]: Entering directory '/home/ubuntu/ROS/nautonomous_ws4/build/catkin_tools_prebuild/CMakeFiles/CMakeTmp'
Building C object CMakeFiles/cmTC_38932.dir/CheckSymbolExists.c.o
/usr/bin/cc     -o CMakeFiles/cmTC_38932.dir/CheckSymbolExists.c.o   -c /home/ubuntu/ROS/nautonomous_ws4/build/catkin_tools_prebuild/CMakeFiles/CMakeTmp/CheckSymbolExists.c
Linking C executable cmTC_38932
/usr/bin/cmake -E cmake_link_script CMakeFiles/cmTC_38932.dir/link.txt --verbose=1
/usr/bin/cc       CMakeFiles/cmTC_38932.dir/CheckSymbolExists.c.o  -o cmTC_38932 -rdynamic 
CMakeFiles/cmTC_38932.dir/CheckSymbolExists.c.o: In function `main':
CheckSymbolExists.c:(.text+0x14): undefined reference to `pthread_create'
CheckSymbolExists.c:(.text+0x18): undefined reference to `pthread_create'
collect2: error: ld returned 1 exit status
CMakeFiles/cmTC_38932.dir/build.make:97: recipe for target 'cmTC_38932' failed
make[1]: *** [cmTC_38932] Error 1
make[1]: Leaving directory '/home/ubuntu/ROS/nautonomous_ws4/build/catkin_tools_prebuild/CMakeFiles/CMakeTmp'
Makefile:126: recipe for target 'cmTC_38932/fast' failed
make: *** [cmTC_38932/fast] Error 2

File /home/ubuntu/ROS/nautonomous_ws4/build/catkin_tools_prebuild/CMakeFiles/CMakeTmp/CheckSymbolExists.c:
/* */
#include <pthread.h>

int main(int argc, char** argv)
{
  (void)argv;
#ifndef pthread_create
  return ((int*)(&pthread_create))[argc];
#else
  (void)argc;
  return 0;
#endif
}

Determining if the function pthread_create exists in the pthreads failed with the following output:
Change Dir: /home/ubuntu/ROS/nautonomous_ws4/build/catkin_tools_prebuild/CMakeFiles/CMakeTmp

Run Build Command:"/usr/bin/make" "cmTC_ed5fa/fast"
/usr/bin/make -f CMakeFiles/cmTC_ed5fa.dir/build.make CMakeFiles/cmTC_ed5fa.dir/build
make[1]: Entering directory '/home/ubuntu/ROS/nautonomous_ws4/build/catkin_tools_prebuild/CMakeFiles/CMakeTmp'
Building C object CMakeFiles/cmTC_ed5fa.dir/CheckFunctionExists.c.o
/usr/bin/cc    -DCHECK_FUNCTION_EXISTS=pthread_create   -o CMakeFiles/cmTC_ed5fa.dir/CheckFunctionExists.c.o   -c /usr/share/cmake-3.5/Modules/CheckFunctionExists.c
Linking C executable cmTC_ed5fa
/usr/bin/cmake -E cmake_link_script CMakeFiles/cmTC_ed5fa.dir/link.txt --verbose=1
/usr/bin/cc   -DCHECK_FUNCTION_EXISTS=pthread_create    CMakeFiles/cmTC_ed5fa.dir/CheckFunctionExists.c.o  -o cmTC_ed5fa -rdynamic -lpthreads 
/usr/bin/ld: cannot find -lpthreads
collect2: error: ld returned 1 exit status
CMakeFiles/cmTC_ed5fa.dir/build.make:97: recipe for target 'cmTC_ed5fa' failed
make[1]: *** [cmTC_ed5fa] Error 1
make[1]: Leaving directory '/home/ubuntu/ROS/nautonomous_ws4/build/catkin_tools_prebuild/CMakeFiles/CMakeTmp'
Makefile:126: recipe for target 'cmTC_ed5fa/fast' failed
make: *** [cmTC_ed5fa/fast] Error 2


