Linked: (/home/ubuntu/ROS/nautonomous_ws4/devel/.private/nautonomous_navigation_navigate/include/nautonomous_navigation_navigate/AddTwoInts.h, /home/ubuntu/ROS/nautonomous_ws4/devel/include/nautonomous_navigation_navigate/AddTwoInts.h)
Linked: (/home/ubuntu/ROS/nautonomous_ws4/devel/.private/nautonomous_navigation_navigate/include/nautonomous_navigation_navigate/AddTwoIntsResponse.h, /home/ubuntu/ROS/nautonomous_ws4/devel/include/nautonomous_navigation_navigate/AddTwoIntsResponse.h)
Linked: (/home/ubuntu/ROS/nautonomous_ws4/devel/.private/nautonomous_navigation_navigate/include/nautonomous_navigation_navigate/AddTwoIntsRequest.h, /home/ubuntu/ROS/nautonomous_ws4/devel/include/nautonomous_navigation_navigate/AddTwoIntsRequest.h)
Linked: (/home/ubuntu/ROS/nautonomous_ws4/devel/.private/nautonomous_navigation_navigate/lib/nautonomous_navigation_navigate/add_two_ints_client, /home/ubuntu/ROS/nautonomous_ws4/devel/lib/nautonomous_navigation_navigate/add_two_ints_client)
Linked: (/home/ubuntu/ROS/nautonomous_ws4/devel/.private/nautonomous_navigation_navigate/lib/python2.7/dist-packages/nautonomous_navigation_navigate/__init__.py, /home/ubuntu/ROS/nautonomous_ws4/devel/lib/python2.7/dist-packages/nautonomous_navigation_navigate/__init__.py)
Linked: (/home/ubuntu/ROS/nautonomous_ws4/devel/.private/nautonomous_navigation_navigate/lib/python2.7/dist-packages/nautonomous_navigation_navigate/srv/_AddTwoInts.py, /home/ubuntu/ROS/nautonomous_ws4/devel/lib/python2.7/dist-packages/nautonomous_navigation_navigate/srv/_AddTwoInts.py)
Linked: (/home/ubuntu/ROS/nautonomous_ws4/devel/.private/nautonomous_navigation_navigate/lib/python2.7/dist-packages/nautonomous_navigation_navigate/srv/__init__.py, /home/ubuntu/ROS/nautonomous_ws4/devel/lib/python2.7/dist-packages/nautonomous_navigation_navigate/srv/__init__.py)
Linked: (/home/ubuntu/ROS/nautonomous_ws4/devel/.private/nautonomous_navigation_navigate/lib/pkgconfig/nautonomous_navigation_navigate.pc, /home/ubuntu/ROS/nautonomous_ws4/devel/lib/pkgconfig/nautonomous_navigation_navigate.pc)
Linked: (/home/ubuntu/ROS/nautonomous_ws4/devel/.private/nautonomous_navigation_navigate/share/common-lisp/ros/nautonomous_navigation_navigate/srv/_package.lisp, /home/ubuntu/ROS/nautonomous_ws4/devel/share/common-lisp/ros/nautonomous_navigation_navigate/srv/_package.lisp)
Linked: (/home/ubuntu/ROS/nautonomous_ws4/devel/.private/nautonomous_navigation_navigate/share/common-lisp/ros/nautonomous_navigation_navigate/srv/AddTwoInts.lisp, /home/ubuntu/ROS/nautonomous_ws4/devel/share/common-lisp/ros/nautonomous_navigation_navigate/srv/AddTwoInts.lisp)
Linked: (/home/ubuntu/ROS/nautonomous_ws4/devel/.private/nautonomous_navigation_navigate/share/common-lisp/ros/nautonomous_navigation_navigate/srv/_package_AddTwoInts.lisp, /home/ubuntu/ROS/nautonomous_ws4/devel/share/common-lisp/ros/nautonomous_navigation_navigate/srv/_package_AddTwoInts.lisp)
Linked: (/home/ubuntu/ROS/nautonomous_ws4/devel/.private/nautonomous_navigation_navigate/share/common-lisp/ros/nautonomous_navigation_navigate/srv/nautonomous_navigation_navigate-srv.asd, /home/ubuntu/ROS/nautonomous_ws4/devel/share/common-lisp/ros/nautonomous_navigation_navigate/srv/nautonomous_navigation_navigate-srv.asd)
Linked: (/home/ubuntu/ROS/nautonomous_ws4/devel/.private/nautonomous_navigation_navigate/share/nautonomous_navigation_navigate/cmake/nautonomous_navigation_navigate-msg-paths.cmake, /home/ubuntu/ROS/nautonomous_ws4/devel/share/nautonomous_navigation_navigate/cmake/nautonomous_navigation_navigate-msg-paths.cmake)
Linked: (/home/ubuntu/ROS/nautonomous_ws4/devel/.private/nautonomous_navigation_navigate/share/nautonomous_navigation_navigate/cmake/nautonomous_navigation_navigateConfig-version.cmake, /home/ubuntu/ROS/nautonomous_ws4/devel/share/nautonomous_navigation_navigate/cmake/nautonomous_navigation_navigateConfig-version.cmake)
Linked: (/home/ubuntu/ROS/nautonomous_ws4/devel/.private/nautonomous_navigation_navigate/share/nautonomous_navigation_navigate/cmake/nautonomous_navigation_navigate-msg-extras.cmake, /home/ubuntu/ROS/nautonomous_ws4/devel/share/nautonomous_navigation_navigate/cmake/nautonomous_navigation_navigate-msg-extras.cmake)
Linked: (/home/ubuntu/ROS/nautonomous_ws4/devel/.private/nautonomous_navigation_navigate/share/nautonomous_navigation_navigate/cmake/nautonomous_navigation_navigateConfig.cmake, /home/ubuntu/ROS/nautonomous_ws4/devel/share/nautonomous_navigation_navigate/cmake/nautonomous_navigation_navigateConfig.cmake)
Linked: (/home/ubuntu/ROS/nautonomous_ws4/devel/.private/nautonomous_navigation_navigate/share/gennodejs/ros/nautonomous_navigation_navigate/base_serialize.js, /home/ubuntu/ROS/nautonomous_ws4/devel/share/gennodejs/ros/nautonomous_navigation_navigate/base_serialize.js)
Linked: (/home/ubuntu/ROS/nautonomous_ws4/devel/.private/nautonomous_navigation_navigate/share/gennodejs/ros/nautonomous_navigation_navigate/base_deserialize.js, /home/ubuntu/ROS/nautonomous_ws4/devel/share/gennodejs/ros/nautonomous_navigation_navigate/base_deserialize.js)
Linked: (/home/ubuntu/ROS/nautonomous_ws4/devel/.private/nautonomous_navigation_navigate/share/gennodejs/ros/nautonomous_navigation_navigate/find.js, /home/ubuntu/ROS/nautonomous_ws4/devel/share/gennodejs/ros/nautonomous_navigation_navigate/find.js)
Linked: (/home/ubuntu/ROS/nautonomous_ws4/devel/.private/nautonomous_navigation_navigate/share/gennodejs/ros/nautonomous_navigation_navigate/_index.js, /home/ubuntu/ROS/nautonomous_ws4/devel/share/gennodejs/ros/nautonomous_navigation_navigate/_index.js)
Linked: (/home/ubuntu/ROS/nautonomous_ws4/devel/.private/nautonomous_navigation_navigate/share/gennodejs/ros/nautonomous_navigation_navigate/srv/AddTwoInts.js, /home/ubuntu/ROS/nautonomous_ws4/devel/share/gennodejs/ros/nautonomous_navigation_navigate/srv/AddTwoInts.js)
Linked: (/home/ubuntu/ROS/nautonomous_ws4/devel/.private/nautonomous_navigation_navigate/share/gennodejs/ros/nautonomous_navigation_navigate/srv/_index.js, /home/ubuntu/ROS/nautonomous_ws4/devel/share/gennodejs/ros/nautonomous_navigation_navigate/srv/_index.js)
Linked: (/home/ubuntu/ROS/nautonomous_ws4/devel/.private/nautonomous_navigation_navigate/share/roseus/ros/nautonomous_navigation_navigate/manifest.l, /home/ubuntu/ROS/nautonomous_ws4/devel/share/roseus/ros/nautonomous_navigation_navigate/manifest.l)
Linked: (/home/ubuntu/ROS/nautonomous_ws4/devel/.private/nautonomous_navigation_navigate/share/roseus/ros/nautonomous_navigation_navigate/srv/AddTwoInts.l, /home/ubuntu/ROS/nautonomous_ws4/devel/share/roseus/ros/nautonomous_navigation_navigate/srv/AddTwoInts.l)
