Determining if the pthread_create exist failed with the following output:
Change Dir: /home/ubuntu/ROS/nautonomous_ws4/build/nautonomous_operation_action_client/CMakeFiles/CMakeTmp

Run Build Command:"/usr/bin/make" "cmTC_02cd7/fast"
/usr/bin/make -f CMakeFiles/cmTC_02cd7.dir/build.make CMakeFiles/cmTC_02cd7.dir/build
make[1]: Entering directory '/home/ubuntu/ROS/nautonomous_ws4/build/nautonomous_operation_action_client/CMakeFiles/CMakeTmp'
Building C object CMakeFiles/cmTC_02cd7.dir/CheckSymbolExists.c.o
/usr/bin/cc     -o CMakeFiles/cmTC_02cd7.dir/CheckSymbolExists.c.o   -c /home/ubuntu/ROS/nautonomous_ws4/build/nautonomous_operation_action_client/CMakeFiles/CMakeTmp/CheckSymbolExists.c
Linking C executable cmTC_02cd7
/usr/bin/cmake -E cmake_link_script CMakeFiles/cmTC_02cd7.dir/link.txt --verbose=1
/usr/bin/cc       CMakeFiles/cmTC_02cd7.dir/CheckSymbolExists.c.o  -o cmTC_02cd7 -rdynamic 
CMakeFiles/cmTC_02cd7.dir/CheckSymbolExists.c.o: In function `main':
CheckSymbolExists.c:(.text+0x14): undefined reference to `pthread_create'
CheckSymbolExists.c:(.text+0x18): undefined reference to `pthread_create'
collect2: error: ld returned 1 exit status
CMakeFiles/cmTC_02cd7.dir/build.make:97: recipe for target 'cmTC_02cd7' failed
make[1]: *** [cmTC_02cd7] Error 1
make[1]: Leaving directory '/home/ubuntu/ROS/nautonomous_ws4/build/nautonomous_operation_action_client/CMakeFiles/CMakeTmp'
Makefile:126: recipe for target 'cmTC_02cd7/fast' failed
make: *** [cmTC_02cd7/fast] Error 2

File /home/ubuntu/ROS/nautonomous_ws4/build/nautonomous_operation_action_client/CMakeFiles/CMakeTmp/CheckSymbolExists.c:
/* */
#include <pthread.h>

int main(int argc, char** argv)
{
  (void)argv;
#ifndef pthread_create
  return ((int*)(&pthread_create))[argc];
#else
  (void)argc;
  return 0;
#endif
}

Determining if the function pthread_create exists in the pthreads failed with the following output:
Change Dir: /home/ubuntu/ROS/nautonomous_ws4/build/nautonomous_operation_action_client/CMakeFiles/CMakeTmp

Run Build Command:"/usr/bin/make" "cmTC_567d2/fast"
/usr/bin/make -f CMakeFiles/cmTC_567d2.dir/build.make CMakeFiles/cmTC_567d2.dir/build
make[1]: Entering directory '/home/ubuntu/ROS/nautonomous_ws4/build/nautonomous_operation_action_client/CMakeFiles/CMakeTmp'
Building C object CMakeFiles/cmTC_567d2.dir/CheckFunctionExists.c.o
/usr/bin/cc    -DCHECK_FUNCTION_EXISTS=pthread_create   -o CMakeFiles/cmTC_567d2.dir/CheckFunctionExists.c.o   -c /usr/share/cmake-3.5/Modules/CheckFunctionExists.c
Linking C executable cmTC_567d2
/usr/bin/cmake -E cmake_link_script CMakeFiles/cmTC_567d2.dir/link.txt --verbose=1
/usr/bin/cc   -DCHECK_FUNCTION_EXISTS=pthread_create    CMakeFiles/cmTC_567d2.dir/CheckFunctionExists.c.o  -o cmTC_567d2 -rdynamic -lpthreads 
/usr/bin/ld: cannot find -lpthreads
collect2: error: ld returned 1 exit status
CMakeFiles/cmTC_567d2.dir/build.make:97: recipe for target 'cmTC_567d2' failed
make[1]: *** [cmTC_567d2] Error 1
make[1]: Leaving directory '/home/ubuntu/ROS/nautonomous_ws4/build/nautonomous_operation_action_client/CMakeFiles/CMakeTmp'
Makefile:126: recipe for target 'cmTC_567d2/fast' failed
make: *** [cmTC_567d2/fast] Error 2


