Determining if the pthread_create exist failed with the following output:
Change Dir: /home/ubuntu/ROS/nautonomous_ws5/WaternetNautonomous/build/nautonomous_actuation_selector/CMakeFiles/CMakeTmp

Run Build Command:"/usr/bin/make" "cmTC_6ce9a/fast"
/usr/bin/make -f CMakeFiles/cmTC_6ce9a.dir/build.make CMakeFiles/cmTC_6ce9a.dir/build
make[1]: Entering directory '/home/ubuntu/ROS/nautonomous_ws5/WaternetNautonomous/build/nautonomous_actuation_selector/CMakeFiles/CMakeTmp'
Building C object CMakeFiles/cmTC_6ce9a.dir/CheckSymbolExists.c.o
/usr/bin/cc     -o CMakeFiles/cmTC_6ce9a.dir/CheckSymbolExists.c.o   -c /home/ubuntu/ROS/nautonomous_ws5/WaternetNautonomous/build/nautonomous_actuation_selector/CMakeFiles/CMakeTmp/CheckSymbolExists.c
Linking C executable cmTC_6ce9a
/usr/bin/cmake -E cmake_link_script CMakeFiles/cmTC_6ce9a.dir/link.txt --verbose=1
/usr/bin/cc       CMakeFiles/cmTC_6ce9a.dir/CheckSymbolExists.c.o  -o cmTC_6ce9a -rdynamic 
CMakeFiles/cmTC_6ce9a.dir/CheckSymbolExists.c.o: In function `main':
CheckSymbolExists.c:(.text+0x14): undefined reference to `pthread_create'
CheckSymbolExists.c:(.text+0x18): undefined reference to `pthread_create'
collect2: error: ld returned 1 exit status
CMakeFiles/cmTC_6ce9a.dir/build.make:97: recipe for target 'cmTC_6ce9a' failed
make[1]: *** [cmTC_6ce9a] Error 1
make[1]: Leaving directory '/home/ubuntu/ROS/nautonomous_ws5/WaternetNautonomous/build/nautonomous_actuation_selector/CMakeFiles/CMakeTmp'
Makefile:126: recipe for target 'cmTC_6ce9a/fast' failed
make: *** [cmTC_6ce9a/fast] Error 2

File /home/ubuntu/ROS/nautonomous_ws5/WaternetNautonomous/build/nautonomous_actuation_selector/CMakeFiles/CMakeTmp/CheckSymbolExists.c:
/* */
#include <pthread.h>

int main(int argc, char** argv)
{
  (void)argv;
#ifndef pthread_create
  return ((int*)(&pthread_create))[argc];
#else
  (void)argc;
  return 0;
#endif
}

Determining if the function pthread_create exists in the pthreads failed with the following output:
Change Dir: /home/ubuntu/ROS/nautonomous_ws5/WaternetNautonomous/build/nautonomous_actuation_selector/CMakeFiles/CMakeTmp

Run Build Command:"/usr/bin/make" "cmTC_e39be/fast"
/usr/bin/make -f CMakeFiles/cmTC_e39be.dir/build.make CMakeFiles/cmTC_e39be.dir/build
make[1]: Entering directory '/home/ubuntu/ROS/nautonomous_ws5/WaternetNautonomous/build/nautonomous_actuation_selector/CMakeFiles/CMakeTmp'
Building C object CMakeFiles/cmTC_e39be.dir/CheckFunctionExists.c.o
/usr/bin/cc    -DCHECK_FUNCTION_EXISTS=pthread_create   -o CMakeFiles/cmTC_e39be.dir/CheckFunctionExists.c.o   -c /usr/share/cmake-3.5/Modules/CheckFunctionExists.c
Linking C executable cmTC_e39be
/usr/bin/cmake -E cmake_link_script CMakeFiles/cmTC_e39be.dir/link.txt --verbose=1
/usr/bin/cc   -DCHECK_FUNCTION_EXISTS=pthread_create    CMakeFiles/cmTC_e39be.dir/CheckFunctionExists.c.o  -o cmTC_e39be -rdynamic -lpthreads 
/usr/bin/ld: cannot find -lpthreads
collect2: error: ld returned 1 exit status
CMakeFiles/cmTC_e39be.dir/build.make:97: recipe for target 'cmTC_e39be' failed
make[1]: *** [cmTC_e39be] Error 1
make[1]: Leaving directory '/home/ubuntu/ROS/nautonomous_ws5/WaternetNautonomous/build/nautonomous_actuation_selector/CMakeFiles/CMakeTmp'
Makefile:126: recipe for target 'cmTC_e39be/fast' failed
make: *** [cmTC_e39be/fast] Error 2


